[32mINFO    [0m juju.model:model.py:2958 Waiting for model:
  pg (waiting for exactly 3 units, current : 4)
[32mINFO    [0m juju.model:model.py:2958 Waiting for model:
  pg/1 [idle] active: 
  pg/2 [executing] active: 
  pg/3 [idle] active: 
[32mINFO    [0m juju.model:model.py:2958 Waiting for model:
  pg/1 [idle] active: 
  pg/2 [idle] active: 
  pg/3 [idle] active: 
[32mINFO    [0m juju.model:model.py:2958 Waiting for model:
  landscape-client/1 [idle] active: Client registered!
  landscape-client/3 [idle] active: Client registered!
  landscape-client/4 [idle] active: Client registered!
  ubuntu-advantage/0 [idle] active: Attached (esm-apps,esm-infra)
  ubuntu-advantage/2 [idle] active: Attached (esm-apps,esm-infra)
  ubuntu-advantage/3 [idle] active: Attached (esm-apps,esm-infra)
  pg/1 [idle] active: 
  pg/2 [idle] active: 
  pg/3 [idle] active:
[32mINFO    [0m pytest_operator.plugin:plugin.py:834 Model status:

Model  Controller           Cloud/Region         Version  SLA          Timestamp
test   localhost-localhost  localhost/localhost  3.1.7    unsupported  01:55:37Z

App               Version  Status  Scale  Charm             Channel        Rev  Exposed  Message
haproxy                    active      1  haproxy           stable          75  yes      Unit is ready
landscape-client           active      3  landscape-client  latest/stable   69  no       Client registered!
landscape-server           active      1  landscape-server  stable         111  no       Unit is ready
pg                14.11    active      3  postgresql                         0  no       
postgresql        14.11    active      1  postgresql        latest/stable  345  no       Live master (14.11)
rabbitmq-server   3.9.13   active      1  rabbitmq-server   3.9/stable     183  no       Unit is ready
ubuntu-advantage           active      3  ubuntu-advantage  latest/stable   79  no       Attached (esm-apps,esm-infra)

Unit                   Workload  Agent  Machine  Public address  Ports           Message
haproxy/0*             active    idle   0        10.210.67.210   80,443/tcp      Unit is ready
landscape-server/0*    active    idle   1        10.210.67.135                   Unit is ready
pg/1                   active    idle   5        10.210.67.107   5432/tcp        
  landscape-client/3   active    idle            10.210.67.107                   Client registered!
  ubuntu-advantage/2   active    idle            10.210.67.107                   Attached (esm-apps,esm-infra)
pg/2*                  active    idle   6        10.210.67.31    5432/tcp        
  landscape-client/1*  active    idle            10.210.67.31                    Client registered!
  ubuntu-advantage/0*  active    idle            10.210.67.31                    Attached (esm-apps,esm-infra)
pg/3                   active    idle   7        10.210.67.244   5432/tcp        
  landscape-client/4   active    idle            10.210.67.244                   Client registered!
  ubuntu-advantage/3   active    idle            10.210.67.244                   Attached (esm-apps,esm-infra)
postgresql/0*          active    idle   2        10.210.67.173   5432/tcp        Live master (14.11)
rabbitmq-server/0*     active    idle   3        10.210.67.253   5672,15672/tcp  Unit is ready

Machine  State    Address        Inst id        Base          AZ  Message
0        started  10.210.67.210  juju-3a1837-0  ubuntu@22.04      Running
1        started  10.210.67.135  juju-3a1837-1  ubuntu@22.04      Running
2        started  10.210.67.173  juju-3a1837-2  ubuntu@22.04      Running
3        started  10.210.67.253  juju-3a1837-3  ubuntu@22.04      Running
5        started  10.210.67.107  juju-3a1837-5  ubuntu@22.04      Running
6        started  10.210.67.31   juju-3a1837-6  ubuntu@22.04      Running
7        started  10.210.67.244  juju-3a1837-7  ubuntu@22.04      Running

[32mINFO    [0m pytest_operator.plugin:plugin.py:840 Juju error logs:

machine-0: 01:34:53 ERROR juju.worker.dependency "lxd-container-provisioner" manifold worker returned unexpected error: container types not yet available
machine-0: 01:34:53 ERROR juju.worker.dependency "kvm-container-provisioner" manifold worker returned unexpected error: container types not yet available
machine-0: 01:34:53 ERROR juju.worker.dependency "broker-tracker" manifold worker returned unexpected error: no container types determined
unit-haproxy-0: 01:34:54 ERROR juju.worker.meterstatus error running "meter-status-changed": charm missing from disk
machine-3: 01:35:12 ERROR juju.worker.dependency "kvm-container-provisioner" manifold worker returned unexpected error: container types not yet available
machine-3: 01:35:12 ERROR juju.worker.dependency "broker-tracker" manifold worker returned unexpected error: no container types determined
machine-3: 01:35:12 ERROR juju.worker.dependency "lxd-container-provisioner" manifold worker returned unexpected error: container types not yet available
unit-rabbitmq-server-0: 01:35:14 ERROR juju.worker.meterstatus error running "meter-status-changed": charm missing from disk
machine-4: 01:35:18 ERROR juju.worker.dependency "lxd-container-provisioner" manifold worker returned unexpected error: container types not yet available
machine-4: 01:35:18 ERROR juju.worker.dependency "kvm-container-provisioner" manifold worker returned unexpected error: container types not yet available
machine-4: 01:35:18 ERROR juju.worker.dependency "broker-tracker" manifold worker returned unexpected error: no container types determined
unit-pg-0: 01:35:19 ERROR juju.worker.meterstatus error running "meter-status-changed": charm missing from disk
machine-1: 01:35:21 ERROR juju.worker.dependency "kvm-container-provisioner" manifold worker returned unexpected error: container types not yet available
machine-1: 01:35:21 ERROR juju.worker.dependency "lxd-container-provisioner" manifold worker returned unexpected error: container types not yet available
machine-1: 01:35:21 ERROR juju.worker.dependency "broker-tracker" manifold worker returned unexpected error: no container types determined
unit-landscape-server-0: 01:35:22 ERROR juju.worker.meterstatus error running "meter-status-changed": charm missing from disk
machine-5: 01:35:25 ERROR juju.worker.dependency "lxd-container-provisioner" manifold worker returned unexpected error: container types not yet available
machine-5: 01:35:25 ERROR juju.worker.dependency "broker-tracker" manifold worker returned unexpected error: no container types determined
machine-5: 01:35:25 ERROR juju.worker.dependency "kvm-container-provisioner" manifold worker returned unexpected error: container types not yet available
machine-6: 01:35:27 ERROR juju.worker.dependency "lxd-container-provisioner" manifold worker returned unexpected error: container types not yet available
machine-6: 01:35:27 ERROR juju.worker.dependency "kvm-container-provisioner" manifold worker returned unexpected error: container types not yet available
machine-6: 01:35:27 ERROR juju.worker.dependency "broker-tracker" manifold worker returned unexpected error: no container types determined
machine-2: 01:35:27 ERROR juju.worker.dependency "kvm-container-provisioner" manifold worker returned unexpected error: container types not yet available
machine-2: 01:35:27 ERROR juju.worker.dependency "lxd-container-provisioner" manifold worker returned unexpected error: container types not yet available
machine-2: 01:35:28 ERROR juju.worker.dependency "broker-tracker" manifold worker returned unexpected error: no container types determined
unit-pg-1: 01:35:29 ERROR juju.worker.meterstatus error running "meter-status-changed": charm missing from disk
unit-pg-2: 01:35:30 ERROR juju.worker.meterstatus error running "meter-status-changed": charm missing from disk
unit-postgresql-0: 01:35:30 ERROR juju.worker.meterstatus error running "meter-status-changed": charm missing from disk
unit-postgresql-0: 01:38:53 ERROR unit.postgresql/0.juju-log Unable to find implementation for relation: provides of block-storage
unit-postgresql-0: 01:38:53 ERROR unit.postgresql/0.juju-log Unable to find implementation for relation: provides of local-monitors
unit-postgresql-0: 01:38:53 ERROR unit.postgresql/0.juju-log Unable to find implementation for relation: provides of pgreplication
unit-postgresql-0: 01:38:53 ERROR unit.postgresql/0.juju-log Unable to find implementation for relation: peers of pgpeer
unit-landscape-server-0: 01:39:21 ERROR unit.landscape-server/0.juju-log Bootstrap account waiting on default root url..
unit-postgresql-0: 01:39:31 ERROR unit.postgresql/0.juju-log coordinator:3: Unable to find implementation for relation: provides of block-storage
unit-postgresql-0: 01:39:31 ERROR unit.postgresql/0.juju-log coordinator:3: Unable to find implementation for relation: provides of local-monitors
unit-postgresql-0: 01:39:31 ERROR unit.postgresql/0.juju-log coordinator:3: Unable to find implementation for relation: provides of pgreplication
unit-postgresql-0: 01:39:31 ERROR unit.postgresql/0.juju-log coordinator:3: Unable to find implementation for relation: peers of pgpeer
unit-postgresql-0: 01:39:42 ERROR unit.postgresql/0.juju-log replication:4: Unable to find implementation for relation: provides of block-storage
unit-postgresql-0: 01:39:42 ERROR unit.postgresql/0.juju-log replication:4: Unable to find implementation for relation: provides of local-monitors
unit-postgresql-0: 01:39:42 ERROR unit.postgresql/0.juju-log replication:4: Unable to find implementation for relation: provides of pgreplication
unit-postgresql-0: 01:39:42 ERROR unit.postgresql/0.juju-log replication:4: Unable to find implementation for relation: peers of pgpeer
unit-postgresql-0: 01:39:51 ERROR unit.postgresql/0.juju-log db-admin:7: Unable to find implementation for relation: provides of block-storage
unit-postgresql-0: 01:39:51 ERROR unit.postgresql/0.juju-log db-admin:7: Unable to find implementation for relation: provides of local-monitors
unit-postgresql-0: 01:39:51 ERROR unit.postgresql/0.juju-log db-admin:7: Unable to find implementation for relation: provides of pgreplication
unit-postgresql-0: 01:39:51 ERROR unit.postgresql/0.juju-log db-admin:7: Unable to find implementation for relation: peers of pgpeer
unit-postgresql-0: 01:39:59 ERROR unit.postgresql/0.juju-log Unable to find implementation for relation: provides of block-storage
unit-postgresql-0: 01:39:59 ERROR unit.postgresql/0.juju-log Unable to find implementation for relation: provides of local-monitors
unit-postgresql-0: 01:39:59 ERROR unit.postgresql/0.juju-log Unable to find implementation for relation: provides of pgreplication
unit-postgresql-0: 01:39:59 ERROR unit.postgresql/0.juju-log Unable to find implementation for relation: peers of pgpeer
unit-postgresql-0: 01:40:01 ERROR unit.postgresql/0.juju-log Unable to find implementation for relation: provides of block-storage
unit-postgresql-0: 01:40:01 ERROR unit.postgresql/0.juju-log Unable to find implementation for relation: provides of local-monitors
unit-postgresql-0: 01:40:01 ERROR unit.postgresql/0.juju-log Unable to find implementation for relation: provides of pgreplication
unit-postgresql-0: 01:40:01 ERROR unit.postgresql/0.juju-log Unable to find implementation for relation: peers of pgpeer
unit-postgresql-0: 01:40:09 ERROR unit.postgresql/0.juju-log Unable to find implementation for relation: provides of block-storage
unit-postgresql-0: 01:40:09 ERROR unit.postgresql/0.juju-log Unable to find implementation for relation: provides of local-monitors
unit-postgresql-0: 01:40:09 ERROR unit.postgresql/0.juju-log Unable to find implementation for relation: provides of pgreplication
unit-postgresql-0: 01:40:09 ERROR unit.postgresql/0.juju-log Unable to find implementation for relation: peers of pgpeer
unit-postgresql-0: 01:40:17 ERROR unit.postgresql/0.juju-log db-admin:7: Unable to find implementation for relation: provides of block-storage
unit-postgresql-0: 01:40:17 ERROR unit.postgresql/0.juju-log db-admin:7: Unable to find implementation for relation: provides of local-monitors
unit-postgresql-0: 01:40:17 ERROR unit.postgresql/0.juju-log db-admin:7: Unable to find implementation for relation: provides of pgreplication
unit-postgresql-0: 01:40:17 ERROR unit.postgresql/0.juju-log db-admin:7: Unable to find implementation for relation: peers of pgpeer
unit-postgresql-0: 01:40:28 ERROR unit.postgresql/0.juju-log db-admin:7: Unable to find implementation for relation: provides of block-storage
unit-postgresql-0: 01:40:28 ERROR unit.postgresql/0.juju-log db-admin:7: Unable to find implementation for relation: provides of local-monitors
unit-postgresql-0: 01:40:28 ERROR unit.postgresql/0.juju-log db-admin:7: Unable to find implementation for relation: provides of pgreplication
unit-postgresql-0: 01:40:28 ERROR unit.postgresql/0.juju-log db-admin:7: Unable to find implementation for relation: peers of pgpeer
unit-pg-0: 01:41:42 ERROR unit.pg/0.juju-log database-peers:8: Failed to list PostgreSQL database users: could not translate host name "None" to address: Temporary failure in name resolution

unit-postgresql-0: 01:44:09 ERROR unit.postgresql/0.juju-log Unable to find implementation for relation: provides of block-storage
unit-postgresql-0: 01:44:09 ERROR unit.postgresql/0.juju-log Unable to find implementation for relation: provides of local-monitors
unit-postgresql-0: 01:44:09 ERROR unit.postgresql/0.juju-log Unable to find implementation for relation: provides of pgreplication
unit-postgresql-0: 01:44:09 ERROR unit.postgresql/0.juju-log Unable to find implementation for relation: peers of pgpeer
unit-landscape-client-1: 01:46:39 ERROR juju.worker.meterstatus error running "meter-status-changed": charm missing from disk
unit-landscape-client-2: 01:46:39 ERROR juju.worker.meterstatus error running "meter-status-changed": charm missing from disk
unit-landscape-client-3: 01:46:39 ERROR juju.worker.meterstatus error running "meter-status-changed": charm missing from disk
unit-ubuntu-advantage-0: 01:46:39 ERROR juju.worker.meterstatus error running "meter-status-changed": charm missing from disk
unit-ubuntu-advantage-1: 01:46:39 ERROR juju.worker.meterstatus error running "meter-status-changed": charm missing from disk
unit-ubuntu-advantage-2: 01:46:52 ERROR unit.unit-ubuntu-advantage-2.juju-log Uncaught exception while in charm code:
Traceback (most recent call last):
  File "/var/lib/juju/agents/unit-ubuntu-advantage-2/charm/venv/ops/model.py", line 2183, in _run
    result = run(args, **kwargs)
  File "/usr/lib/python3.10/subprocess.py", line 526, in run
    raise CalledProcessError(retcode, process.args,
subprocess.CalledProcessError: Command '('/var/lib/juju/tools/unit-ubuntu-advantage-2/config-get', '--format=json')' returned non-zero exit status 1.

During handling of the above exception, another exception occurred:

Traceback (most recent call last):
  File "/var/lib/juju/agents/unit-ubuntu-advantage-2/charm/./src/charm.py", line 210, in <module>
    main(UbuntuAdvantageCharm)
  File "/var/lib/juju/agents/unit-ubuntu-advantage-2/charm/venv/ops/main.py", line 426, in main
    charm = charm_class(framework)
  File "/var/lib/juju/agents/unit-ubuntu-advantage-2/charm/./src/charm.py", line 69, in __init__
    self._setup_proxy_env()
  File "/var/lib/juju/agents/unit-ubuntu-advantage-2/charm/./src/charm.py", line 79, in _setup_proxy_env
    self.env["http_proxy"] = self.config.get("override-http-proxy") or self.env.get(
  File "/usr/lib/python3.10/_collections_abc.py", line 824, in get
    return self[key]
  File "/var/lib/juju/agents/unit-ubuntu-advantage-2/charm/venv/ops/model.py", line 547, in __getitem__
    return self._data[key]
  File "/var/lib/juju/agents/unit-ubuntu-advantage-2/charm/venv/ops/model.py", line 531, in _data
    data = self._lazy_data = self._load()
  File "/var/lib/juju/agents/unit-ubuntu-advantage-2/charm/venv/ops/model.py", line 1092, in _load
    return self._backend.config_get()
  File "/var/lib/juju/agents/unit-ubuntu-advantage-2/charm/venv/ops/model.py", line 2299, in config_get
    out = self._run('config-get', return_output=True, use_json=True)
  File "/var/lib/juju/agents/unit-ubuntu-advantage-2/charm/venv/ops/model.py", line 2189, in _run
    raise ModelError(e.stderr)
ops.model.ModelError: b'ERROR not implemented for restricted context not implemented\n'
unit-ubuntu-advantage-2: 01:46:52 ERROR juju.worker.meterstatus error running "meter-status-changed": exit status 1
unit-postgresql-0: 01:48:26 ERROR unit.postgresql/0.juju-log Unable to find implementation for relation: provides of block-storage
unit-postgresql-0: 01:48:26 ERROR unit.postgresql/0.juju-log Unable to find implementation for relation: provides of local-monitors
unit-postgresql-0: 01:48:26 ERROR unit.postgresql/0.juju-log Unable to find implementation for relation: provides of pgreplication
unit-postgresql-0: 01:48:26 ERROR unit.postgresql/0.juju-log Unable to find implementation for relation: peers of pgpeer
machine-7: 01:49:08 ERROR juju.worker.dependency "broker-tracker" manifold worker returned unexpected error: no container types determined
machine-7: 01:49:08 ERROR juju.worker.dependency "lxd-container-provisioner" manifold worker returned unexpected error: container types not yet available
machine-7: 01:49:08 ERROR juju.worker.dependency "kvm-container-provisioner" manifold worker returned unexpected error: container types not yet available
unit-pg-3: 01:49:08 ERROR juju.worker.meterstatus error running "meter-status-changed": charm missing from disk
unit-landscape-client-4: 01:49:50 ERROR juju.worker.meterstatus error running "meter-status-changed": exit status 127
unit-ubuntu-advantage-3: 01:49:51 ERROR juju.worker.meterstatus error running "meter-status-changed": exit status 1
unit-postgresql-0: 01:52:49 ERROR unit.postgresql/0.juju-log Unable to find implementation for relation: provides of block-storage
unit-postgresql-0: 01:52:49 ERROR unit.postgresql/0.juju-log Unable to find implementation for relation: provides of local-monitors
unit-postgresql-0: 01:52:49 ERROR unit.postgresql/0.juju-log Unable to find implementation for relation: provides of pgreplication
unit-postgresql-0: 01:52:49 ERROR unit.postgresql/0.juju-log Unable to find implementation for relation: peers of pgpeer

[32mINFO    [0m pytest_operator.plugin:plugin.py:904 Forgetting main...