[32mINFO    [0m pytest_operator.plugin:plugin.py:862 Model status:

Model  Controller           Cloud/Region         Version  SLA          Timestamp
test   localhost-localhost  localhost/localhost  3.4.4    unsupported  02:10:52Z

App                  Version  Status  Scale  Charm                Channel      Rev  Exposed  Message
postgresql           14.12    active      3  postgresql                          0  no       
postgresql-test-app           active      1  postgresql-test-app  latest/edge  180  no       received database credentials of the first database

Unit                    Workload  Agent  Machine  Public address  Ports     Message
postgresql-test-app/0*  active    idle   3        10.92.159.176             received database credentials of the first database
postgresql/0*           active    idle   0        10.92.159.223   5432/tcp  Primary
postgresql/2            active    idle   2        10.92.159.55    5432/tcp  
postgresql/3            active    idle   4        10.92.159.33    5432/tcp  

Machine  State    Address        Inst id        Base          AZ  Message
0        started  10.92.159.223  juju-707925-0  ubuntu@22.04      Running
2        started  10.92.159.55   juju-707925-2  ubuntu@22.04      Running
3        started  10.92.159.176  juju-707925-3  ubuntu@22.04      Running
4        started  10.92.159.33   juju-707925-4  ubuntu@22.04      Running

[32mINFO    [0m pytest_operator.plugin:plugin.py:868 Juju error logs:

machine-0: 01:39:44 ERROR juju.worker.dependency "kvm-container-provisioner" manifold worker returned unexpected error: container types not yet available
machine-0: 01:39:44 ERROR juju.worker.dependency "lxd-container-provisioner" manifold worker returned unexpected error: container types not yet available
unit-postgresql-0: 01:39:44 ERROR juju.worker.meterstatus error running "meter-status-changed": charm missing from disk
machine-2: 01:39:47 ERROR juju.worker.dependency "lxd-container-provisioner" manifold worker returned unexpected error: container types not yet available
machine-2: 01:39:47 ERROR juju.worker.dependency "kvm-container-provisioner" manifold worker returned unexpected error: container types not yet available
unit-postgresql-2: 01:39:47 ERROR juju.worker.meterstatus error running "meter-status-changed": charm missing from disk
machine-1: 01:39:48 ERROR juju.worker.dependency "kvm-container-provisioner" manifold worker returned unexpected error: container types not yet available
machine-1: 01:39:48 ERROR juju.worker.dependency "lxd-container-provisioner" manifold worker returned unexpected error: container types not yet available
unit-postgresql-1: 01:39:49 ERROR juju.worker.meterstatus error running "meter-status-changed": charm missing from disk
machine-3: 01:39:52 ERROR juju.worker.dependency "kvm-container-provisioner" manifold worker returned unexpected error: container types not yet available
machine-3: 01:39:52 ERROR juju.worker.dependency "lxd-container-provisioner" manifold worker returned unexpected error: container types not yet available
unit-postgresql-test-app-0: 01:39:52 ERROR juju.worker.meterstatus error running "meter-status-changed": charm missing from disk
machine-4: 01:52:23 ERROR juju.worker.dependency "kvm-container-provisioner" manifold worker returned unexpected error: container types not yet available
machine-4: 01:52:23 ERROR juju.worker.dependency "lxd-container-provisioner" manifold worker returned unexpected error: container types not yet available
unit-postgresql-3: 01:52:23 ERROR juju.worker.meterstatus error running "meter-status-changed": charm missing from disk
unit-postgresql-0: 01:58:01 ERROR unit.postgresql/0.juju-log Failed to list PostgreSQL database users: connection to server at "10.92.159.33", port 5432 failed: timeout expired

unit-postgresql-0: 01:58:11 ERROR unit.postgresql/0.juju-log Failed to list PostgreSQL database users: connection to server at "10.92.159.33", port 5432 failed: timeout expired

unit-postgresql-test-app-0: 02:02:02 ERROR unit.postgresql-test-app/0.juju-log first-database:4: Unable to read result
Traceback (most recent call last):
  File "/var/lib/juju/agents/unit-postgresql-test-app-0/charm/./src/charm.py", line 371, in _stop_continuous_writes
    with open(LAST_WRITTEN_FILE, "r") as fd:
FileNotFoundError: [Errno 2] No such file or directory: '/tmp/last_written_value'

The above exception was the direct cause of the following exception:

Traceback (most recent call last):
  File "/var/lib/juju/agents/unit-postgresql-test-app-0/charm/./src/charm.py", line 369, in _stop_continuous_writes
    for attempt in Retrying(stop=stop_after_delay(60), wait=wait_fixed(5)):
  File "/var/lib/juju/agents/unit-postgresql-test-app-0/charm/venv/tenacity/__init__.py", line 443, in __iter__
    do = self.iter(retry_state=retry_state)
  File "/var/lib/juju/agents/unit-postgresql-test-app-0/charm/venv/tenacity/__init__.py", line 376, in iter
    result = action(retry_state)
  File "/var/lib/juju/agents/unit-postgresql-test-app-0/charm/venv/tenacity/__init__.py", line 419, in exc_check
    raise retry_exc from fut.exception()
tenacity.RetryError: RetryError[<Future at 0x7fcdf88f2e00 state=finished raised FileNotFoundError>]

[32mINFO    [0m pytest_operator.plugin:plugin.py:947 Forgetting model main...