[32mINFO    [0m pytest_operator.plugin:plugin.py:862 Model status:

Model  Controller           Cloud/Region         Version  SLA          Timestamp
test   localhost-localhost  localhost/localhost  3.1.8    unsupported  02:16:15Z

App                   Version  Status  Scale  Charm                Channel  Rev  Exposed  Message
mailman3-core                  active      1  mailman3-core        stable    17  no       Ready (source version/commit e1d5a03)
postgresql            14.11    active      2  postgresql                      0  no       
postgresql-test-app            active      1  postgresql-test-app  edge     172  no       
postgresql-test-app2           active      1  postgresql-test-app  edge     172  no       

Unit                     Workload  Agent  Machine  Public address  Ports     Message
mailman3-core/0*         active    idle   2        10.85.30.172    25/tcp    Ready (source version/commit e1d5a03)
postgresql-test-app2/0*  active    idle   10       10.85.30.235              
postgresql-test-app/0*   active    idle   9        10.85.30.170              
postgresql/2*            active    idle   3        10.85.30.11     5432/tcp  
postgresql/3             active    idle   4        10.85.30.82     5432/tcp  Primary

Machine  State    Address       Inst id         Base          AZ  Message
2        started  10.85.30.172  juju-1bfa14-2   ubuntu@18.04      Running
3        started  10.85.30.11   juju-1bfa14-3   ubuntu@22.04      Running
4        started  10.85.30.82   juju-1bfa14-4   ubuntu@22.04      Running
9        started  10.85.30.170  juju-1bfa14-9   ubuntu@22.04      Running
10       started  10.85.30.235  juju-1bfa14-10  ubuntu@22.04      Running

[32mINFO    [0m pytest_operator.plugin:plugin.py:868 Juju error logs:

machine-1: 01:46:39 ERROR juju.worker.dependency "lxd-container-provisioner" manifold worker returned unexpected error: container types not yet available
machine-1: 01:46:39 ERROR juju.worker.dependency "kvm-container-provisioner" manifold worker returned unexpected error: container types not yet available
machine-1: 01:46:39 ERROR juju.worker.dependency "broker-tracker" manifold worker returned unexpected error: no container types determined
unit-postgresql-1: 01:46:40 ERROR juju.worker.meterstatus error running "meter-status-changed": charm missing from disk
machine-0: 01:46:42 ERROR juju.worker.dependency "broker-tracker" manifold worker returned unexpected error: no container types determined
machine-0: 01:46:42 ERROR juju.worker.dependency "kvm-container-provisioner" manifold worker returned unexpected error: container types not yet available
machine-0: 01:46:42 ERROR juju.worker.dependency "lxd-container-provisioner" manifold worker returned unexpected error: container types not yet available
unit-postgresql-0: 01:46:42 ERROR juju.worker.meterstatus error running "meter-status-changed": charm missing from disk
machine-2: 01:50:35 ERROR juju.worker.dependency "broker-tracker" manifold worker returned unexpected error: no container types determined
machine-2: 01:50:35 ERROR juju.worker.dependency "kvm-container-provisioner" manifold worker returned unexpected error: container types not yet available
machine-2: 01:50:35 ERROR juju.worker.dependency "lxd-container-provisioner" manifold worker returned unexpected error: container types not yet available
unit-mailman3-core-0: 01:50:36 ERROR juju.worker.meterstatus error running "meter-status-changed": charm missing from disk
machine-4: 01:55:35 ERROR juju.worker.dependency "lxd-container-provisioner" manifold worker returned unexpected error: container types not yet available
machine-4: 01:55:35 ERROR juju.worker.dependency "broker-tracker" manifold worker returned unexpected error: no container types determined
machine-4: 01:55:35 ERROR juju.worker.dependency "kvm-container-provisioner" manifold worker returned unexpected error: container types not yet available
unit-postgresql-3: 01:55:35 ERROR juju.worker.meterstatus error running "meter-status-changed": charm missing from disk
machine-3: 01:55:35 ERROR juju.worker.dependency "lxd-container-provisioner" manifold worker returned unexpected error: container types not yet available
machine-3: 01:55:35 ERROR juju.worker.dependency "kvm-container-provisioner" manifold worker returned unexpected error: container types not yet available
machine-3: 01:55:35 ERROR juju.worker.dependency "broker-tracker" manifold worker returned unexpected error: no container types determined
unit-postgresql-2: 01:55:35 ERROR juju.worker.meterstatus error running "meter-status-changed": charm missing from disk
unit-postgresql-2: 02:03:59 ERROR unit.postgresql/2.juju-log Failed to get PostgreSQL version: connection to server at "10.85.30.164", port 5432 failed: FATAL:  the database system is shutting down

unit-postgresql-2: 02:03:59 ERROR unit.postgresql/2.juju-log 
Traceback (most recent call last):
  File "/var/lib/juju/agents/unit-postgresql-2/charm/lib/charms/postgresql_k8s/v0/postgresql.py", line 429, in get_postgresql_version
    with self._connect_to_database() as connection, connection.cursor() as cursor:
  File "/var/lib/juju/agents/unit-postgresql-2/charm/lib/charms/tempo_k8s/v1/charm_tracing.py", line 647, in wrapped_function
    return callable(*args, **kwargs)  # type: ignore
  File "/var/lib/juju/agents/unit-postgresql-2/charm/lib/charms/postgresql_k8s/v0/postgresql.py", line 127, in _connect_to_database
    connection = psycopg2.connect(
  File "/var/lib/juju/agents/unit-postgresql-2/charm/venv/psycopg2/__init__.py", line 122, in connect
    conn = _connect(dsn, connection_factory=connection_factory, **kwasync)
psycopg2.OperationalError: connection to server at "10.85.30.164", port 5432 failed: FATAL:  the database system is shutting down


During handling of the above exception, another exception occurred:

Traceback (most recent call last):
  File "/var/lib/juju/agents/unit-postgresql-2/charm/src/relations/db.py", line 323, in update_endpoints
    postgresql_version = self.charm.postgresql.get_postgresql_version()
  File "/var/lib/juju/agents/unit-postgresql-2/charm/lib/charms/tempo_k8s/v1/charm_tracing.py", line 647, in wrapped_function
    return callable(*args, **kwargs)  # type: ignore
  File "/var/lib/juju/agents/unit-postgresql-2/charm/lib/charms/postgresql_k8s/v0/postgresql.py", line 435, in get_postgresql_version
    raise PostgreSQLGetPostgreSQLVersionError()
charms.postgresql_k8s.v0.postgresql.PostgreSQLGetPostgreSQLVersionError
machine-5: 02:06:37 ERROR juju.worker.dependency "lxd-container-provisioner" manifold worker returned unexpected error: container types not yet available
machine-5: 02:06:37 ERROR juju.worker.dependency "kvm-container-provisioner" manifold worker returned unexpected error: container types not yet available
machine-5: 02:06:37 ERROR juju.worker.dependency "broker-tracker" manifold worker returned unexpected error: no container types determined
unit-redis-0: 02:06:37 ERROR juju.worker.meterstatus error running "meter-status-changed": charm missing from disk
machine-6: 02:06:38 ERROR juju.worker.dependency "lxd-container-provisioner" manifold worker returned unexpected error: container types not yet available
machine-6: 02:06:38 ERROR juju.worker.dependency "broker-tracker" manifold worker returned unexpected error: no container types determined
machine-6: 02:06:38 ERROR juju.worker.dependency "kvm-container-provisioner" manifold worker returned unexpected error: container types not yet available
unit-sentry1-0: 02:06:38 ERROR juju.worker.meterstatus error running "meter-status-changed": charm missing from disk
unit-postgresql-2: 02:08:41 ERROR unit.postgresql/2.juju-log db:6: ERROR - `extensions` (citext) cannot be requested through relations - Please enable extensions through `juju config` and add the relation again.
machine-7: 02:10:40 ERROR juju.worker.dependency "broker-tracker" manifold worker returned unexpected error: no container types determined
machine-7: 02:10:40 ERROR juju.worker.dependency "kvm-container-provisioner" manifold worker returned unexpected error: container types not yet available
machine-7: 02:10:40 ERROR juju.worker.dependency "lxd-container-provisioner" manifold worker returned unexpected error: container types not yet available
unit-haproxy-0: 02:10:40 ERROR juju.worker.meterstatus error running "meter-status-changed": charm missing from disk
unit-redis-0: 02:11:08 ERROR juju.worker.dependency "uniter" manifold worker returned unexpected error: relation scope id "0e0fbd93-eb5f-40ab-8031-d2f39b1bfa14:r#7#sentry1": settings 0e0fbd93-eb5f-40ab-8031-d2f39b1bfa14:r#7#sentry1 not found (not found)
unit-haproxy-0: 02:11:09 ERROR juju.worker.dependency "uniter" manifold worker returned unexpected error: relation scope id "0e0fbd93-eb5f-40ab-8031-d2f39b1bfa14:r#8#sentry1": settings 0e0fbd93-eb5f-40ab-8031-d2f39b1bfa14:r#8#sentry1 not found (not found)
unit-sentry1-0: 02:11:10 ERROR juju.worker.dependency "uniter" manifold worker returned unexpected error: relation scope id "0e0fbd93-eb5f-40ab-8031-d2f39b1bfa14:r#7#redis": settings 0e0fbd93-eb5f-40ab-8031-d2f39b1bfa14:r#7#redis not found (not found)
machine-8: 02:11:45 ERROR juju.worker.dependency "kvm-container-provisioner" manifold worker returned unexpected error: container types not yet available
machine-8: 02:11:45 ERROR juju.worker.dependency "broker-tracker" manifold worker returned unexpected error: no container types determined
machine-8: 02:11:45 ERROR juju.worker.dependency "lxd-container-provisioner" manifold worker returned unexpected error: container types not yet available
unit-sentry2-0: 02:11:45 ERROR juju.worker.meterstatus error running "meter-status-changed": charm missing from disk
machine-9: 02:15:28 ERROR juju.worker.dependency "lxd-container-provisioner" manifold worker returned unexpected error: container types not yet available
machine-9: 02:15:28 ERROR juju.worker.dependency "broker-tracker" manifold worker returned unexpected error: no container types determined
machine-9: 02:15:28 ERROR juju.worker.dependency "kvm-container-provisioner" manifold worker returned unexpected error: container types not yet available
unit-postgresql-test-app-0: 02:15:28 ERROR juju.worker.meterstatus error running "meter-status-changed": charm missing from disk
machine-10: 02:15:28 ERROR juju.worker.dependency "broker-tracker" manifold worker returned unexpected error: no container types determined
machine-10: 02:15:28 ERROR juju.worker.dependency "kvm-container-provisioner" manifold worker returned unexpected error: container types not yet available
machine-10: 02:15:28 ERROR juju.worker.dependency "lxd-container-provisioner" manifold worker returned unexpected error: container types not yet available
unit-postgresql-test-app2-0: 02:15:29 ERROR juju.worker.meterstatus error running "meter-status-changed": charm missing from disk

[32mINFO    [0m pytest_operator.plugin:plugin.py:947 Forgetting model main...