[32mINFO    [0m juju.model:model.py:2971 Waiting for model:
  postgresql-test-app/0 [idle] active: 
  postgresql-test-app/1 [idle] active: 
  database/2 [executing] active: 
  database/3 [executing] active: Primary
  another-database/0 [idle] active: Primary
  another-database/1 [idle] active: 
[32mINFO    [0m juju.model:model.py:2097 Deploying ch:amd64/jammy/data-integrator-41
[32mINFO    [0m juju.model:model.py:2971 Waiting for model:
  another-data-integrator/0 [allocating] waiting: waiting for machine
[32mINFO    [0m juju.model:model.py:2971 Waiting for model:
  another-data-integrator/0 [allocating] waiting: waiting for machine
[32mINFO    [0m juju.model:model.py:2971 Waiting for model:
  another-data-integrator/0 [allocating] waiting: waiting for machine
[32mINFO    [0m juju.model:model.py:2971 Waiting for model:
  another-data-integrator/0 [allocating] waiting: waiting for machine
[32mINFO    [0m juju.model:model.py:2971 Waiting for model:
  data-integrator/0 [executing] blocked: Please relate the data-integrator with the desired product
  another-data-integrator/0 [idle] blocked: Please specify either topic, index, or database name
[33mWARNING [0m juju.model:model.py:1563 relate is deprecated and will be removed. Use integrate instead.
[33mWARNING [0m juju.model:model.py:1563 relate is deprecated and will be removed. Use integrate instead.
[32mINFO    [0m juju.model:model.py:2971 Waiting for model:
  database/2 [idle] active: 
  database/3 [idle] active: Primary
[32mINFO    [0m juju.model:model.py:2971 Waiting for model:
  database/2 [idle] blocked: invalid role(s) for extra user roles
  database/3 [executing] active: Primary
[32mINFO    [0m juju.model:model.py:2971 Waiting for model:
  database/2 [idle] blocked: invalid role(s) for extra user roles
  database/3 [idle] active: Primary
[32mINFO    [0m pytest_operator.plugin:plugin.py:903 Model status:

Model  Controller           Cloud/Region         Version  SLA          Timestamp
test   localhost-localhost  localhost/localhost  3.4.5    unsupported  02:13:36Z

App                      Version  Status   Scale  Charm                Channel        Rev  Exposed  Message
another-application               active       1  postgresql-test-app  latest/edge    239  no       received database credentials of the first database
another-data-integrator           blocked      1  data-integrator      latest/stable   41  no       Please relate the data-integrator with the desired product
another-database         14.12    active       2  postgresql                            1  no       
data-integrator                   blocked      1  data-integrator      latest/stable   41  no       Please relate the data-integrator with the desired product
database                 14.12    active       2  postgresql                            0  no       
postgresql-test-app               active       2  postgresql-test-app  latest/edge    239  no       

Unit                        Workload  Agent  Machine  Public address  Ports     Message
another-application/0*      active    idle   6        10.196.51.80              received database credentials of the first database
another-data-integrator/0*  blocked   idle   10       10.196.51.224             Please relate the data-integrator with the desired product
another-database/0*         active    idle   3        10.196.51.231   5432/tcp  Primary
another-database/1          active    idle   4        10.196.51.172   5432/tcp  
data-integrator/0*          blocked   idle   9        10.196.51.218             Please relate the data-integrator with the desired product
database/2*                 active    idle   7        10.196.51.220   5432/tcp  
database/3                  active    idle   8        10.196.51.59    5432/tcp  Primary
postgresql-test-app/0       active    idle   0        10.196.51.49              
postgresql-test-app/1*      active    idle   1        10.196.51.236             

Machine  State    Address        Inst id         Base          AZ  Message
0        started  10.196.51.49   juju-332102-0   ubuntu@22.04      Running
1        started  10.196.51.236  juju-332102-1   ubuntu@22.04      Running
3        started  10.196.51.231  juju-332102-3   ubuntu@22.04      Running
4        started  10.196.51.172  juju-332102-4   ubuntu@22.04      Running
6        started  10.196.51.80   juju-332102-6   ubuntu@22.04      Running
7        started  10.196.51.220  juju-332102-7   ubuntu@22.04      Running
8        started  10.196.51.59   juju-332102-8   ubuntu@22.04      Running
9        started  10.196.51.218  juju-332102-9   ubuntu@22.04      Running
10       started  10.196.51.224  juju-332102-10  ubuntu@22.04      Running

[32mINFO    [0m pytest_operator.plugin:plugin.py:909 Juju error logs:

machine-1: 01:36:42 ERROR juju.worker.dependency "kvm-container-provisioner" manifold worker returned unexpected error: container types not yet available
machine-1: 01:36:42 ERROR juju.worker.dependency "lxd-container-provisioner" manifold worker returned unexpected error: container types not yet available
unit-postgresql-test-app-1: 01:36:43 ERROR juju.worker.meterstatus error running "meter-status-changed": charm missing from disk
machine-0: 01:36:43 ERROR juju.worker.dependency "kvm-container-provisioner" manifold worker returned unexpected error: container types not yet available
machine-0: 01:36:43 ERROR juju.worker.dependency "lxd-container-provisioner" manifold worker returned unexpected error: container types not yet available
machine-0: 01:36:44 ERROR juju.worker.dependency "machine-setup" manifold worker returned unexpected error: setting supported supportedContainers for machine-0: not found or dead
unit-postgresql-test-app-0: 01:36:44 ERROR juju.worker.meterstatus error running "meter-status-changed": charm missing from disk
machine-0: 01:36:47 ERROR juju.worker.dependency "kvm-container-provisioner" manifold worker returned unexpected error: container types not yet available
machine-0: 01:36:47 ERROR juju.worker.dependency "lxd-container-provisioner" manifold worker returned unexpected error: container types not yet available
machine-3: 01:36:57 ERROR juju.worker.dependency "lxd-container-provisioner" manifold worker returned unexpected error: container types not yet available
machine-3: 01:36:57 ERROR juju.worker.dependency "kvm-container-provisioner" manifold worker returned unexpected error: container types not yet available
unit-another-database-0: 01:36:57 ERROR juju.worker.meterstatus error running "meter-status-changed": charm missing from disk
machine-2: 01:37:05 ERROR juju.worker.dependency "lxd-container-provisioner" manifold worker returned unexpected error: container types not yet available
machine-2: 01:37:05 ERROR juju.worker.dependency "kvm-container-provisioner" manifold worker returned unexpected error: container types not yet available
unit-database-0: 01:37:05 ERROR juju.worker.meterstatus error running "meter-status-changed": charm missing from disk
machine-4: 01:37:11 ERROR juju.worker.dependency "lxd-container-provisioner" manifold worker returned unexpected error: container types not yet available
machine-4: 01:37:11 ERROR juju.worker.dependency "kvm-container-provisioner" manifold worker returned unexpected error: container types not yet available
unit-another-database-1: 01:37:11 ERROR juju.worker.meterstatus error running "meter-status-changed": charm missing from disk
machine-5: 01:46:11 ERROR juju.worker.dependency "lxd-container-provisioner" manifold worker returned unexpected error: container types not yet available
machine-5: 01:46:11 ERROR juju.worker.dependency "kvm-container-provisioner" manifold worker returned unexpected error: container types not yet available
unit-database-1: 01:46:11 ERROR juju.worker.meterstatus error running "meter-status-changed": charm missing from disk
machine-6: 01:51:45 ERROR juju.worker.dependency "kvm-container-provisioner" manifold worker returned unexpected error: container types not yet available
machine-6: 01:51:45 ERROR juju.worker.dependency "lxd-container-provisioner" manifold worker returned unexpected error: container types not yet available
unit-another-application-0: 01:51:45 ERROR juju.worker.meterstatus error running "meter-status-changed": charm missing from disk
machine-8: 01:55:49 ERROR juju.worker.dependency "kvm-container-provisioner" manifold worker returned unexpected error: container types not yet available
machine-8: 01:55:49 ERROR juju.worker.dependency "lxd-container-provisioner" manifold worker returned unexpected error: container types not yet available
machine-7: 01:55:49 ERROR juju.worker.dependency "kvm-container-provisioner" manifold worker returned unexpected error: container types not yet available
machine-7: 01:55:49 ERROR juju.worker.dependency "lxd-container-provisioner" manifold worker returned unexpected error: container types not yet available
unit-database-3: 01:55:50 ERROR juju.worker.meterstatus error running "meter-status-changed": charm missing from disk
unit-database-2: 01:55:50 ERROR juju.worker.meterstatus error running "meter-status-changed": charm missing from disk
machine-2: 02:03:16 ERROR juju.api.watcher error trying to stop watcher: websocket: close sent
unit-database-2: 02:03:17 ERROR unit.database/2.juju-log Uncaught exception while in charm code:
Traceback (most recent call last):
  File "/var/lib/juju/agents/unit-database-2/charm/venv/ops/model.py", line 3213, in _run
    result = subprocess.run(args, **kwargs)  # type: ignore
  File "/usr/lib/python3.10/subprocess.py", line 526, in run
    raise CalledProcessError(retcode, process.args,
subprocess.CalledProcessError: Command '('/var/lib/juju/tools/unit-database-2/secret-info-get', '--label', 'database.10.user.secret', '--format=json')' returned non-zero exit status 1.

The above exception was the direct cause of the following exception:

Traceback (most recent call last):
  File "/var/lib/juju/agents/unit-database-2/charm/venv/ops/model.py", line 3590, in _run_for_secret
    return self._run(*args, return_output=return_output, use_json=use_json)
  File "/var/lib/juju/agents/unit-database-2/charm/venv/ops/model.py", line 3215, in _run
    raise ModelError(e.stderr) from e
ops.model.ModelError: ERROR secret "database.10.user.secret" not found


The above exception was the direct cause of the following exception:

Traceback (most recent call last):
  File "/var/lib/juju/agents/unit-database-2/charm/./src/charm.py", line 1866, in <module>
    main(PostgresqlOperatorCharm)
  File "/var/lib/juju/agents/unit-database-2/charm/venv/ops/main.py", line 553, in main
    manager.run()
  File "/var/lib/juju/agents/unit-database-2/charm/venv/ops/main.py", line 529, in run
    self._emit()
  File "/var/lib/juju/agents/unit-database-2/charm/venv/ops/main.py", line 518, in _emit
    _emit_charm_event(self.charm, self.dispatcher.event_name, self._juju_context)
  File "/var/lib/juju/agents/unit-database-2/charm/venv/ops/main.py", line 139, in _emit_charm_event
    event_to_emit.emit(*args, **kwargs)
  File "/var/lib/juju/agents/unit-database-2/charm/venv/ops/framework.py", line 347, in emit
    framework._emit(event)
  File "/var/lib/juju/agents/unit-database-2/charm/venv/ops/framework.py", line 853, in _emit
    self._reemit(event_path)
  File "/var/lib/juju/agents/unit-database-2/charm/venv/ops/framework.py", line 943, in _reemit
    custom_handler(event)
  File "/var/lib/juju/agents/unit-database-2/charm/lib/charms/tempo_k8s/v1/charm_tracing.py", line 735, in wrapped_function
    return callable(*args, **kwargs)  # type: ignore
  File "/var/lib/juju/agents/unit-database-2/charm/./src/charm.py", line 863, in _on_cluster_topology_change
    self._update_relation_endpoints()
  File "/var/lib/juju/agents/unit-database-2/charm/lib/charms/tempo_k8s/v1/charm_tracing.py", line 735, in wrapped_function
    return callable(*args, **kwargs)  # type: ignore
  File "/var/lib/juju/agents/unit-database-2/charm/./src/charm.py", line 1739, in _update_relation_endpoints
    self.postgresql_client_relation.update_endpoints()
  File "/var/lib/juju/agents/unit-database-2/charm/lib/charms/tempo_k8s/v1/charm_tracing.py", line 735, in wrapped_function
    return callable(*args, **kwargs)  # type: ignore
  File "/var/lib/juju/agents/unit-database-2/charm/src/relations/postgresql_provider.py", line 215, in update_endpoints
    self.database_provides.set_uris(
  File "/var/lib/juju/agents/unit-database-2/charm/lib/charms/data_platform_libs/v0/data_interfaces.py", line 2842, in set_uris
    self.update_relation_data(relation_id, {"uris": uris})
  File "/var/lib/juju/agents/unit-database-2/charm/lib/charms/data_platform_libs/v0/data_interfaces.py", line 492, in wrapper
    return f(self, *args, **kwargs)
  File "/var/lib/juju/agents/unit-database-2/charm/lib/charms/data_platform_libs/v0/data_interfaces.py", line 1403, in update_relation_data
    return self._update_relation_data(relation, data)
  File "/var/lib/juju/agents/unit-database-2/charm/lib/charms/data_platform_libs/v0/data_interfaces.py", line 1624, in _update_relation_data
    _, normal_fields = self._process_secret_fields(
  File "/var/lib/juju/agents/unit-database-2/charm/lib/charms/data_platform_libs/v0/data_interfaces.py", line 1186, in _process_secret_fields
    if group_result := operation(relation, group, secret_fields, *args, **kwargs):
  File "/var/lib/juju/agents/unit-database-2/charm/lib/charms/data_platform_libs/v0/data_interfaces.py", line 1527, in _add_or_update_relation_secrets
    return self._update_relation_secret(relation, group, secret_fields, data)
  File "/var/lib/juju/agents/unit-database-2/charm/lib/charms/data_platform_libs/v0/data_interfaces.py", line 504, in wrapper
    return f(self, *args, **kwargs)
  File "/var/lib/juju/agents/unit-database-2/charm/lib/charms/data_platform_libs/v0/data_interfaces.py", line 1512, in _update_relation_secret
    secret.set_content(full_content)
  File "/var/lib/juju/agents/unit-database-2/charm/lib/charms/data_platform_libs/v0/data_interfaces.py", line 769, in set_content
    self.meta.set_content(content)
  File "/var/lib/juju/agents/unit-database-2/charm/venv/ops/model.py", line 1454, in set_content
    self._id = self.get_info().id
  File "/var/lib/juju/agents/unit-database-2/charm/venv/ops/model.py", line 1435, in get_info
    return self._backend.secret_info_get(id=self.id, label=self.label)
  File "/var/lib/juju/agents/unit-database-2/charm/venv/ops/model.py", line 3604, in secret_info_get
    result = self._run_for_secret('secret-info-get', *args, return_output=True, use_json=True)
  File "/var/lib/juju/agents/unit-database-2/charm/venv/ops/model.py", line 3593, in _run_for_secret
    raise SecretNotFoundError() from e
ops.model.SecretNotFoundError
machine-9: 02:08:45 ERROR juju.worker.dependency "lxd-container-provisioner" manifold worker returned unexpected error: container types not yet available
machine-9: 02:08:45 ERROR juju.worker.dependency "kvm-container-provisioner" manifold worker returned unexpected error: container types not yet available
unit-data-integrator-0: 02:08:45 ERROR juju.worker.meterstatus error running "meter-status-changed": charm missing from disk
machine-10: 02:11:55 ERROR juju.worker.dependency "kvm-container-provisioner" manifold worker returned unexpected error: container types not yet available
machine-10: 02:11:55 ERROR juju.worker.dependency "lxd-container-provisioner" manifold worker returned unexpected error: container types not yet available
unit-another-data-integrator-0: 02:11:55 ERROR juju.worker.meterstatus error running "meter-status-changed": charm missing from disk
unit-database-2: 02:12:36 ERROR unit.database/2.juju-log database:20: Invalid extra user roles: test
unit-database-2: 02:12:36 ERROR unit.database/2.juju-log database:20: invalid role(s) for extra user roles
Traceback (most recent call last):
  File "/var/lib/juju/agents/unit-database-2/charm/src/relations/postgresql_provider.py", line 93, in _on_database_requested
    self.charm.postgresql.create_user(user, password, extra_user_roles=extra_user_roles)
  File "/var/lib/juju/agents/unit-database-2/charm/lib/charms/tempo_k8s/v1/charm_tracing.py", line 735, in wrapped_function
    return callable(*args, **kwargs)  # type: ignore
  File "/var/lib/juju/agents/unit-database-2/charm/lib/charms/postgresql_k8s/v0/postgresql.py", line 225, in create_user
    raise PostgreSQLCreateUserError(INVALID_EXTRA_USER_ROLE_BLOCKING_MESSAGE)
charms.postgresql_k8s.v0.postgresql.PostgreSQLCreateUserError: invalid role(s) for extra user roles
unit-database-2: 02:12:38 ERROR unit.database/2.juju-log database:19: Invalid extra user roles: test
unit-database-2: 02:12:38 ERROR unit.database/2.juju-log database:19: invalid role(s) for extra user roles
Traceback (most recent call last):
  File "/var/lib/juju/agents/unit-database-2/charm/src/relations/postgresql_provider.py", line 93, in _on_database_requested
    self.charm.postgresql.create_user(user, password, extra_user_roles=extra_user_roles)
  File "/var/lib/juju/agents/unit-database-2/charm/lib/charms/tempo_k8s/v1/charm_tracing.py", line 735, in wrapped_function
    return callable(*args, **kwargs)  # type: ignore
  File "/var/lib/juju/agents/unit-database-2/charm/lib/charms/postgresql_k8s/v0/postgresql.py", line 225, in create_user
    raise PostgreSQLCreateUserError(INVALID_EXTRA_USER_ROLE_BLOCKING_MESSAGE)
charms.postgresql_k8s.v0.postgresql.PostgreSQLCreateUserError: invalid role(s) for extra user roles

[32mINFO    [0m pytest_operator.plugin:plugin.py:991 Forgetting model main...