[32mINFO    [0m juju.model:model.py:2097 Deploying ch:amd64/jammy/nextcloud-24
[32mINFO    [0m juju.model:model.py:2971 Waiting for model:
  nextcloud/0 [allocating] waiting: waiting for machine
[32mINFO    [0m juju.model:model.py:2971 Waiting for model:
  nextcloud/0 [allocating] waiting: waiting for machine
[32mINFO    [0m juju.model:model.py:2971 Waiting for model:
  nextcloud/0 [allocating] waiting: waiting for machine
[32mINFO    [0m juju.model:model.py:2971 Waiting for model:
  nextcloud/0 [executing] maintenance: installing dependencies...
[32mINFO    [0m juju.model:model.py:2971 Waiting for model:
  nextcloud/0 [executing] maintenance: installing dependencies...
[32mINFO    [0m juju.model:model.py:2971 Waiting for model:
  nextcloud/0 [executing] maintenance: fetching nextcloud from network...
[32mINFO    [0m juju.model:model.py:2971 Waiting for model:
  nextcloud/0 [idle] blocked: Nextcloud not initialized.
[32mINFO    [0m juju.model:model.py:2971 Waiting for model:
  nextcloud/0 [idle] blocked: Nextcloud not initialized.
[32mINFO    [0m juju.model:model.py:2971 Waiting for model:
  nextcloud/0 [idle] blocked: Nextcloud not initialized.
[33mWARNING [0m juju.model:model.py:1563 relate is deprecated and will be removed. Use integrate instead.
[32mINFO    [0m juju.model:model.py:2971 Waiting for model:
  database/2 [idle] active: Primary
  database/3 [idle] active: 
  nextcloud/0 [idle] blocked: Nextcloud not initialized.
[32mINFO    [0m juju.model:model.py:2971 Waiting for model:
  database/2 [idle] active: Primary
  database/3 [idle] active: 
  nextcloud/0 [executing] maintenance: config php...
[32mINFO    [0m pytest_operator.plugin:plugin.py:862 Model status:

Model  Controller           Cloud/Region         Version  SLA          Timestamp
test   localhost-localhost  localhost/localhost  3.4.4    unsupported  03:08:12Z

App                      Version    Status   Scale  Charm                Channel        Rev  Exposed  Message
another-application                 active       1  postgresql-test-app  latest/edge    176  no       received database credentials of the first database
another-data-integrator             blocked      1  data-integrator      latest/stable   27  no       Please relate the data-integrator with the desired product
another-database         14.12      active       2  postgresql                            0  no       
data-integrator                     blocked      1  data-integrator      latest/stable   27  no       Please relate the data-integrator with the desired product
database                 14.12      active       2  postgresql                            1  no       
nextcloud                27.1.11.3  active       1  nextcloud            latest/edge     24  no       27.1.11.3 ‚òÅ
postgresql-test-app                 active       2  postgresql-test-app  latest/edge    176  no       received database credentials of the second database

Unit                        Workload  Agent  Machine  Public address  Ports     Message
another-application/0*      active    idle   6        10.166.94.62              received database credentials of the first database
another-data-integrator/0*  blocked   idle   10       10.166.94.108             Please relate the data-integrator with the desired product
another-database/0*         active    idle   2        10.166.94.204   5432/tcp  Primary
another-database/1          active    idle   3        10.166.94.92    5432/tcp  
data-integrator/0*          blocked   idle   9        10.166.94.149             Please relate the data-integrator with the desired product
database/2                  active    idle   7        10.166.94.185   5432/tcp  Primary
database/3*                 active    idle   8        10.166.94.47    5432/tcp  
nextcloud/0*                active    idle   11       10.166.94.240   80/tcp    27.1.11.3 ‚òÅ
postgresql-test-app/0*      active    idle   0        10.166.94.238             received database credentials of the second database
postgresql-test-app/1       active    idle   1        10.166.94.213             received database credentials of the second database

Machine  State    Address        Inst id         Base          AZ  Message
0        started  10.166.94.238  juju-e813c4-0   ubuntu@22.04      Running
1        started  10.166.94.213  juju-e813c4-1   ubuntu@22.04      Running
2        started  10.166.94.204  juju-e813c4-2   ubuntu@22.04      Running
3        started  10.166.94.92   juju-e813c4-3   ubuntu@22.04      Running
6        started  10.166.94.62   juju-e813c4-6   ubuntu@22.04      Running
7        started  10.166.94.185  juju-e813c4-7   ubuntu@22.04      Running
8        started  10.166.94.47   juju-e813c4-8   ubuntu@22.04      Running
9        started  10.166.94.149  juju-e813c4-9   ubuntu@22.04      Running
10       started  10.166.94.108  juju-e813c4-10  ubuntu@22.04      Running
11       started  10.166.94.240  juju-e813c4-11  ubuntu@22.04      Running

[32mINFO    [0m pytest_operator.plugin:plugin.py:868 Juju error logs:

machine-0: 02:34:07 ERROR juju.worker.dependency "kvm-container-provisioner" manifold worker returned unexpected error: container types not yet available
machine-0: 02:34:07 ERROR juju.worker.dependency "lxd-container-provisioner" manifold worker returned unexpected error: container types not yet available
unit-postgresql-test-app-0: 02:34:07 ERROR juju.worker.meterstatus error running "meter-status-changed": charm missing from disk
machine-1: 02:34:27 ERROR juju.worker.dependency "lxd-container-provisioner" manifold worker returned unexpected error: container types not yet available
machine-1: 02:34:27 ERROR juju.worker.dependency "kvm-container-provisioner" manifold worker returned unexpected error: container types not yet available
unit-postgresql-test-app-1: 02:34:28 ERROR juju.worker.meterstatus error running "meter-status-changed": charm missing from disk
machine-2: 02:34:40 ERROR juju.worker.dependency "kvm-container-provisioner" manifold worker returned unexpected error: container types not yet available
machine-2: 02:34:40 ERROR juju.worker.dependency "lxd-container-provisioner" manifold worker returned unexpected error: container types not yet available
unit-another-database-0: 02:34:41 ERROR juju.worker.meterstatus error running "meter-status-changed": charm missing from disk
machine-4: 02:34:41 ERROR juju.worker.dependency "lxd-container-provisioner" manifold worker returned unexpected error: container types not yet available
machine-4: 02:34:41 ERROR juju.worker.dependency "kvm-container-provisioner" manifold worker returned unexpected error: container types not yet available
unit-database-0: 02:34:41 ERROR juju.worker.meterstatus error running "meter-status-changed": charm missing from disk
machine-3: 02:34:45 ERROR juju.worker.dependency "kvm-container-provisioner" manifold worker returned unexpected error: container types not yet available
machine-3: 02:34:45 ERROR juju.worker.dependency "lxd-container-provisioner" manifold worker returned unexpected error: container types not yet available
unit-another-database-1: 02:34:45 ERROR juju.worker.meterstatus error running "meter-status-changed": charm missing from disk
unit-database-0: 02:36:11 ERROR unit.database/0.juju-log database-peers:4: Failed to list PostgreSQL database users: could not translate host name "None" to address: Temporary failure in name resolution

machine-5: 02:40:13 ERROR juju.worker.dependency "lxd-container-provisioner" manifold worker returned unexpected error: container types not yet available
machine-5: 02:40:13 ERROR juju.worker.dependency "kvm-container-provisioner" manifold worker returned unexpected error: container types not yet available
unit-database-1: 02:40:13 ERROR juju.worker.meterstatus error running "meter-status-changed": charm missing from disk
machine-6: 02:44:46 ERROR juju.worker.dependency "lxd-container-provisioner" manifold worker returned unexpected error: container types not yet available
machine-6: 02:44:46 ERROR juju.worker.dependency "kvm-container-provisioner" manifold worker returned unexpected error: container types not yet available
unit-another-application-0: 02:44:46 ERROR juju.worker.meterstatus error running "meter-status-changed": charm missing from disk
machine-7: 02:48:00 ERROR juju.worker.dependency "kvm-container-provisioner" manifold worker returned unexpected error: container types not yet available
machine-7: 02:48:00 ERROR juju.worker.dependency "lxd-container-provisioner" manifold worker returned unexpected error: container types not yet available
unit-database-2: 02:48:00 ERROR juju.worker.meterstatus error running "meter-status-changed": charm missing from disk
machine-8: 02:48:14 ERROR juju.worker.dependency "lxd-container-provisioner" manifold worker returned unexpected error: container types not yet available
machine-8: 02:48:14 ERROR juju.worker.dependency "kvm-container-provisioner" manifold worker returned unexpected error: container types not yet available
unit-database-3: 02:48:14 ERROR juju.worker.meterstatus error running "meter-status-changed": charm missing from disk
machine-9: 02:58:40 ERROR juju.worker.dependency "lxd-container-provisioner" manifold worker returned unexpected error: container types not yet available
machine-9: 02:58:40 ERROR juju.worker.dependency "kvm-container-provisioner" manifold worker returned unexpected error: container types not yet available
unit-data-integrator-0: 02:58:40 ERROR juju.worker.meterstatus error running "meter-status-changed": charm missing from disk
machine-10: 03:01:08 ERROR juju.worker.dependency "kvm-container-provisioner" manifold worker returned unexpected error: container types not yet available
machine-10: 03:01:08 ERROR juju.worker.dependency "lxd-container-provisioner" manifold worker returned unexpected error: container types not yet available
unit-another-data-integrator-0: 03:01:08 ERROR juju.worker.meterstatus error running "meter-status-changed": charm missing from disk
unit-database-3: 03:01:49 ERROR unit.database/3.juju-log database:20: Invalid extra user roles: test
unit-database-3: 03:01:49 ERROR unit.database/3.juju-log database:20: invalid role(s) for extra user roles
Traceback (most recent call last):
  File "/var/lib/juju/agents/unit-database-3/charm/src/relations/postgresql_provider.py", line 93, in _on_database_requested
    self.charm.postgresql.create_user(user, password, extra_user_roles=extra_user_roles)
  File "/var/lib/juju/agents/unit-database-3/charm/lib/charms/tempo_k8s/v1/charm_tracing.py", line 647, in wrapped_function
    return callable(*args, **kwargs)  # type: ignore
  File "/var/lib/juju/agents/unit-database-3/charm/lib/charms/postgresql_k8s/v0/postgresql.py", line 225, in create_user
    raise PostgreSQLCreateUserError(INVALID_EXTRA_USER_ROLE_BLOCKING_MESSAGE)
charms.postgresql_k8s.v0.postgresql.PostgreSQLCreateUserError: invalid role(s) for extra user roles
unit-database-3: 03:01:50 ERROR unit.database/3.juju-log database:19: Invalid extra user roles: test
unit-database-3: 03:01:50 ERROR unit.database/3.juju-log database:19: invalid role(s) for extra user roles
Traceback (most recent call last):
  File "/var/lib/juju/agents/unit-database-3/charm/src/relations/postgresql_provider.py", line 93, in _on_database_requested
    self.charm.postgresql.create_user(user, password, extra_user_roles=extra_user_roles)
  File "/var/lib/juju/agents/unit-database-3/charm/lib/charms/tempo_k8s/v1/charm_tracing.py", line 647, in wrapped_function
    return callable(*args, **kwargs)  # type: ignore
  File "/var/lib/juju/agents/unit-database-3/charm/lib/charms/postgresql_k8s/v0/postgresql.py", line 225, in create_user
    raise PostgreSQLCreateUserError(INVALID_EXTRA_USER_ROLE_BLOCKING_MESSAGE)
charms.postgresql_k8s.v0.postgresql.PostgreSQLCreateUserError: invalid role(s) for extra user roles
machine-11: 03:04:07 ERROR juju.worker.dependency "kvm-container-provisioner" manifold worker returned unexpected error: container types not yet available
machine-11: 03:04:07 ERROR juju.worker.dependency "lxd-container-provisioner" manifold worker returned unexpected error: container types not yet available
unit-nextcloud-0: 03:04:08 ERROR juju.worker.meterstatus error running "meter-status-changed": charm missing from disk

[32mINFO    [0m pytest_operator.plugin:plugin.py:947 Forgetting model main...