[32mINFO    [0m juju.model:model.py:2971 Waiting for model:
  pg (waiting for exactly 3 units, current : 4)
[32mINFO    [0m juju.model:model.py:2971 Waiting for model:
  pg/1 [executing] active: 
  pg/2 [executing] maintenance: reconfiguring cluster
  pg/3 [executing] active: 
[32mINFO    [0m juju.model:model.py:2971 Waiting for model:
  pg/2 [idle] active: 
[32mINFO    [0m juju.model:model.py:2971 Waiting for model:
  landscape-client/0 [idle] active: Client registered!
  landscape-client/1 [idle] active: Client registered!
  landscape-client/3 [idle] active: Client registered!
  ubuntu-advantage/1 [idle] active: Attached (esm-apps,esm-infra)
  ubuntu-advantage/2 [idle] active: Attached (esm-apps,esm-infra)
  ubuntu-advantage/3 [idle] active: Attached (esm-apps,esm-infra)
  pg/1 [idle] active: 
  pg/2 [idle] active: 
  pg/3 [idle] active:
[32mINFO    [0m pytest_operator.plugin:plugin.py:862 Model status:

Model  Controller           Cloud/Region         Version  SLA          Timestamp
test   localhost-localhost  localhost/localhost  3.1.8    unsupported  01:49:28Z

App               Version  Status  Scale  Charm             Channel      Rev  Exposed  Message
landscape-client           active      3  landscape-client  latest/edge   69  no       Client registered!
pg                14.11    active      3  postgresql                       0  no       
ubuntu-advantage           active      3  ubuntu-advantage  latest/edge   79  no       Attached (esm-apps,esm-infra)

Unit                   Workload  Agent  Machine  Public address  Ports     Message
pg/1                   active    idle   1        10.133.89.154   5432/tcp  
  landscape-client/1*  active    idle            10.133.89.154             Client registered!
  ubuntu-advantage/2*  active    idle            10.133.89.154             Attached (esm-apps,esm-infra)
pg/2*                  active    idle   2        10.133.89.244   5432/tcp  
  landscape-client/0   active    idle            10.133.89.244             Client registered!
  ubuntu-advantage/1   active    idle            10.133.89.244             Attached (esm-apps,esm-infra)
pg/3                   active    idle   3        10.133.89.124   5432/tcp  
  landscape-client/3   active    idle            10.133.89.124             Client registered!
  ubuntu-advantage/3   active    idle            10.133.89.124             Attached (esm-apps,esm-infra)

Machine  State    Address        Inst id        Base          AZ  Message
1        started  10.133.89.154  juju-c783f1-1  ubuntu@22.04      Running
2        started  10.133.89.244  juju-c783f1-2  ubuntu@22.04      Running
3        started  10.133.89.124  juju-c783f1-3  ubuntu@22.04      Running

[32mINFO    [0m pytest_operator.plugin:plugin.py:868 Juju error logs:

machine-2: 01:34:51 ERROR juju.worker.dependency "kvm-container-provisioner" manifold worker returned unexpected error: container types not yet available
machine-2: 01:34:51 ERROR juju.worker.dependency "lxd-container-provisioner" manifold worker returned unexpected error: container types not yet available
machine-2: 01:34:51 ERROR juju.worker.dependency "broker-tracker" manifold worker returned unexpected error: no container types determined
unit-pg-2: 01:34:51 ERROR juju.worker.meterstatus error running "meter-status-changed": charm missing from disk
machine-0: 01:34:53 ERROR juju.worker.dependency "broker-tracker" manifold worker returned unexpected error: no container types determined
machine-0: 01:34:53 ERROR juju.worker.dependency "kvm-container-provisioner" manifold worker returned unexpected error: container types not yet available
machine-0: 01:34:53 ERROR juju.worker.dependency "lxd-container-provisioner" manifold worker returned unexpected error: container types not yet available
unit-pg-0: 01:34:53 ERROR juju.worker.meterstatus error running "meter-status-changed": charm missing from disk
machine-1: 01:34:54 ERROR juju.worker.dependency "broker-tracker" manifold worker returned unexpected error: no container types determined
machine-1: 01:34:54 ERROR juju.worker.dependency "kvm-container-provisioner" manifold worker returned unexpected error: container types not yet available
machine-1: 01:34:54 ERROR juju.worker.dependency "lxd-container-provisioner" manifold worker returned unexpected error: container types not yet available
unit-pg-1: 01:34:54 ERROR juju.worker.meterstatus error running "meter-status-changed": charm missing from disk
unit-landscape-client-1: 01:40:04 ERROR juju.worker.meterstatus error running "meter-status-changed": charm missing from disk
unit-landscape-client-0: 01:40:04 ERROR juju.worker.meterstatus error running "meter-status-changed": charm missing from disk
unit-ubuntu-advantage-0: 01:40:04 ERROR juju.worker.meterstatus error running "meter-status-changed": charm missing from disk
unit-ubuntu-advantage-1: 01:40:04 ERROR juju.worker.meterstatus error running "meter-status-changed": charm missing from disk
unit-ubuntu-advantage-2: 01:40:04 ERROR juju.worker.meterstatus error running "meter-status-changed": charm missing from disk
unit-landscape-client-2: 01:40:32 ERROR unit.unit-landscape-client-2.juju-log Uncaught exception while in charm code:
Traceback (most recent call last):
  File "/var/lib/juju/agents/unit-landscape-client-2/charm/venv/ops/model.py", line 2955, in _run
    result = subprocess.run(args, **kwargs)  # type: ignore
  File "/usr/lib/python3.10/subprocess.py", line 526, in run
    raise CalledProcessError(retcode, process.args,
subprocess.CalledProcessError: Command '('/var/lib/juju/tools/unit-landscape-client-2/is-leader', '--format=json')' returned non-zero exit status 1.

The above exception was the direct cause of the following exception:

Traceback (most recent call last):
  File "/var/lib/juju/agents/unit-landscape-client-2/charm/./src/charm.py", line 261, in <module>
    main(LandscapeClientCharm)
  File "/var/lib/juju/agents/unit-landscape-client-2/charm/venv/ops/main.py", line 438, in main
    ops.charm._evaluate_status(charm)
  File "/var/lib/juju/agents/unit-landscape-client-2/charm/venv/ops/charm.py", line 1138, in _evaluate_status
    if charm.framework.model._backend.is_leader():
  File "/var/lib/juju/agents/unit-landscape-client-2/charm/venv/ops/model.py", line 3085, in is_leader
    is_leader = self._run('is-leader', return_output=True, use_json=True)
  File "/var/lib/juju/agents/unit-landscape-client-2/charm/venv/ops/model.py", line 2957, in _run
    raise ModelError(e.stderr) from e
ops.model.ModelError: ERROR leadership status unknown: not implemented for restricted context not implemented

unit-landscape-client-2: 01:40:32 ERROR juju.worker.meterstatus error running "meter-status-changed": exit status 1
machine-3: 01:42:17 ERROR juju.worker.dependency "lxd-container-provisioner" manifold worker returned unexpected error: container types not yet available
machine-3: 01:42:17 ERROR juju.worker.dependency "broker-tracker" manifold worker returned unexpected error: no container types determined
machine-3: 01:42:17 ERROR juju.worker.dependency "kvm-container-provisioner" manifold worker returned unexpected error: container types not yet available
unit-pg-3: 01:42:17 ERROR juju.worker.meterstatus error running "meter-status-changed": charm missing from disk
unit-ubuntu-advantage-3: 01:42:59 ERROR juju.worker.meterstatus error running "meter-status-changed": charm missing from disk
unit-landscape-client-3: 01:43:03 ERROR juju.worker.meterstatus error running "meter-status-changed": exit status 127

[32mINFO    [0m pytest_operator.plugin:plugin.py:947 Forgetting model main...