{"uid":"fee6f5d414b5b3e3","name":"test_forceful_restart_without_data_and_transaction_logs","fullName":"tests.integration.ha_tests.test_self_healing#test_forceful_restart_without_data_and_transaction_logs","historyId":"1ab295315f12ae381caee21d2bb9082a","time":{"start":1725761749408,"stop":1725761941832,"duration":192424},"description":"A forceful restart with deleted data and without transaction logs (forced clone).","descriptionHtml":"<p>A forceful restart with deleted data and without transaction logs (forced clone).</p>\n","status":"broken","statusMessage":"tenacity.RetryError: RetryError[<Future at 0x7f9c4b15f8e0 state=finished raised AssertionError>]","statusTrace":"Traceback (most recent call last):\n  File \"/home/runner/work/postgresql-operator/postgresql-operator/tests/integration/ha_tests/helpers.py\", line 112, in are_writes_increasing\n    more_writes[member] > count\nAssertionError: test.postgresql-2: writes not continuing to DB (current writes: 32 - previous writes: 32)\n\nThe above exception was the direct cause of the following exception:\n\nTraceback (most recent call last):\n  File \"/home/runner/work/postgresql-operator/postgresql-operator/.tox/integration/lib/python3.10/site-packages/_pytest/runner.py\", line 341, in from_call\n    result: TResult | None = func()\n  File \"/home/runner/work/postgresql-operator/postgresql-operator/.tox/integration/lib/python3.10/site-packages/_pytest/runner.py\", line 242, in <lambda>\n    lambda: runtest_hook(item=item, **kwds), when=when, reraise=reraise\n  File \"/home/runner/work/postgresql-operator/postgresql-operator/.tox/integration/lib/python3.10/site-packages/pluggy/_hooks.py\", line 513, in __call__\n    return self._hookexec(self.name, self._hookimpls.copy(), kwargs, firstresult)\n  File \"/home/runner/work/postgresql-operator/postgresql-operator/.tox/integration/lib/python3.10/site-packages/pluggy/_manager.py\", line 120, in _hookexec\n    return self._inner_hookexec(hook_name, methods, kwargs, firstresult)\n  File \"/home/runner/work/postgresql-operator/postgresql-operator/.tox/integration/lib/python3.10/site-packages/pluggy/_callers.py\", line 182, in _multicall\n    return outcome.get_result()\n  File \"/home/runner/work/postgresql-operator/postgresql-operator/.tox/integration/lib/python3.10/site-packages/pluggy/_result.py\", line 100, in get_result\n    raise exc.with_traceback(exc.__traceback__)\n  File \"/home/runner/work/postgresql-operator/postgresql-operator/.tox/integration/lib/python3.10/site-packages/pluggy/_callers.py\", line 167, in _multicall\n    teardown.throw(outcome._exception)\n  File \"/home/runner/work/postgresql-operator/postgresql-operator/.tox/integration/lib/python3.10/site-packages/_pytest/threadexception.py\", line 92, in pytest_runtest_call\n    yield from thread_exception_runtest_hook()\n  File \"/home/runner/work/postgresql-operator/postgresql-operator/.tox/integration/lib/python3.10/site-packages/_pytest/threadexception.py\", line 68, in thread_exception_runtest_hook\n    yield\n  File \"/home/runner/work/postgresql-operator/postgresql-operator/.tox/integration/lib/python3.10/site-packages/pluggy/_callers.py\", line 167, in _multicall\n    teardown.throw(outcome._exception)\n  File \"/home/runner/work/postgresql-operator/postgresql-operator/.tox/integration/lib/python3.10/site-packages/_pytest/unraisableexception.py\", line 95, in pytest_runtest_call\n    yield from unraisable_exception_runtest_hook()\n  File \"/home/runner/work/postgresql-operator/postgresql-operator/.tox/integration/lib/python3.10/site-packages/_pytest/unraisableexception.py\", line 70, in unraisable_exception_runtest_hook\n    yield\n  File \"/home/runner/work/postgresql-operator/postgresql-operator/.tox/integration/lib/python3.10/site-packages/pluggy/_callers.py\", line 167, in _multicall\n    teardown.throw(outcome._exception)\n  File \"/home/runner/work/postgresql-operator/postgresql-operator/.tox/integration/lib/python3.10/site-packages/_pytest/logging.py\", line 848, in pytest_runtest_call\n    yield from self._runtest_for(item, \"call\")\n  File \"/home/runner/work/postgresql-operator/postgresql-operator/.tox/integration/lib/python3.10/site-packages/_pytest/logging.py\", line 831, in _runtest_for\n    yield\n  File \"/home/runner/work/postgresql-operator/postgresql-operator/.tox/integration/lib/python3.10/site-packages/pluggy/_callers.py\", line 167, in _multicall\n    teardown.throw(outcome._exception)\n  File \"/home/runner/work/postgresql-operator/postgresql-operator/.tox/integration/lib/python3.10/site-packages/_pytest/capture.py\", line 879, in pytest_runtest_call\n    return (yield)\n  File \"/home/runner/work/postgresql-operator/postgresql-operator/.tox/integration/lib/python3.10/site-packages/pluggy/_callers.py\", line 167, in _multicall\n    teardown.throw(outcome._exception)\n  File \"/home/runner/work/postgresql-operator/postgresql-operator/.tox/integration/lib/python3.10/site-packages/_pytest/skipping.py\", line 257, in pytest_runtest_call\n    return (yield)\n  File \"/home/runner/work/postgresql-operator/postgresql-operator/.tox/integration/lib/python3.10/site-packages/pluggy/_callers.py\", line 103, in _multicall\n    res = hook_impl.function(*args)\n  File \"/home/runner/work/postgresql-operator/postgresql-operator/.tox/integration/lib/python3.10/site-packages/_pytest/runner.py\", line 174, in pytest_runtest_call\n    item.runtest()\n  File \"/home/runner/work/postgresql-operator/postgresql-operator/.tox/integration/lib/python3.10/site-packages/_pytest/python.py\", line 1627, in runtest\n    self.ihook.pytest_pyfunc_call(pyfuncitem=self)\n  File \"/home/runner/work/postgresql-operator/postgresql-operator/.tox/integration/lib/python3.10/site-packages/pluggy/_hooks.py\", line 513, in __call__\n    return self._hookexec(self.name, self._hookimpls.copy(), kwargs, firstresult)\n  File \"/home/runner/work/postgresql-operator/postgresql-operator/.tox/integration/lib/python3.10/site-packages/pluggy/_manager.py\", line 120, in _hookexec\n    return self._inner_hookexec(hook_name, methods, kwargs, firstresult)\n  File \"/home/runner/work/postgresql-operator/postgresql-operator/.tox/integration/lib/python3.10/site-packages/pluggy/_callers.py\", line 182, in _multicall\n    return outcome.get_result()\n  File \"/home/runner/work/postgresql-operator/postgresql-operator/.tox/integration/lib/python3.10/site-packages/pluggy/_result.py\", line 100, in get_result\n    raise exc.with_traceback(exc.__traceback__)\n  File \"/home/runner/work/postgresql-operator/postgresql-operator/.tox/integration/lib/python3.10/site-packages/pluggy/_callers.py\", line 103, in _multicall\n    res = hook_impl.function(*args)\n  File \"/home/runner/work/postgresql-operator/postgresql-operator/.tox/integration/lib/python3.10/site-packages/_pytest/python.py\", line 159, in pytest_pyfunc_call\n    result = testfunction(**testargs)\n  File \"/home/runner/work/postgresql-operator/postgresql-operator/.tox/integration/lib/python3.10/site-packages/pytest_asyncio/plugin.py\", line 529, in inner\n    _loop.run_until_complete(task)\n  File \"/usr/lib/python3.10/asyncio/base_events.py\", line 649, in run_until_complete\n    return future.result()\n  File \"/home/runner/work/postgresql-operator/postgresql-operator/tests/integration/ha_tests/test_self_healing.py\", line 353, in test_forceful_restart_without_data_and_transaction_logs\n    await are_writes_increasing(ops_test, primary_name)\n  File \"/home/runner/work/postgresql-operator/postgresql-operator/tests/integration/ha_tests/helpers.py\", line 103, in are_writes_increasing\n    for attempt in Retrying(stop=stop_after_delay(60 * 3), wait=wait_fixed(3)):\n  File \"/home/runner/work/postgresql-operator/postgresql-operator/.tox/integration/lib/python3.10/site-packages/tenacity/__init__.py\", line 443, in __iter__\n    do = self.iter(retry_state=retry_state)\n  File \"/home/runner/work/postgresql-operator/postgresql-operator/.tox/integration/lib/python3.10/site-packages/tenacity/__init__.py\", line 376, in iter\n    result = action(retry_state)\n  File \"/home/runner/work/postgresql-operator/postgresql-operator/.tox/integration/lib/python3.10/site-packages/tenacity/__init__.py\", line 419, in exc_check\n    raise retry_exc from fut.exception()\ntenacity.RetryError: RetryError[<Future at 0x7f9c4b15f8e0 state=finished raised AssertionError>]","flaky":false,"newFailed":false,"newBroken":false,"newPassed":false,"retriesCount":1,"retriesStatusChange":true,"beforeStages":[{"name":"event_loop","time":{"start":1725759261191,"stop":1725759261191,"duration":0},"status":"passed","steps":[],"attachments":[],"parameters":[],"stepsCount":0,"shouldDisplayMessage":false,"attachmentsCount":0,"hasContent":false,"attachmentStep":false},{"name":"ops_test","time":{"start":1725759261191,"stop":1725759261348,"duration":157},"status":"passed","steps":[],"attachments":[],"parameters":[],"stepsCount":0,"shouldDisplayMessage":false,"attachmentsCount":0,"hasContent":false,"attachmentStep":false},{"name":"tmp_path_factory","time":{"start":1725759261191,"stop":1725759261191,"duration":0},"status":"passed","steps":[],"attachments":[],"parameters":[],"stepsCount":0,"shouldDisplayMessage":false,"attachmentsCount":0,"hasContent":false,"attachmentStep":false},{"name":"primary_start_timeout","time":{"start":1725760489382,"stop":1725760492500,"duration":3118},"status":"passed","steps":[],"attachments":[],"parameters":[],"stepsCount":0,"shouldDisplayMessage":false,"attachmentsCount":0,"hasContent":false,"attachmentStep":false},{"name":"abort_on_fail","time":{"start":1725761746295,"stop":1725761746295,"duration":0},"status":"passed","steps":[],"attachments":[],"parameters":[],"stepsCount":0,"shouldDisplayMessage":false,"attachmentsCount":0,"hasContent":false,"attachmentStep":false},{"name":"wal_settings","time":{"start":1725761746296,"stop":1725761749407,"duration":3111},"status":"passed","steps":[],"attachments":[],"parameters":[],"stepsCount":0,"shouldDisplayMessage":false,"attachmentsCount":0,"hasContent":false,"attachmentStep":false},{"name":"continuous_writes","time":{"start":1725761746296,"stop":1725761746296,"duration":0},"status":"passed","steps":[],"attachments":[],"parameters":[],"stepsCount":0,"shouldDisplayMessage":false,"attachmentsCount":0,"hasContent":false,"attachmentStep":false}],"afterStages":[{"name":"wal_settings::finalizer","time":{"start":1725761941860,"stop":1725761953455,"duration":11595},"status":"passed","steps":[],"attachments":[],"parameters":[],"stepsCount":0,"shouldDisplayMessage":false,"attachmentsCount":0,"hasContent":false,"attachmentStep":false},{"name":"continuous_writes::finalizer","time":{"start":1725761953455,"stop":1725762255288,"duration":301833},"status":"failed","statusMessage":"AssertionError: Unable to clear up continuous_writes table\nassert 'False' == 'True'\n  \n  - True\n  + False\n","statusTrace":"  File \"/home/runner/work/postgresql-operator/postgresql-operator/.tox/integration/lib/python3.10/site-packages/allure_commons/_allure.py\", line 221, in __call__\n    return self._fixture_function(*args, **kwargs)\n  File \"/home/runner/work/postgresql-operator/postgresql-operator/.tox/integration/lib/python3.10/site-packages/pytest_asyncio/plugin.py\", line 300, in finalizer\n    event_loop.run_until_complete(async_finalizer())\n  File \"/usr/lib/python3.10/asyncio/base_events.py\", line 649, in run_until_complete\n    return future.result()\n  File \"/home/runner/work/postgresql-operator/postgresql-operator/.tox/integration/lib/python3.10/site-packages/pytest_asyncio/plugin.py\", line 292, in async_finalizer\n    await gen_obj.__anext__()\n  File \"/home/runner/work/postgresql-operator/postgresql-operator/tests/integration/ha_tests/conftest.py\", line 29, in continuous_writes\n    for attempt in Retrying(stop=stop_after_delay(60 * 5), wait=wait_fixed(3), reraise=True):\n  File \"/home/runner/work/postgresql-operator/postgresql-operator/.tox/integration/lib/python3.10/site-packages/tenacity/__init__.py\", line 443, in __iter__\n    do = self.iter(retry_state=retry_state)\n  File \"/home/runner/work/postgresql-operator/postgresql-operator/.tox/integration/lib/python3.10/site-packages/tenacity/__init__.py\", line 376, in iter\n    result = action(retry_state)\n  File \"/home/runner/work/postgresql-operator/postgresql-operator/.tox/integration/lib/python3.10/site-packages/tenacity/__init__.py\", line 418, in exc_check\n    raise retry_exc.reraise()\n  File \"/home/runner/work/postgresql-operator/postgresql-operator/.tox/integration/lib/python3.10/site-packages/tenacity/__init__.py\", line 185, in reraise\n    raise self.last_attempt.result()\n  File \"/usr/lib/python3.10/concurrent/futures/_base.py\", line 451, in result\n    return self.__get_result()\n  File \"/usr/lib/python3.10/concurrent/futures/_base.py\", line 403, in __get_result\n    raise self._exception\n  File \"/home/runner/work/postgresql-operator/postgresql-operator/tests/integration/ha_tests/conftest.py\", line 37, in continuous_writes\n    assert action.results[\"result\"] == \"True\", \"Unable to clear up continuous_writes table\"\n","steps":[],"attachments":[],"parameters":[],"stepsCount":0,"shouldDisplayMessage":true,"attachmentsCount":0,"hasContent":true,"attachmentStep":false},{"name":"abort_on_fail::0","time":{"start":1725762255288,"stop":1725762255288,"duration":0},"status":"passed","steps":[],"attachments":[],"parameters":[],"stepsCount":0,"shouldDisplayMessage":false,"attachmentsCount":0,"hasContent":false,"attachmentStep":false},{"name":"primary_start_timeout::finalizer","time":{"start":1725762255294,"stop":1725762255320,"duration":26},"status":"passed","steps":[],"attachments":[],"parameters":[],"stepsCount":0,"shouldDisplayMessage":false,"attachmentsCount":0,"hasContent":false,"attachmentStep":false},{"name":"ops_test::finalizer","time":{"start":1725762255321,"stop":1725762256147,"duration":826},"status":"passed","steps":[],"attachments":[],"parameters":[],"stepsCount":0,"shouldDisplayMessage":false,"attachmentsCount":0,"hasContent":false,"attachmentStep":false},{"name":"event_loop::2","time":{"start":1725762256149,"stop":1725762256153,"duration":4},"status":"passed","steps":[],"attachments":[],"parameters":[],"stepsCount":0,"shouldDisplayMessage":false,"attachmentsCount":0,"hasContent":false,"attachmentStep":false},{"name":"event_loop::_close_event_loop","time":{"start":1725762256153,"stop":1725762256158,"duration":5},"status":"passed","steps":[],"attachments":[],"parameters":[],"stepsCount":0,"shouldDisplayMessage":false,"attachmentsCount":0,"hasContent":false,"attachmentStep":false},{"name":"event_loop::_provide_clean_event_loop","time":{"start":1725762256158,"stop":1725762256158,"duration":0},"status":"passed","steps":[],"attachments":[],"parameters":[],"stepsCount":0,"shouldDisplayMessage":false,"attachmentsCount":0,"hasContent":false,"attachmentStep":false}],"labels":[{"name":"tag","value":"unstable"},{"name":"tag","value":"abort_on_fail"},{"name":"tag","value":"group(1)"},{"name":"tag","value":"asyncio"},{"name":"parentSuite","value":"tests.integration.ha_tests"},{"name":"suite","value":"test_self_healing"},{"name":"host","value":"fv-az573-941"},{"name":"thread","value":"9552-MainThread"},{"name":"framework","value":"pytest"},{"name":"language","value":"cpython3"},{"name":"package","value":"tests.integration.ha_tests.test_self_healing"},{"name":"resultFormat","value":"allure2"}],"parameters":[],"links":[],"hidden":false,"retry":false,"extra":{"severity":"normal","retries":[{"uid":"6cc49c85d3349481","status":"unknown","time":{}}],"categories":[{"name":"Test defects","matchedStatuses":[],"flaky":false}],"history":{"statistic":{"failed":9,"broken":97,"skipped":14,"passed":70,"unknown":3,"total":193},"items":[{"uid":"9863bd2517626b6e","reportUrl":"../3216//#testresult/9863bd2517626b6e","status":"skipped","statusDetails":"XFAIL reason: aborted\n\n_pytest.outcomes.XFailed: aborted","time":{"start":1725675386546,"stop":1725675386546,"duration":0}},{"uid":"112434de650dd595","reportUrl":"../3211//#testresult/112434de650dd595","status":"broken","statusDetails":"TypeError: change_wal_settings() missing 1 required positional argument: 'password'","time":{"start":1725588906193,"stop":1725588939808,"duration":33615}},{"uid":"1e60034563b1318d","reportUrl":"../3203//#testresult/1e60034563b1318d","status":"broken","statusDetails":"TypeError: change_wal_settings() missing 1 required positional argument: 'password'","time":{"start":1725502304698,"stop":1725502339024,"duration":34326}},{"uid":"35ae098d0777b91f","reportUrl":"../3195//#testresult/35ae098d0777b91f","status":"broken","statusDetails":"TypeError: change_wal_settings() missing 1 required positional argument: 'password'","time":{"start":1725416183693,"stop":1725416213075,"duration":29382}},{"uid":"db75cfc99a82363e","reportUrl":"../3189//#testresult/db75cfc99a82363e","status":"broken","statusDetails":"TypeError: change_wal_settings() missing 1 required positional argument: 'password'","time":{"start":1725329812597,"stop":1725329842388,"duration":29791}},{"uid":"8075f7f7905addcc","reportUrl":"../3182//#testresult/8075f7f7905addcc","status":"broken","statusDetails":"TypeError: change_wal_settings() missing 1 required positional argument: 'password'","time":{"start":1725243081822,"stop":1725243188917,"duration":107095}},{"uid":"9c7d62cc13d9b996","reportUrl":"../3177//#testresult/9c7d62cc13d9b996","status":"skipped","statusDetails":"XFAIL reason: aborted\n\n_pytest.outcomes.XFailed: aborted","time":{"start":1725071099202,"stop":1725071099202,"duration":0}},{"uid":"18c9ab894c7e1088","reportUrl":"../3173//#testresult/18c9ab894c7e1088","status":"broken","statusDetails":"TypeError: change_wal_settings() missing 1 required positional argument: 'password'","time":{"start":1724983746462,"stop":1724983763733,"duration":17271}},{"uid":"50861d15199720","reportUrl":"../3167//#testresult/50861d15199720","status":"passed","time":{"start":1724897724851,"stop":1724897906400,"duration":181549}},{"uid":"7ec5b5bf5d7bd457","reportUrl":"../3154//#testresult/7ec5b5bf5d7bd457","status":"broken","statusDetails":"Exception: Expected command 'ls -1 /var/snap/charmed-postgresql/common/var/lib/postgresql/pg_wal/' to succeed instead it failed: 1","time":{"start":1724811184066,"stop":1724811263792,"duration":79726}},{"uid":"33264b47220a1044","reportUrl":"../3144//#testresult/33264b47220a1044","status":"skipped","statusDetails":"XFAIL reason: aborted\n\n_pytest.outcomes.XFailed: aborted","time":{"start":1724724933299,"stop":1724724933299,"duration":0}},{"uid":"6161e333f815a923","reportUrl":"../3140//#testresult/6161e333f815a923","status":"passed","time":{"start":1724638191229,"stop":1724638371943,"duration":180714}},{"uid":"57b522b5346d3923","reportUrl":"../3139//#testresult/57b522b5346d3923","status":"broken","statusDetails":"Exception: Expected command 'ls -1 /var/snap/charmed-postgresql/common/var/lib/postgresql/pg_wal/' to succeed instead it failed: 1","time":{"start":1724551871587,"stop":1724551953397,"duration":81810}},{"uid":"cdc088933bfb3fbc","reportUrl":"../3138//#testresult/cdc088933bfb3fbc","status":"passed","time":{"start":1724465341420,"stop":1724465432359,"duration":90939}},{"uid":"73b81618c40d871e","reportUrl":"../3132//#testresult/73b81618c40d871e","status":"unknown","time":{}},{"uid":"847527e81c56f52f","reportUrl":"../3131//#testresult/847527e81c56f52f","status":"broken","statusDetails":"Exception: Expected command 'ls -1 /var/snap/charmed-postgresql/common/var/lib/postgresql/pg_wal/' to succeed instead it failed: 1","time":{"start":1724292570683,"stop":1724292654983,"duration":84300}},{"uid":"ae9d45068b5f82c","reportUrl":"../3129//#testresult/ae9d45068b5f82c","status":"passed","time":{"start":1724206328718,"stop":1724206461147,"duration":132429}},{"uid":"b03b05b72bdd31e3","reportUrl":"../3125//#testresult/b03b05b72bdd31e3","status":"passed","time":{"start":1724119957839,"stop":1724120130683,"duration":172844}},{"uid":"922f216038290caa","reportUrl":"../3119//#testresult/922f216038290caa","status":"skipped","statusDetails":"XFAIL reason: aborted\n\n_pytest.outcomes.XFailed: aborted","time":{"start":1724035287015,"stop":1724035287015,"duration":0}},{"uid":"c0dece2033df1b75","reportUrl":"../3118//#testresult/c0dece2033df1b75","status":"broken","statusDetails":"Exception: Expected command 'ls -1 /var/snap/charmed-postgresql/common/var/lib/postgresql/pg_wal/' to succeed instead it failed: 1","time":{"start":1723947124070,"stop":1723947203272,"duration":79202}}]},"tags":["unstable","asyncio","abort_on_fail","group(1)"]},"source":"fee6f5d414b5b3e3.json","parameterValues":[]}