[32mINFO    [0m pytest_operator.plugin:plugin.py:766 Connecting to existing model localhost-localhost:test on unspecified cloud
[32mINFO    [0m juju.model:model.py:2097 Deploying ch:amd64/jammy/s3-integrator-31
[32mINFO    [0m juju.model:model.py:2097 Deploying ch:amd64/jammy/self-signed-certificates-155
[32mINFO    [0m juju.model:model.py:2097 Deploying local:jammy/postgresql-0
[33mWARNING [0m juju.model:model.py:1563 relate is deprecated and will be removed. Use integrate instead.
[32mINFO    [0m juju.model:model.py:2971 Waiting for model:
  postgresql-aws/0 [allocating] waiting: waiting for machine
  postgresql-aws/1 [allocating] waiting: waiting for machine
[32mINFO    [0m juju.model:model.py:2971 Waiting for model:
  postgresql-aws/0 [allocating] waiting: waiting for machine
  postgresql-aws/1 [allocating] waiting: waiting for machine
[32mINFO    [0m juju.model:model.py:2971 Waiting for model:
  postgresql-aws/0 [allocating] waiting: waiting for machine
  postgresql-aws/1 [allocating] waiting: waiting for machine
[32mINFO    [0m juju.model:model.py:2971 Waiting for model:
  postgresql-aws/0 [allocating] waiting: waiting for machine
  postgresql-aws/1 [allocating] waiting: waiting for machine
[32mINFO    [0m juju.model:model.py:2971 Waiting for model:
  postgresql-aws/0 [allocating] waiting: waiting for machine
  postgresql-aws/1 [allocating] waiting: waiting for machine
[32mINFO    [0m juju.model:model.py:2971 Waiting for model:
  postgresql-aws/0 [executing] maintenance: installing PostgreSQL
  postgresql-aws/1 [executing] maintenance: installing PostgreSQL
[32mINFO    [0m juju.model:model.py:2971 Waiting for model:
  postgresql-aws/0 [executing] maintenance: installing PostgreSQL
  postgresql-aws/1 [executing] maintenance: installing PostgreSQL
[32mINFO    [0m juju.model:model.py:2971 Waiting for model:
  postgresql-aws/0 [executing] waiting: awaiting for cluster to start
  postgresql-aws/1 [executing] active: Primary
[32mINFO    [0m juju.model:model.py:2971 Waiting for model:
  postgresql-aws/0 [executing] waiting: awaiting for cluster to start
  postgresql-aws/1 [executing] active: Primary
[32mINFO    [0m juju.model:model.py:2971 Waiting for model:
  postgresql-aws/0 [executing] waiting: awaiting for cluster to start
  postgresql-aws/1 [executing] active: 
[32mINFO    [0m juju.model:model.py:2971 Waiting for model:
  postgresql-aws/0 [idle] waiting: awaiting for cluster to start
  postgresql-aws/1 [executing] maintenance: reconfiguring cluster
[32mINFO    [0m juju.model:model.py:2971 Waiting for model:
  postgresql-aws/0 [idle] active: 
  postgresql-aws/1 [executing] maintenance: reconfiguring cluster
[32mINFO    [0m juju.model:model.py:2971 Waiting for model:
  postgresql-aws/1 [idle] active: Primary
[33mWARNING [0m juju.model:model.py:1563 relate is deprecated and will be removed. Use integrate instead.
[32mINFO    [0m integration.helpers:helpers.py:1122 configuring S3 integrator for AWS
[32mINFO    [0m juju.model:model.py:2971 Waiting for model:
  postgresql-aws/0 [executing] active: 
  postgresql-aws/1 [executing] active: Primary
  s3-integrator/0 [executing] blocked: Missing parameters: ['access-key', 'secret-key']
[32mINFO    [0m juju.model:model.py:2971 Waiting for model:
  postgresql-aws/1 [executing] maintenance: initialising stanza
[32mINFO    [0m juju.model:model.py:2971 Waiting for model:
  postgresql-aws/1 [executing] maintenance: initialising stanza
[32mINFO    [0m juju.model:model.py:2971 Waiting for model:
  postgresql-aws/0 [idle] active: 
  postgresql-aws/1 [executing] maintenance: initialising stanza
[32mINFO    [0m juju.model:model.py:2971 Waiting for model:
  postgresql-aws/1 [executing] maintenance: checking stanza
[32mINFO    [0m juju.model:model.py:2971 Waiting for model:
  postgresql-aws/0 [executing] active: 
  postgresql-aws/1 [executing] maintenance: initialising stanza
[32mINFO    [0m juju.model:model.py:2971 Waiting for model:
  postgresql-aws/0 [executing] active: 
  postgresql-aws/1 [executing] active: Primary
[32mINFO    [0m integration.helpers:helpers.py:1143 creating a table in the database
[32mINFO    [0m integration.helpers:helpers.py:1152 creating a backup
[32mINFO    [0m juju.model:model.py:2971 Waiting for model:
  postgresql-aws/0 [idle] active: 
  postgresql-aws/1 [executing] active: Primary
  s3-integrator/0 [idle] active: 
[32mINFO    [0m juju.model:model.py:2971 Waiting for model:
  s3-integrator/0 [idle] active: 
  self-signed-certificates/0 [idle] active: 
  postgresql-aws/0 [idle] active: 
  postgresql-aws/1 [idle] active: Primary
[32mINFO    [0m integration.helpers:helpers.py:1164 listing the available backups
[32mINFO    [0m juju.model:model.py:2971 Waiting for model:
  s3-integrator/0 [idle] active: 
  self-signed-certificates/0 [idle] active: 
  postgresql-aws/0 [idle] active: 
  postgresql-aws/1 [idle] active: Primary
[32mINFO    [0m integration.helpers:helpers.py:1173 creating a second table in the database
[32mINFO    [0m integration.helpers:helpers.py:1180 creating a backup
[32mINFO    [0m juju.model:model.py:2971 Waiting for model:
  s3-integrator/0 [idle] active: 
  self-signed-certificates/0 [idle] active: 
  postgresql-aws/0 [idle] active: 
  postgresql-aws/1 [idle] active: Primary
[32mINFO    [0m integration.helpers:helpers.py:1191 listing the available backups
[32mINFO    [0m juju.model:model.py:2971 Waiting for model:
  s3-integrator/0 [idle] active: 
  self-signed-certificates/0 [idle] active: 
  postgresql-aws/0 [idle] active: 
  postgresql-aws/1 [idle] active: Primary
[32mINFO    [0m integration.helpers:helpers.py:1200 creating a second table in the database
[32mINFO    [0m integration.helpers:helpers.py:1221 restoring the backup
[32mINFO    [0m integration.helpers:helpers.py:1238 checking that the backup was correctly restored
[32mINFO    [0m integration.helpers:helpers.py:1270 restoring the backup
[32mINFO    [0m integration.helpers:helpers.py:1289 checking that the backup was correctly restored
[32mINFO    [0m integration.test_backups:test_backups.py:170 listing the available backups
[32mINFO    [0m juju.model:model.py:2971 Waiting for model:
  s3-integrator/0 [idle] active: 
  self-signed-certificates/0 [idle] active: 
  postgresql-aws/1 [executing] active: 
  postgresql-aws/2 [executing] blocked: Move restored cluster to another S3 bucket
[32mINFO    [0m juju.model:model.py:2971 Waiting for model:
  postgresql-aws/1 [executing] active: 
  postgresql-aws/2 [idle] active: Primary
[32mINFO    [0m integration.test_backups:test_backups.py:84 deleting the previously created backups
[32mINFO    [0m pytest_operator.plugin:plugin.py:903 Model status:

Model  Controller           Cloud/Region         Version  SLA          Timestamp
test   localhost-localhost  localhost/localhost  3.4.5    unsupported  02:00:53Z

App            Version  Status  Scale  Charm          Channel        Rev  Exposed  Message
s3-integrator           active      1  s3-integrator  latest/stable   31  no       

Unit              Workload  Agent  Machine  Public address  Ports  Message
s3-integrator/0*  active    idle   0        10.41.206.99           

Machine  State    Address       Inst id        Base          AZ  Message
0        started  10.41.206.99  juju-2dc196-0  ubuntu@22.04      Running

[32mINFO    [0m pytest_operator.plugin:plugin.py:909 Juju error logs:

machine-0: 01:35:11 ERROR juju.worker.dependency "lxd-container-provisioner" manifold worker returned unexpected error: container types not yet available
machine-0: 01:35:11 ERROR juju.worker.dependency "kvm-container-provisioner" manifold worker returned unexpected error: container types not yet available
unit-s3-integrator-0: 01:35:12 ERROR juju.worker.meterstatus error running "meter-status-changed": charm missing from disk
machine-1: 01:35:17 ERROR juju.worker.dependency "kvm-container-provisioner" manifold worker returned unexpected error: container types not yet available
unit-self-signed-certificates-0: 01:35:17 ERROR juju.worker.meterstatus error running "meter-status-changed": charm missing from disk
machine-3: 01:35:31 ERROR juju.worker.dependency "lxd-container-provisioner" manifold worker returned unexpected error: container types not yet available
machine-3: 01:35:31 ERROR juju.worker.dependency "kvm-container-provisioner" manifold worker returned unexpected error: container types not yet available
unit-postgresql-aws-1: 01:35:31 ERROR juju.worker.meterstatus error running "meter-status-changed": charm missing from disk
machine-2: 01:35:34 ERROR juju.worker.dependency "lxd-container-provisioner" manifold worker returned unexpected error: container types not yet available
machine-2: 01:35:34 ERROR juju.worker.dependency "kvm-container-provisioner" manifold worker returned unexpected error: container types not yet available
unit-postgresql-aws-0: 01:35:34 ERROR juju.worker.meterstatus error running "meter-status-changed": charm missing from disk
unit-postgresql-aws-1: 01:49:57 ERROR unit.postgresql-aws/1.juju-log Failed to get PostgreSQL last archived WAL: could not translate host name "None" to address: Temporary failure in name resolution

unit-postgresql-aws-1: 01:49:57 ERROR unit.postgresql-aws/1.juju-log Uncaught exception while in charm code:
Traceback (most recent call last):
  File "/var/lib/juju/agents/unit-postgresql-aws-1/charm/lib/charms/postgresql_k8s/v0/postgresql.py", line 395, in get_last_archived_wal
    with self._connect_to_database() as connection, connection.cursor() as cursor:
  File "/var/lib/juju/agents/unit-postgresql-aws-1/charm/lib/charms/tempo_k8s/v1/charm_tracing.py", line 724, in wrapped_function
    return callable(*args, **kwargs)  # type: ignore
  File "/var/lib/juju/agents/unit-postgresql-aws-1/charm/lib/charms/postgresql_k8s/v0/postgresql.py", line 131, in _connect_to_database
    connection = psycopg2.connect(
  File "/var/lib/juju/agents/unit-postgresql-aws-1/charm/venv/psycopg2/__init__.py", line 122, in connect
    conn = _connect(dsn, connection_factory=connection_factory, **kwasync)
psycopg2.OperationalError: could not translate host name "None" to address: Temporary failure in name resolution


During handling of the above exception, another exception occurred:

Traceback (most recent call last):
  File "/var/lib/juju/agents/unit-postgresql-aws-1/charm/./src/charm.py", line 1859, in <module>
    main(PostgresqlOperatorCharm)
  File "/var/lib/juju/agents/unit-postgresql-aws-1/charm/venv/ops/main.py", line 551, in main
    manager.run()
  File "/var/lib/juju/agents/unit-postgresql-aws-1/charm/venv/ops/main.py", line 530, in run
    self._emit()
  File "/var/lib/juju/agents/unit-postgresql-aws-1/charm/venv/ops/main.py", line 519, in _emit
    _emit_charm_event(self.charm, self.dispatcher.event_name)
  File "/var/lib/juju/agents/unit-postgresql-aws-1/charm/venv/ops/main.py", line 147, in _emit_charm_event
    event_to_emit.emit(*args, **kwargs)
  File "/var/lib/juju/agents/unit-postgresql-aws-1/charm/venv/ops/framework.py", line 348, in emit
    framework._emit(event)
  File "/var/lib/juju/agents/unit-postgresql-aws-1/charm/venv/ops/framework.py", line 860, in _emit
    self._reemit(event_path)
  File "/var/lib/juju/agents/unit-postgresql-aws-1/charm/venv/ops/framework.py", line 950, in _reemit
    custom_handler(event)
  File "/var/lib/juju/agents/unit-postgresql-aws-1/charm/lib/charms/tempo_k8s/v1/charm_tracing.py", line 724, in wrapped_function
    return callable(*args, **kwargs)  # type: ignore
  File "/var/lib/juju/agents/unit-postgresql-aws-1/charm/./src/charm.py", line 1340, in _on_update_status
    can_use_s3_repository, validation_message = self.backup.can_use_s3_repository()
  File "/var/lib/juju/agents/unit-postgresql-aws-1/charm/lib/charms/tempo_k8s/v1/charm_tracing.py", line 724, in wrapped_function
    return callable(*args, **kwargs)  # type: ignore
  File "/var/lib/juju/agents/unit-postgresql-aws-1/charm/src/backups.py", line 204, in can_use_s3_repository
    return self._is_s3_wal_compatible(stanza)
  File "/var/lib/juju/agents/unit-postgresql-aws-1/charm/lib/charms/tempo_k8s/v1/charm_tracing.py", line 724, in wrapped_function
    return callable(*args, **kwargs)  # type: ignore
  File "/var/lib/juju/agents/unit-postgresql-aws-1/charm/src/backups.py", line 210, in _is_s3_wal_compatible
    charm_last_archived_wal = self.charm.postgresql.get_last_archived_wal()
  File "/var/lib/juju/agents/unit-postgresql-aws-1/charm/lib/charms/tempo_k8s/v1/charm_tracing.py", line 724, in wrapped_function
    return callable(*args, **kwargs)  # type: ignore
  File "/var/lib/juju/agents/unit-postgresql-aws-1/charm/lib/charms/postgresql_k8s/v0/postgresql.py", line 400, in get_last_archived_wal
    raise PostgreSQLGetLastArchivedWALError()
charms.postgresql_k8s.v0.postgresql.PostgreSQLGetLastArchivedWALError
unit-postgresql-aws-1: 01:49:57 ERROR juju.worker.uniter.operation hook "update-status" (via hook dispatching script: dispatch) failed: exit status 1
machine-4: 01:54:32 ERROR juju.worker.dependency "kvm-container-provisioner" manifold worker returned unexpected error: container types not yet available
machine-4: 01:54:32 ERROR juju.worker.dependency "lxd-container-provisioner" manifold worker returned unexpected error: container types not yet available
unit-postgresql-aws-2: 01:54:32 ERROR juju.worker.meterstatus error running "meter-status-changed": charm missing from disk
unit-s3-integrator-0: 01:59:51 ERROR juju.worker.dependency "uniter" manifold worker returned unexpected error: relation scope id "ebe9626d-dd66-4d15-8eb3-47b2152dc196:r#5#postgresql-aws": settings ebe9626d-dd66-4d15-8eb3-47b2152dc196:r#5#postgresql-aws not found (not found)
unit-postgresql-aws-2: 02:00:06 ERROR juju.worker.dependency "uniter" manifold worker returned unexpected error: relation scope id "ebe9626d-dd66-4d15-8eb3-47b2152dc196:r#5#s3-integrator": settings ebe9626d-dd66-4d15-8eb3-47b2152dc196:r#5#s3-integrator not found (not found)

[32mINFO    [0m pytest_operator.plugin:plugin.py:991 Forgetting model main...