[32mINFO    [0m pytest_operator.plugin:plugin.py:675 Connecting to existing model localhost-localhost:test on unspecified cloud
[32mINFO    [0m juju.model:model.py:2097 Deploying local:jammy/postgresql-0
[33mWARNING [0m juju.model:model.py:1563 relate is deprecated and will be removed. Use integrate instead.
[32mINFO    [0m juju.model:model.py:2957 Waiting for model:
  postgresql/0 [allocating] waiting: waiting for machine
  postgresql/1 [allocating] waiting: waiting for machine
  postgresql/2 [allocating] waiting: waiting for machine
[32mINFO    [0m juju.model:model.py:2957 Waiting for model:
  landscape-server/0 [allocating] waiting: waiting for machine
  landscape-server/1 [allocating] waiting: waiting for machine
[32mINFO    [0m juju.model:model.py:2957 Waiting for model:
  postgresql/0 [allocating] waiting: waiting for machine
  postgresql/1 [allocating] waiting: waiting for machine
  postgresql/2 [allocating] waiting: waiting for machine
[32mINFO    [0m juju.model:model.py:2957 Waiting for model:
  landscape-server/0 [allocating] waiting: waiting for machine
  landscape-server/1 [allocating] waiting: waiting for machine
[32mINFO    [0m juju.model:model.py:2957 Waiting for model:
  postgresql/0 [allocating] waiting: waiting for machine
  postgresql/1 [allocating] waiting: waiting for machine
  postgresql/2 [allocating] waiting: waiting for machine
[32mINFO    [0m juju.model:model.py:2957 Waiting for model:
  landscape-server/0 [allocating] waiting: waiting for machine
  landscape-server/1 [allocating] waiting: waiting for machine
[32mINFO    [0m juju.model:model.py:2957 Waiting for model:
  postgresql/0 [allocating] waiting: waiting for machine
  postgresql/1 [allocating] waiting: waiting for machine
  postgresql/2 [allocating] waiting: waiting for machine
[32mINFO    [0m juju.model:model.py:2957 Waiting for model:
  landscape-server/0 [allocating] waiting: waiting for machine
  landscape-server/1 [allocating] waiting: waiting for machine
[32mINFO    [0m juju.model:model.py:2957 Waiting for model:
  postgresql/0 [allocating] waiting: waiting for machine
  postgresql/1 [allocating] waiting: waiting for machine
  postgresql/2 [allocating] waiting: waiting for machine
[32mINFO    [0m juju.model:model.py:2957 Waiting for model:
  landscape-server/0 [allocating] waiting: waiting for machine
  landscape-server/1 [allocating] waiting: waiting for machine
[32mINFO    [0m juju.model:model.py:2957 Waiting for model:
  postgresql/0 [allocating] waiting: waiting for machine
  postgresql/1 [allocating] waiting: waiting for machine
  postgresql/2 [allocating] waiting: waiting for machine
[32mINFO    [0m juju.model:model.py:2957 Waiting for model:
  landscape-server/0 [allocating] waiting: waiting for machine
  landscape-server/1 [allocating] waiting: waiting for machine
[32mINFO    [0m juju.model:model.py:2957 Waiting for model:
  postgresql/0 [allocating] waiting: waiting for machine
  postgresql/1 [allocating] waiting: waiting for machine
  postgresql/2 [allocating] waiting: waiting for machine
[32mINFO    [0m juju.model:model.py:2957 Waiting for model:
  landscape-server/0 [allocating] waiting: waiting for machine
  landscape-server/1 [allocating] waiting: waiting for machine
[32mINFO    [0m juju.model:model.py:2957 Waiting for model:
  postgresql/0 [allocating] waiting: waiting for machine
  postgresql/1 [allocating] waiting: waiting for machine
  postgresql/2 [allocating] waiting: waiting for machine
[32mINFO    [0m juju.model:model.py:2957 Waiting for model:
  landscape-server/0 [allocating] waiting: waiting for machine
  landscape-server/1 [allocating] waiting: waiting for machine
[32mINFO    [0m juju.model:model.py:2957 Waiting for model:
  postgresql/0 [executing] maintenance: installing PostgreSQL
  postgresql/1 [executing] maintenance: installing charm software
  postgresql/2 [executing] waiting: agent initialising
[32mINFO    [0m juju.model:model.py:2957 Waiting for model:
  landscape-server/0 [allocating] waiting: agent initialising
  landscape-server/1 [allocating] waiting: installing agent
[32mINFO    [0m juju.model:model.py:2957 Waiting for model:
  landscape-server/0 [executing] maintenance: Installing apt packages
  landscape-server/1 [executing] maintenance: Installing apt packages
[32mINFO    [0m juju.model:model.py:2957 Waiting for model:
  postgresql/0 [executing] maintenance: installing PostgreSQL
  postgresql/1 [executing] maintenance: installing PostgreSQL
  postgresql/2 [executing] maintenance: installing PostgreSQL
[32mINFO    [0m juju.model:model.py:2957 Waiting for model:
  landscape-server/0 [executing] maintenance: Installing apt packages
  landscape-server/1 [executing] maintenance: Installing apt packages
[32mINFO    [0m juju.model:model.py:2957 Waiting for model:
  postgresql/0 [executing] waiting: waiting to start PostgreSQL
  postgresql/1 [executing] waiting: waiting to start PostgreSQL
  postgresql/2 [executing] waiting: waiting to start PostgreSQL
[32mINFO    [0m juju.model:model.py:2957 Waiting for model:
  landscape-server/0 [executing] maintenance: Installing apt packages
  landscape-server/1 [executing] maintenance: Installing apt packages
[32mINFO    [0m juju.model:model.py:2957 Waiting for model:
  postgresql/0 [executing] waiting: waiting to start PostgreSQL
  postgresql/1 [idle] waiting: awaiting passwords generation
  postgresql/2 [idle] waiting: awaiting passwords generation
[32mINFO    [0m juju.model:model.py:2957 Waiting for model:
  landscape-server/0 [executing] maintenance: Installing apt packages
  landscape-server/1 [executing] maintenance: Installing apt packages
[32mINFO    [0m juju.model:model.py:2957 Waiting for model:
  postgresql/0 [executing] waiting: waiting to start PostgreSQL
  postgresql/1 [idle] waiting: awaiting passwords generation
  postgresql/2 [idle] waiting: awaiting passwords generation
[32mINFO    [0m juju.model:model.py:2957 Waiting for model:
  landscape-server/0 [executing] maintenance: Installing apt packages
  landscape-server/1 [executing] maintenance: Installing apt packages
[32mINFO    [0m juju.model:model.py:2957 Waiting for model:
  postgresql/0 [executing] waiting: waiting to start PostgreSQL
  postgresql/1 [idle] waiting: awaiting passwords generation
  postgresql/2 [idle] waiting: awaiting passwords generation
[32mINFO    [0m juju.model:model.py:2957 Waiting for model:
  landscape-server/0 [executing] maintenance: Installing apt packages
  landscape-server/1 [executing] maintenance: Installing apt packages
[32mINFO    [0m juju.model:model.py:2957 Waiting for model:
  postgresql/0 [executing] waiting: waiting to start PostgreSQL
  postgresql/1 [idle] waiting: awaiting passwords generation
  postgresql/2 [idle] waiting: awaiting passwords generation
[32mINFO    [0m juju.model:model.py:2957 Waiting for model:
  landscape-server/0 [executing] maintenance: Installing apt packages
  landscape-server/1 [executing] maintenance: Installing apt packages
[32mINFO    [0m juju.model:model.py:2957 Waiting for model:
  postgresql/0 [executing] waiting: waiting to start PostgreSQL
  postgresql/1 [idle] waiting: awaiting passwords generation
  postgresql/2 [idle] waiting: awaiting passwords generation
[32mINFO    [0m juju.model:model.py:2957 Waiting for model:
  landscape-server/0 [executing] maintenance: Installing apt packages
  landscape-server/1 [executing] maintenance: Installing apt packages
[32mINFO    [0m juju.model:model.py:2957 Waiting for model:
  postgresql/0 [executing] waiting: waiting to start PostgreSQL
  postgresql/1 [idle] waiting: awaiting passwords generation
  postgresql/2 [idle] waiting: awaiting passwords generation
[32mINFO    [0m juju.model:model.py:2957 Waiting for model:
  landscape-server/0 [executing] maintenance: Installing apt packages
  landscape-server/1 [executing] maintenance: Installing apt packages
[32mINFO    [0m juju.model:model.py:2957 Waiting for model:
  postgresql/0 [executing] waiting: waiting to start PostgreSQL
  postgresql/1 [idle] waiting: awaiting passwords generation
  postgresql/2 [idle] waiting: awaiting passwords generation
[32mINFO    [0m juju.model:model.py:2957 Waiting for model:
  landscape-server/0 [executing] maintenance: Installing apt packages
  landscape-server/1 [executing] maintenance: Installing apt packages
[32mINFO    [0m juju.model:model.py:2957 Waiting for model:
  postgresql/0 [executing] waiting: waiting to start PostgreSQL
  postgresql/1 [idle] waiting: awaiting for cluster to start
  postgresql/2 [idle] waiting: awaiting for cluster to start
[32mINFO    [0m juju.model:model.py:2957 Waiting for model:
  landscape-server/0 [executing] maintenance: Installing apt packages
  landscape-server/1 [executing] maintenance: Installing apt packages
[32mINFO    [0m juju.model:model.py:2957 Waiting for model:
  postgresql/0 [executing] maintenance: reconfiguring cluster
  postgresql/1 [idle] waiting: awaiting for cluster to start
  postgresql/2 [idle] waiting: awaiting for cluster to start
[32mINFO    [0m juju.model:model.py:2957 Waiting for model:
  landscape-server/0 [executing] maintenance: Installing apt packages
  landscape-server/1 [executing] maintenance: Installing apt packages
[32mINFO    [0m juju.model:model.py:2957 Waiting for model:
  postgresql/0 [executing] maintenance: reconfiguring cluster
  postgresql/1 [executing] waiting: awaiting for cluster to start
  postgresql/2 [executing] waiting: awaiting for cluster to start
[32mINFO    [0m juju.model:model.py:2957 Waiting for model:
  landscape-server/0 [executing] waiting: Waiting on relations: db, amqp
  landscape-server/1 [executing] waiting: Waiting on relations: db, amqp
[32mINFO    [0m juju.model:model.py:2957 Waiting for model:
  postgresql/0 [executing] maintenance: reconfiguring cluster
  postgresql/1 [executing] waiting: awaiting for cluster to start
  postgresql/2 [executing] waiting: awaiting for cluster to start
[32mINFO    [0m juju.model:model.py:2957 Waiting for model:
  landscape-server/0 [idle] waiting: Waiting on relations: db
  landscape-server/1 [idle] waiting: Waiting on relations: db
[32mINFO    [0m juju.model:model.py:2957 Waiting for model:
  postgresql/0 [executing] maintenance: reconfiguring cluster
  postgresql/1 [executing] active: 
  postgresql/2 [idle] waiting: awaiting for cluster to start
[32mINFO    [0m juju.model:model.py:2957 Waiting for model:
  landscape-server/0 [idle] waiting: Waiting on relations: db
  landscape-server/1 [idle] waiting: Waiting on relations: db
[32mINFO    [0m juju.model:model.py:2957 Waiting for model:
  postgresql/0 [executing] active: 
  postgresql/1 [executing] active: 
  postgresql/2 [idle] waiting: awaiting for cluster to start
[32mINFO    [0m juju.model:model.py:2957 Waiting for model:
  landscape-server/0 [idle] waiting: Waiting on relations: db
  landscape-server/1 [idle] waiting: Waiting on relations: db
[32mINFO    [0m juju.model:model.py:2957 Waiting for model:
  postgresql/0 [executing] active: 
  postgresql/1 [executing] active: 
  postgresql/2 [idle] waiting: awaiting for cluster to start
[32mINFO    [0m juju.model:model.py:2957 Waiting for model:
  landscape-server/0 [executing] maintenance: Setting up databases
  landscape-server/1 [idle] waiting: Waiting on relations: db
[32mINFO    [0m juju.model:model.py:2957 Waiting for model:
  postgresql/0 [executing] maintenance: reconfiguring cluster
  postgresql/1 [executing] active: 
  postgresql/2 [idle] waiting: awaiting for cluster to start
[32mINFO    [0m juju.model:model.py:2957 Waiting for model:
  landscape-server/0 [executing] maintenance: Setting up databases
  landscape-server/1 [executing] maintenance: Setting up databases
[32mINFO    [0m juju.model:model.py:2957 Waiting for model:
  postgresql/0 [executing] active: 
  postgresql/1 [idle] active: 
  postgresql/2 [idle] waiting: awaiting for cluster to start
[32mINFO    [0m juju.model:model.py:2957 Waiting for model:
  landscape-server/0 [executing] maintenance: Setting up databases
  landscape-server/1 [executing] maintenance: Setting up databases
[32mINFO    [0m juju.model:model.py:2957 Waiting for model:
  postgresql/0 [executing] maintenance: reconfiguring cluster
  postgresql/1 [idle] active: 
  postgresql/2 [idle] waiting: awaiting for cluster to start
[32mINFO    [0m juju.model:model.py:2957 Waiting for model:
  landscape-server/0 [executing] maintenance: Starting services
  landscape-server/1 [executing] maintenance: Starting services
[32mINFO    [0m juju.model:model.py:2957 Waiting for model:
  postgresql/0 [idle] active: 
  postgresql/1 [idle] active: 
  postgresql/2 [idle] waiting: awaiting for cluster to start
[32mINFO    [0m juju.model:model.py:2957 Waiting for model:
  landscape-server/0 [executing] maintenance: Starting services
  landscape-server/1 [executing] maintenance: Starting services
[32mINFO    [0m juju.model:model.py:2957 Waiting for model:
  postgresql/0 [idle] active: 
  postgresql/1 [idle] active: 
  postgresql/2 [idle] waiting: awaiting for member to start
[32mINFO    [0m juju.model:model.py:2957 Waiting for model:
  landscape-server/0 [idle] active: Unit is ready
  landscape-server/1 [idle] active: Unit is ready
[32mINFO    [0m juju.model:model.py:2957 Waiting for model:
  postgresql/0 [idle] active: Primary
  postgresql/1 [idle] active: 
  postgresql/2 [idle] waiting: awaiting for member to start
[32mINFO    [0m juju.model:model.py:2957 Waiting for model:
  postgresql/0 [idle] active: Primary
  postgresql/1 [idle] active: 
  postgresql/2 [idle] waiting: awaiting for member to start
[32mINFO    [0m juju.model:model.py:2957 Waiting for model:
  postgresql/0 [idle] active: Primary
  postgresql/1 [idle] active: 
  postgresql/2 [idle] waiting: awaiting for member to start
[32mINFO    [0m juju.model:model.py:2957 Waiting for model:
  postgresql/0 [idle] active: Primary
  postgresql/1 [idle] active: 
  postgresql/2 [idle] waiting: awaiting for member to start
[32mINFO    [0m juju.model:model.py:2957 Waiting for model:
  postgresql/0 [idle] active: Primary
  postgresql/1 [idle] active: 
  postgresql/2 [idle] waiting: awaiting for member to start
[32mINFO    [0m juju.model:model.py:2957 Waiting for model:
  postgresql/0 [idle] active: Primary
  postgresql/1 [idle] active: 
  postgresql/2 [idle] waiting: awaiting for member to start
[32mINFO    [0m juju.model:model.py:2957 Waiting for model:
  postgresql/0 [idle] active: Primary
  postgresql/1 [idle] active: 
  postgresql/2 [idle] waiting: awaiting for member to start
[32mINFO    [0m juju.model:model.py:2957 Waiting for model:
  postgresql/0 [idle] active: Primary
  postgresql/1 [idle] active: 
  postgresql/2 [idle] waiting: awaiting for member to start
[32mINFO    [0m juju.model:model.py:2957 Waiting for model:
  postgresql/0 [idle] active: Primary
  postgresql/1 [idle] active: 
  postgresql/2 [idle] waiting: awaiting for member to start
[32mINFO    [0m juju.model:model.py:2957 Waiting for model:
  postgresql/0 [idle] active: Primary
  postgresql/1 [idle] active: 
  postgresql/2 [idle] waiting: awaiting for member to start
[32mINFO    [0m juju.model:model.py:2957 Waiting for model:
  postgresql/0 [idle] active: Primary
  postgresql/1 [idle] active: 
  postgresql/2 [idle] waiting: awaiting for member to start
[32mINFO    [0m juju.model:model.py:2957 Waiting for model:
  postgresql/0 [idle] active: Primary
  postgresql/1 [idle] active: 
  postgresql/2 [idle] waiting: awaiting for member to start
[32mINFO    [0m juju.model:model.py:2957 Waiting for model:
  postgresql/0 [idle] active: Primary
  postgresql/1 [idle] active: 
  postgresql/2 [idle] waiting: awaiting for member to start
[32mINFO    [0m juju.model:model.py:2957 Waiting for model:
  postgresql/0 [executing] active: Primary
  postgresql/1 [executing] active: 
[32mINFO    [0m juju.model:model.py:2957 Waiting for model:
  landscape-server/0 [idle] active: Unit is ready
  landscape-server/1 [idle] active: Unit is ready
  postgresql/0 [idle] active: Primary
  postgresql/1 [idle] active: 
  postgresql/2 [idle] active: 
[32mINFO    [0m juju.model:model.py:2957 Waiting for model:
  landscape-server/0 [executing] maintenance: Starting services
  landscape-server/1 [executing] maintenance: Starting services
[32mINFO    [0m integration.test_db_admin:test_db_admin.py:108 restarting primary
[32mINFO    [0m juju.model:model.py:2957 Waiting for model:
  postgresql/0 [idle] active: Primary
  postgresql/1 [idle] active: 
  postgresql/2 [idle] active: 
[32mINFO    [0m juju.model:model.py:2957 Waiting for model:
  postgresql/0 [idle] waiting: awaiting for member to start
  postgresql/1 [executing] active: 
  postgresql/2 [executing] active: 
[32mINFO    [0m juju.model:model.py:2957 Waiting for model:
  postgresql/0 [idle] waiting: awaiting for member to start
  postgresql/1 [idle] active: 
  postgresql/2 [idle] active: 
[32mINFO    [0m juju.model:model.py:2957 Waiting for model:
  postgresql/0 [idle] waiting: awaiting for member to start
  postgresql/1 [idle] active: 
  postgresql/2 [idle] active: 
[32mINFO    [0m juju.model:model.py:2957 Waiting for model:
  postgresql/0 [idle] waiting: awaiting for member to start
  postgresql/1 [idle] active: 
  postgresql/2 [idle] active: 
[32mINFO    [0m juju.model:model.py:2957 Waiting for model:
  postgresql/0 [idle] waiting: awaiting for member to start
  postgresql/1 [idle] active: 
  postgresql/2 [idle] active: 
[32mINFO    [0m juju.model:model.py:2957 Waiting for model:
  postgresql/0 [idle] waiting: awaiting for member to start
  postgresql/1 [idle] active: 
  postgresql/2 [idle] active: 
[32mINFO    [0m juju.model:model.py:2957 Waiting for model:
  postgresql/0 [idle] waiting: awaiting for member to start
  postgresql/1 [idle] active: Primary
  postgresql/2 [idle] active: 
[32mINFO    [0m juju.model:model.py:2957 Waiting for model:
  postgresql/0 [idle] waiting: awaiting for member to start
  postgresql/1 [idle] active: Primary
  postgresql/2 [idle] active: 
[32mINFO    [0m juju.model:model.py:2957 Waiting for model:
  postgresql/1 [idle] active: 
  postgresql/2 [idle] active: 
[32mINFO    [0m integration.test_db_admin:test_db_admin.py:129 triggering a switchover
[32mINFO    [0m juju.model:model.py:2957 Waiting for model:
  landscape-server/0 [idle] active: Unit is ready
  landscape-server/1 [idle] active: Unit is ready
  postgresql/0 [idle] active: 
  postgresql/1 [idle] active: 
  postgresql/2 [idle] active: 
[32mINFO    [0m juju.model:model.py:2957 Waiting for model:
  landscape-server/0 [executing] maintenance: Starting services
  landscape-server/1 [idle] active: Unit is ready
[32mINFO    [0m pytest_operator.plugin:plugin.py:784 Model status:

Model  Controller           Cloud/Region         Version  SLA          Timestamp
test   localhost-localhost  localhost/localhost  3.1.7    unsupported  01:58:07Z

Machine  State    Address         Inst id        Base          AZ  Message
0        stopped  10.192.159.59   juju-eee3bf-0  ubuntu@22.04      Running
1        stopped  10.192.159.173  juju-eee3bf-1  ubuntu@22.04      Running
2        stopped  10.192.159.187  juju-eee3bf-2  ubuntu@22.04      Running

[32mINFO    [0m pytest_operator.plugin:plugin.py:790 Juju error logs:

machine-0: 01:31:17 ERROR juju.worker.dependency "kvm-container-provisioner" manifold worker returned unexpected error: container types not yet available
machine-0: 01:31:17 ERROR juju.worker.dependency "broker-tracker" manifold worker returned unexpected error: no container types determined
machine-0: 01:31:17 ERROR juju.worker.dependency "lxd-container-provisioner" manifold worker returned unexpected error: container types not yet available
unit-postgresql-0: 01:31:17 ERROR juju.worker.meterstatus error running "meter-status-changed": charm missing from disk
machine-1: 01:31:24 ERROR juju.worker.dependency "lxd-container-provisioner" manifold worker returned unexpected error: container types not yet available
machine-1: 01:31:24 ERROR juju.worker.dependency "kvm-container-provisioner" manifold worker returned unexpected error: container types not yet available
machine-1: 01:31:24 ERROR juju.worker.dependency "broker-tracker" manifold worker returned unexpected error: no container types determined
unit-postgresql-1: 01:31:25 ERROR juju.worker.meterstatus error running "meter-status-changed": charm missing from disk
machine-2: 01:31:28 ERROR juju.worker.dependency "lxd-container-provisioner" manifold worker returned unexpected error: container types not yet available
machine-2: 01:31:28 ERROR juju.worker.dependency "broker-tracker" manifold worker returned unexpected error: no container types determined
machine-2: 01:31:28 ERROR juju.worker.dependency "kvm-container-provisioner" manifold worker returned unexpected error: container types not yet available
unit-postgresql-2: 01:31:30 ERROR juju.worker.meterstatus error running "meter-status-changed": charm missing from disk
machine-3: 01:31:35 ERROR juju.worker.dependency "kvm-container-provisioner" manifold worker returned unexpected error: container types not yet available
machine-3: 01:31:35 ERROR juju.worker.dependency "lxd-container-provisioner" manifold worker returned unexpected error: container types not yet available
machine-3: 01:31:35 ERROR juju.worker.dependency "broker-tracker" manifold worker returned unexpected error: no container types determined
unit-haproxy-0: 01:31:36 ERROR juju.worker.meterstatus error running "meter-status-changed": charm missing from disk
machine-6: 01:31:41 ERROR juju.worker.dependency "broker-tracker" manifold worker returned unexpected error: no container types determined
machine-6: 01:31:41 ERROR juju.worker.dependency "lxd-container-provisioner" manifold worker returned unexpected error: container types not yet available
machine-6: 01:31:41 ERROR juju.worker.dependency "kvm-container-provisioner" manifold worker returned unexpected error: container types not yet available
unit-rabbitmq-server-0: 01:31:42 ERROR juju.worker.meterstatus error running "meter-status-changed": charm missing from disk
machine-4: 01:31:43 ERROR juju.worker.dependency "broker-tracker" manifold worker returned unexpected error: no container types determined
machine-4: 01:31:43 ERROR juju.worker.dependency "lxd-container-provisioner" manifold worker returned unexpected error: container types not yet available
machine-4: 01:31:43 ERROR juju.worker.dependency "kvm-container-provisioner" manifold worker returned unexpected error: container types not yet available
machine-5: 01:31:44 ERROR juju.worker.dependency "broker-tracker" manifold worker returned unexpected error: no container types determined
machine-5: 01:31:44 ERROR juju.worker.dependency "kvm-container-provisioner" manifold worker returned unexpected error: container types not yet available
machine-5: 01:31:44 ERROR juju.worker.dependency "lxd-container-provisioner" manifold worker returned unexpected error: container types not yet available
unit-landscape-server-0: 01:31:45 ERROR juju.worker.meterstatus error running "meter-status-changed": charm missing from disk
unit-landscape-server-1: 01:31:47 ERROR juju.worker.meterstatus error running "meter-status-changed": charm missing from disk
unit-postgresql-0: 01:36:58 ERROR unit.postgresql/0.juju-log database-peers:0: Failed to list PostgreSQL database users: could not translate host name "None" to address: Temporary failure in name resolution

unit-postgresql-0: 01:55:18 ERROR unit.postgresql/0.juju-log failed to change plugins: 
Traceback (most recent call last):
  File "/var/lib/juju/agents/unit-postgresql-0/charm/lib/charms/postgresql_k8s/v0/postgresql.py", line 316, in enable_disable_extensions
    cursor.execute(
psycopg2.errors.DependentObjectsStillExist: cannot drop extension debversion because other objects depend on it
DETAIL:  column version of table package depends on type debversion
HINT:  Use DROP ... CASCADE to drop the dependent objects too.


During handling of the above exception, another exception occurred:

Traceback (most recent call last):
  File "/var/lib/juju/agents/unit-postgresql-0/charm/./src/charm.py", line 918, in enable_disable_extensions
    self.postgresql.enable_disable_extensions(extensions, database)
  File "/var/lib/juju/agents/unit-postgresql-0/charm/lib/charms/postgresql_k8s/v0/postgresql.py", line 324, in enable_disable_extensions
    raise PostgreSQLEnableDisableExtensionError()
charms.postgresql_k8s.v0.postgresql.PostgreSQLEnableDisableExtensionError
unit-rabbitmq-server-0: 01:57:28 ERROR juju.worker.dependency "uniter" manifold worker returned unexpected error: relation scope id "c4c98b2b-e0a6-4f5c-80d6-b55084eee3bf:r#6#landscape-server": settings c4c98b2b-e0a6-4f5c-80d6-b55084eee3bf:r#6#landscape-server not found (not found)
unit-landscape-server-0: 01:57:28 ERROR juju.worker.dependency "uniter" manifold worker returned unexpected error: relation scope id "c4c98b2b-e0a6-4f5c-80d6-b55084eee3bf:r#6#rabbitmq-server": settings c4c98b2b-e0a6-4f5c-80d6-b55084eee3bf:r#6#rabbitmq-server not found (not found)
machine-3: 01:57:34 ERROR juju.api.watcher error trying to stop watcher: websocket: close sent
unit-rabbitmq-server-0: 01:57:49 ERROR juju.worker.dependency "uniter" manifold worker returned unexpected error: relation scope id "c4c98b2b-e0a6-4f5c-80d6-b55084eee3bf:r#5#rabbitmq-server": settings c4c98b2b-e0a6-4f5c-80d6-b55084eee3bf:r#5#rabbitmq-server not found (not found)

[32mINFO    [0m pytest_operator.plugin:plugin.py:856 Forgetting main...