{"uid":"d860548f62d5ed9d","name":"test_forceful_restart_without_data_and_transaction_logs","fullName":"tests.integration.ha_tests.test_self_healing#test_forceful_restart_without_data_and_transaction_logs","historyId":"1ab295315f12ae381caee21d2bb9082a","time":{"start":1715221126030,"stop":1715221126030,"duration":0},"description":"A forceful restart with deleted data and without transaction logs (forced clone).","descriptionHtml":"<p>A forceful restart with deleted data and without transaction logs (forced clone).</p>\n","status":"broken","statusMessage":"tenacity.RetryError: RetryError[<Future at 0x7f4b640929b0 state=finished raised RetryError>]","statusTrace":"Traceback (most recent call last):\n  File \"/home/runner/work/postgresql-operator/postgresql-operator/tests/integration/ha_tests/helpers.py\", line 634, in get_primary\n    assert action.results[\"primary\"] is not None and action.results[\"primary\"] != \"None\"\nAssertionError\n\nThe above exception was the direct cause of the following exception:\n\nTraceback (most recent call last):\n  File \"/home/runner/work/postgresql-operator/postgresql-operator/tests/integration/ha_tests/helpers.py\", line 432, in get_postgresql_parameter\n    primary_name = await get_primary(ops_test, app)\n  File \"/home/runner/work/postgresql-operator/postgresql-operator/tests/integration/ha_tests/helpers.py\", line 629, in get_primary\n    for attempt in Retrying(stop=stop_after_delay(60 * 3), wait=wait_fixed(3)):\n  File \"/home/runner/work/postgresql-operator/postgresql-operator/.tox/integration/lib/python3.10/site-packages/tenacity/__init__.py\", line 347, in __iter__\n    do = self.iter(retry_state=retry_state)\n  File \"/home/runner/work/postgresql-operator/postgresql-operator/.tox/integration/lib/python3.10/site-packages/tenacity/__init__.py\", line 326, in iter\n    raise retry_exc from fut.exception()\ntenacity.RetryError: RetryError[<Future at 0x7f4b63edb970 state=finished raised AssertionError>]\n\nThe above exception was the direct cause of the following exception:\n\nTraceback (most recent call last):\n  File \"/home/runner/work/postgresql-operator/postgresql-operator/.tox/integration/lib/python3.10/site-packages/_pytest/runner.py\", line 341, in from_call\n    result: Optional[TResult] = func()\n  File \"/home/runner/work/postgresql-operator/postgresql-operator/.tox/integration/lib/python3.10/site-packages/_pytest/runner.py\", line 241, in <lambda>\n    lambda: runtest_hook(item=item, **kwds), when=when, reraise=reraise\n  File \"/home/runner/work/postgresql-operator/postgresql-operator/.tox/integration/lib/python3.10/site-packages/pluggy/_hooks.py\", line 513, in __call__\n    return self._hookexec(self.name, self._hookimpls.copy(), kwargs, firstresult)\n  File \"/home/runner/work/postgresql-operator/postgresql-operator/.tox/integration/lib/python3.10/site-packages/pluggy/_manager.py\", line 120, in _hookexec\n    return self._inner_hookexec(hook_name, methods, kwargs, firstresult)\n  File \"/home/runner/work/postgresql-operator/postgresql-operator/.tox/integration/lib/python3.10/site-packages/pluggy/_callers.py\", line 182, in _multicall\n    return outcome.get_result()\n  File \"/home/runner/work/postgresql-operator/postgresql-operator/.tox/integration/lib/python3.10/site-packages/pluggy/_result.py\", line 100, in get_result\n    raise exc.with_traceback(exc.__traceback__)\n  File \"/home/runner/work/postgresql-operator/postgresql-operator/.tox/integration/lib/python3.10/site-packages/pluggy/_callers.py\", line 167, in _multicall\n    teardown.throw(outcome._exception)\n  File \"/home/runner/work/postgresql-operator/postgresql-operator/.tox/integration/lib/python3.10/site-packages/_pytest/unraisableexception.py\", line 85, in pytest_runtest_setup\n    yield from unraisable_exception_runtest_hook()\n  File \"/home/runner/work/postgresql-operator/postgresql-operator/.tox/integration/lib/python3.10/site-packages/_pytest/unraisableexception.py\", line 65, in unraisable_exception_runtest_hook\n    yield\n  File \"/home/runner/work/postgresql-operator/postgresql-operator/.tox/integration/lib/python3.10/site-packages/pluggy/_callers.py\", line 167, in _multicall\n    teardown.throw(outcome._exception)\n  File \"/home/runner/work/postgresql-operator/postgresql-operator/.tox/integration/lib/python3.10/site-packages/_pytest/logging.py\", line 844, in pytest_runtest_setup\n    yield from self._runtest_for(item, \"setup\")\n  File \"/home/runner/work/postgresql-operator/postgresql-operator/.tox/integration/lib/python3.10/site-packages/_pytest/logging.py\", line 833, in _runtest_for\n    yield\n  File \"/home/runner/work/postgresql-operator/postgresql-operator/.tox/integration/lib/python3.10/site-packages/pluggy/_callers.py\", line 167, in _multicall\n    teardown.throw(outcome._exception)\n  File \"/home/runner/work/postgresql-operator/postgresql-operator/.tox/integration/lib/python3.10/site-packages/_pytest/capture.py\", line 873, in pytest_runtest_setup\n    return (yield)\n  File \"/home/runner/work/postgresql-operator/postgresql-operator/.tox/integration/lib/python3.10/site-packages/pluggy/_callers.py\", line 167, in _multicall\n    teardown.throw(outcome._exception)\n  File \"/home/runner/work/postgresql-operator/postgresql-operator/.tox/integration/lib/python3.10/site-packages/_pytest/threadexception.py\", line 82, in pytest_runtest_setup\n    yield from thread_exception_runtest_hook()\n  File \"/home/runner/work/postgresql-operator/postgresql-operator/.tox/integration/lib/python3.10/site-packages/_pytest/threadexception.py\", line 63, in thread_exception_runtest_hook\n    yield\n  File \"/home/runner/work/postgresql-operator/postgresql-operator/.tox/integration/lib/python3.10/site-packages/pluggy/_callers.py\", line 103, in _multicall\n    res = hook_impl.function(*args)\n  File \"/home/runner/work/postgresql-operator/postgresql-operator/.tox/integration/lib/python3.10/site-packages/_pytest/runner.py\", line 159, in pytest_runtest_setup\n    item.session._setupstate.setup(item)\n  File \"/home/runner/work/postgresql-operator/postgresql-operator/.tox/integration/lib/python3.10/site-packages/_pytest/runner.py\", line 515, in setup\n    raise exc\n  File \"/home/runner/work/postgresql-operator/postgresql-operator/.tox/integration/lib/python3.10/site-packages/_pytest/runner.py\", line 512, in setup\n    col.setup()\n  File \"/home/runner/work/postgresql-operator/postgresql-operator/.tox/integration/lib/python3.10/site-packages/_pytest/python.py\", line 1630, in setup\n    self._request._fillfixtures()\n  File \"/home/runner/work/postgresql-operator/postgresql-operator/.tox/integration/lib/python3.10/site-packages/_pytest/fixtures.py\", line 683, in _fillfixtures\n    item.funcargs[argname] = self.getfixturevalue(argname)\n  File \"/home/runner/work/postgresql-operator/postgresql-operator/.tox/integration/lib/python3.10/site-packages/_pytest/fixtures.py\", line 518, in getfixturevalue\n    fixturedef = self._get_active_fixturedef(argname)\n  File \"/home/runner/work/postgresql-operator/postgresql-operator/.tox/integration/lib/python3.10/site-packages/_pytest/fixtures.py\", line 603, in _get_active_fixturedef\n    fixturedef.execute(request=subrequest)\n  File \"/home/runner/work/postgresql-operator/postgresql-operator/.tox/integration/lib/python3.10/site-packages/_pytest/fixtures.py\", line 1073, in execute\n    result = ihook.pytest_fixture_setup(fixturedef=self, request=request)\n  File \"/home/runner/work/postgresql-operator/postgresql-operator/.tox/integration/lib/python3.10/site-packages/pluggy/_hooks.py\", line 513, in __call__\n    return self._hookexec(self.name, self._hookimpls.copy(), kwargs, firstresult)\n  File \"/home/runner/work/postgresql-operator/postgresql-operator/.tox/integration/lib/python3.10/site-packages/pluggy/_manager.py\", line 120, in _hookexec\n    return self._inner_hookexec(hook_name, methods, kwargs, firstresult)\n  File \"/home/runner/work/postgresql-operator/postgresql-operator/.tox/integration/lib/python3.10/site-packages/pluggy/_callers.py\", line 182, in _multicall\n    return outcome.get_result()\n  File \"/home/runner/work/postgresql-operator/postgresql-operator/.tox/integration/lib/python3.10/site-packages/pluggy/_result.py\", line 100, in get_result\n    raise exc.with_traceback(exc.__traceback__)\n  File \"/home/runner/work/postgresql-operator/postgresql-operator/.tox/integration/lib/python3.10/site-packages/pluggy/_callers.py\", line 167, in _multicall\n    teardown.throw(outcome._exception)\n  File \"/home/runner/work/postgresql-operator/postgresql-operator/.tox/integration/lib/python3.10/site-packages/_pytest/setuponly.py\", line 36, in pytest_fixture_setup\n    return (yield)\n  File \"/home/runner/work/postgresql-operator/postgresql-operator/.tox/integration/lib/python3.10/site-packages/pluggy/_callers.py\", line 103, in _multicall\n    res = hook_impl.function(*args)\n  File \"/home/runner/work/postgresql-operator/postgresql-operator/.tox/integration/lib/python3.10/site-packages/_pytest/fixtures.py\", line 1122, in pytest_fixture_setup\n    result = call_fixture_func(fixturefunc, request, kwargs)\n  File \"/home/runner/work/postgresql-operator/postgresql-operator/.tox/integration/lib/python3.10/site-packages/_pytest/fixtures.py\", line 884, in call_fixture_func\n    fixture_result = fixturefunc(**kwargs)\n  File \"/home/runner/work/postgresql-operator/postgresql-operator/.tox/integration/lib/python3.10/site-packages/pytest_asyncio/plugin.py\", line 302, in _asyncgen_fixture_wrapper\n    result = event_loop.run_until_complete(setup())\n  File \"/usr/lib/python3.10/asyncio/base_events.py\", line 649, in run_until_complete\n    return future.result()\n  File \"/home/runner/work/postgresql-operator/postgresql-operator/.tox/integration/lib/python3.10/site-packages/pytest_asyncio/plugin.py\", line 284, in setup\n    res = await gen_obj.__anext__()\n  File \"/home/runner/work/postgresql-operator/postgresql-operator/tests/integration/ha_tests/conftest.py\", line 85, in wal_settings\n    initial_max_wal_size = await get_postgresql_parameter(ops_test, \"max_wal_size\")\n  File \"/home/runner/work/postgresql-operator/postgresql-operator/tests/integration/ha_tests/helpers.py\", line 429, in get_postgresql_parameter\n    for attempt in Retrying(stop=stop_after_delay(60), wait=wait_fixed(3)):\n  File \"/home/runner/work/postgresql-operator/postgresql-operator/.tox/integration/lib/python3.10/site-packages/tenacity/__init__.py\", line 347, in __iter__\n    do = self.iter(retry_state=retry_state)\n  File \"/home/runner/work/postgresql-operator/postgresql-operator/.tox/integration/lib/python3.10/site-packages/tenacity/__init__.py\", line 326, in iter\n    raise retry_exc from fut.exception()\ntenacity.RetryError: RetryError[<Future at 0x7f4b640929b0 state=finished raised RetryError>]","flaky":false,"newFailed":false,"newBroken":false,"newPassed":false,"retriesCount":0,"retriesStatusChange":false,"beforeStages":[{"name":"tmp_path_factory","time":{"start":1715218229009,"stop":1715218229009,"duration":0},"status":"passed","steps":[],"attachments":[],"parameters":[],"stepsCount":0,"shouldDisplayMessage":false,"attachmentsCount":0,"hasContent":false,"attachmentStep":false},{"name":"event_loop","time":{"start":1715218229009,"stop":1715218229009,"duration":0},"status":"passed","steps":[],"attachments":[],"parameters":[],"stepsCount":0,"shouldDisplayMessage":false,"attachmentsCount":0,"hasContent":false,"attachmentStep":false},{"name":"ops_test","time":{"start":1715218229009,"stop":1715218229153,"duration":144},"status":"passed","steps":[],"attachments":[],"parameters":[],"stepsCount":0,"shouldDisplayMessage":false,"attachmentsCount":0,"hasContent":false,"attachmentStep":false},{"name":"primary_start_timeout","time":{"start":1715219669383,"stop":1715219671460,"duration":2077},"status":"passed","steps":[],"attachments":[],"parameters":[],"stepsCount":0,"shouldDisplayMessage":false,"attachmentsCount":0,"hasContent":false,"attachmentStep":false},{"name":"abort_on_fail","time":{"start":1715221126030,"stop":1715221126030,"duration":0},"status":"passed","steps":[],"attachments":[],"parameters":[],"stepsCount":0,"shouldDisplayMessage":false,"attachmentsCount":0,"hasContent":false,"attachmentStep":false},{"name":"wal_settings","time":{"start":1715221126031,"stop":1715221336870,"duration":210839},"status":"broken","statusMessage":"tenacity.RetryError: RetryError[<Future at 0x7f4b640929b0 state=finished raised RetryError>]\n","statusTrace":"  File \"/home/runner/work/postgresql-operator/postgresql-operator/.tox/integration/lib/python3.10/site-packages/pluggy/_callers.py\", line 167, in _multicall\n    teardown.throw(outcome._exception)\n  File \"/home/runner/work/postgresql-operator/postgresql-operator/.tox/integration/lib/python3.10/site-packages/_pytest/setuponly.py\", line 36, in pytest_fixture_setup\n    return (yield)\n  File \"/home/runner/work/postgresql-operator/postgresql-operator/.tox/integration/lib/python3.10/site-packages/pluggy/_callers.py\", line 103, in _multicall\n    res = hook_impl.function(*args)\n  File \"/home/runner/work/postgresql-operator/postgresql-operator/.tox/integration/lib/python3.10/site-packages/_pytest/fixtures.py\", line 1122, in pytest_fixture_setup\n    result = call_fixture_func(fixturefunc, request, kwargs)\n  File \"/home/runner/work/postgresql-operator/postgresql-operator/.tox/integration/lib/python3.10/site-packages/_pytest/fixtures.py\", line 884, in call_fixture_func\n    fixture_result = fixturefunc(**kwargs)\n  File \"/home/runner/work/postgresql-operator/postgresql-operator/.tox/integration/lib/python3.10/site-packages/pytest_asyncio/plugin.py\", line 302, in _asyncgen_fixture_wrapper\n    result = event_loop.run_until_complete(setup())\n  File \"/usr/lib/python3.10/asyncio/base_events.py\", line 649, in run_until_complete\n    return future.result()\n  File \"/home/runner/work/postgresql-operator/postgresql-operator/.tox/integration/lib/python3.10/site-packages/pytest_asyncio/plugin.py\", line 284, in setup\n    res = await gen_obj.__anext__()\n  File \"/home/runner/work/postgresql-operator/postgresql-operator/tests/integration/ha_tests/conftest.py\", line 85, in wal_settings\n    initial_max_wal_size = await get_postgresql_parameter(ops_test, \"max_wal_size\")\n  File \"/home/runner/work/postgresql-operator/postgresql-operator/tests/integration/ha_tests/helpers.py\", line 429, in get_postgresql_parameter\n    for attempt in Retrying(stop=stop_after_delay(60), wait=wait_fixed(3)):\n  File \"/home/runner/work/postgresql-operator/postgresql-operator/.tox/integration/lib/python3.10/site-packages/tenacity/__init__.py\", line 347, in __iter__\n    do = self.iter(retry_state=retry_state)\n  File \"/home/runner/work/postgresql-operator/postgresql-operator/.tox/integration/lib/python3.10/site-packages/tenacity/__init__.py\", line 326, in iter\n    raise retry_exc from fut.exception()\n","steps":[],"attachments":[],"parameters":[],"stepsCount":0,"shouldDisplayMessage":true,"attachmentsCount":0,"hasContent":true,"attachmentStep":false},{"name":"continuous_writes","time":{"start":1715221126031,"stop":1715221126031,"duration":0},"status":"passed","steps":[],"attachments":[],"parameters":[],"stepsCount":0,"shouldDisplayMessage":false,"attachmentsCount":0,"hasContent":false,"attachmentStep":false}],"afterStages":[{"name":"continuous_writes::finalizer","time":{"start":1715221336872,"stop":1715221337905,"duration":1033},"status":"passed","steps":[],"attachments":[],"parameters":[],"stepsCount":0,"shouldDisplayMessage":false,"attachmentsCount":0,"hasContent":false,"attachmentStep":false},{"name":"abort_on_fail::0","time":{"start":1715221337905,"stop":1715221337906,"duration":1},"status":"passed","steps":[],"attachments":[],"parameters":[],"stepsCount":0,"shouldDisplayMessage":false,"attachmentsCount":0,"hasContent":false,"attachmentStep":false},{"name":"primary_start_timeout::finalizer","time":{"start":1715221784606,"stop":1715221784665,"duration":59},"status":"passed","steps":[],"attachments":[],"parameters":[],"stepsCount":0,"shouldDisplayMessage":false,"attachmentsCount":0,"hasContent":false,"attachmentStep":false},{"name":"ops_test::finalizer","time":{"start":1715221784667,"stop":1715221785147,"duration":480},"status":"passed","steps":[],"attachments":[],"parameters":[],"stepsCount":0,"shouldDisplayMessage":false,"attachmentsCount":0,"hasContent":false,"attachmentStep":false},{"name":"event_loop::2","time":{"start":1715221785148,"stop":1715221785148,"duration":0},"status":"passed","steps":[],"attachments":[],"parameters":[],"stepsCount":0,"shouldDisplayMessage":false,"attachmentsCount":0,"hasContent":false,"attachmentStep":false},{"name":"event_loop::_close_event_loop","time":{"start":1715221785148,"stop":1715221785148,"duration":0},"status":"passed","steps":[],"attachments":[],"parameters":[],"stepsCount":0,"shouldDisplayMessage":false,"attachmentsCount":0,"hasContent":false,"attachmentStep":false},{"name":"event_loop::_provide_clean_event_loop","time":{"start":1715221785148,"stop":1715221785149,"duration":1},"status":"passed","steps":[],"attachments":[],"parameters":[],"stepsCount":0,"shouldDisplayMessage":false,"attachmentsCount":0,"hasContent":false,"attachmentStep":false}],"labels":[{"name":"tag","value":"unstable"},{"name":"tag","value":"group(1)"},{"name":"tag","value":"asyncio"},{"name":"parentSuite","value":"tests.integration.ha_tests"},{"name":"suite","value":"test_self_healing"},{"name":"host","value":"fv-az1269-968"},{"name":"thread","value":"7277-MainThread"},{"name":"framework","value":"pytest"},{"name":"language","value":"cpython3"},{"name":"package","value":"tests.integration.ha_tests.test_self_healing"},{"name":"resultFormat","value":"allure2"}],"parameters":[],"links":[],"hidden":false,"retry":false,"extra":{"severity":"normal","retries":[],"categories":[{"name":"Test defects","matchedStatuses":[],"flaky":false}],"history":{"statistic":{"failed":5,"broken":43,"skipped":0,"passed":34,"unknown":0,"total":82},"items":[{"uid":"cdd57aeb0ff897d2","reportUrl":"../2593//#testresult/cdd57aeb0ff897d2","status":"broken","statusDetails":"Exception: ('Expected command %s to succeed instead it failed: %s', 'ls -1 /var/snap/charmed-postgresql/common/var/lib/postgresql/pg_wal/', 1)","time":{"start":1715133194915,"stop":1715133303313,"duration":108398}},{"uid":"e0630829b3f01d0c","reportUrl":"../2588//#testresult/e0630829b3f01d0c","status":"broken","statusDetails":"Exception: ('Expected command %s to succeed instead it failed: %s', 'ls -1 /var/snap/charmed-postgresql/common/var/lib/postgresql/pg_wal/', 1)","time":{"start":1715049737661,"stop":1715049848193,"duration":110532}},{"uid":"9c001851158ffa65","reportUrl":"../2586//#testresult/9c001851158ffa65","status":"passed","time":{"start":1714963339723,"stop":1714963540288,"duration":200565}},{"uid":"cd53ab3f84f55d9a","reportUrl":"../2582//#testresult/cd53ab3f84f55d9a","status":"broken","statusDetails":"Exception: ('Expected command %s to succeed instead it failed: %s', 'ls -1 /var/snap/charmed-postgresql/common/var/lib/postgresql/pg_wal/', 1)","time":{"start":1714874899087,"stop":1714875006461,"duration":107374}},{"uid":"1790a12dc3e2dbf0","reportUrl":"../2581//#testresult/1790a12dc3e2dbf0","status":"passed","time":{"start":1714790225658,"stop":1714790382539,"duration":156881}},{"uid":"f356886681b9de01","reportUrl":"../2578//#testresult/f356886681b9de01","status":"passed","time":{"start":1714703735206,"stop":1714703901667,"duration":166461}},{"uid":"4cfe78854dc0d96f","reportUrl":"../2570//#testresult/4cfe78854dc0d96f","status":"broken","statusDetails":"Exception: ('Expected command %s to succeed instead it failed: %s', 'ls -1 /var/snap/charmed-postgresql/common/var/lib/postgresql/pg_wal/', 1)","time":{"start":1714615518053,"stop":1714615595214,"duration":77161}},{"uid":"e1e59cd85bcde7c","reportUrl":"../2566//#testresult/e1e59cd85bcde7c","status":"passed","time":{"start":1714529461797,"stop":1714529625194,"duration":163397}},{"uid":"bc9554e89286dcef","reportUrl":"../2557//#testresult/bc9554e89286dcef","status":"failed","statusDetails":"AssertionError: Unable to create continuous_writes table","time":{"start":1714443986021,"stop":1714444289804,"duration":303783}},{"uid":"5b15f11d096d775f","reportUrl":"../2540//#testresult/5b15f11d096d775f","status":"failed","statusDetails":"AssertionError: Unable to create continuous_writes table","time":{"start":1714359172633,"stop":1714359487266,"duration":314633}},{"uid":"c7bdeebac966c984","reportUrl":"../2536//#testresult/c7bdeebac966c984","status":"broken","statusDetails":"tenacity.RetryError: RetryError[<Future at 0x7f061b77ae60 state=finished raised RetryError>]","time":{"start":1714186192140,"stop":1714186192140,"duration":0}},{"uid":"3d636c4da1fc42af","reportUrl":"../2532//#testresult/3d636c4da1fc42af","status":"broken","statusDetails":"Exception: ('Expected command %s to succeed instead it failed: %s', 'ls -1 /var/snap/charmed-postgresql/common/var/lib/postgresql/pg_wal/', 1)","time":{"start":1714097916529,"stop":1714097995001,"duration":78472}},{"uid":"fe003cf4db5989ec","reportUrl":"../2517//#testresult/fe003cf4db5989ec","status":"passed","time":{"start":1713925553068,"stop":1713925677832,"duration":124764}},{"uid":"e75a2f60f9b02614","reportUrl":"../2503//#testresult/e75a2f60f9b02614","status":"broken","statusDetails":"Exception: ('Expected command %s to succeed instead it failed: %s', 'ls -1 /var/snap/charmed-postgresql/common/var/lib/postgresql/pg_wal/', 1)","time":{"start":1713837885291,"stop":1713837965349,"duration":80058}},{"uid":"e56c717afb5777be","reportUrl":"../2478//#testresult/e56c717afb5777be","status":"broken","statusDetails":"Exception: ('Expected command %s to succeed instead it failed: %s', 'ls -1 /var/snap/charmed-postgresql/common/var/lib/postgresql/pg_wal/', 1)","time":{"start":1713751141775,"stop":1713751217999,"duration":76224}},{"uid":"727af115730aa138","reportUrl":"../2477//#testresult/727af115730aa138","status":"passed","time":{"start":1713664754684,"stop":1713664901525,"duration":146841}},{"uid":"ad5fbb320fc81ec1","reportUrl":"../2474//#testresult/ad5fbb320fc81ec1","status":"broken","statusDetails":"Exception: ('Expected command %s to succeed instead it failed: %s', 'ls -1 /var/snap/charmed-postgresql/common/var/lib/postgresql/pg_wal/', 1)","time":{"start":1713578431457,"stop":1713578511634,"duration":80177}},{"uid":"32b563c51ef68f59","reportUrl":"../2473//#testresult/32b563c51ef68f59","status":"broken","statusDetails":"Exception: ('Expected command %s to succeed instead it failed: %s', 'ls -1 /var/snap/charmed-postgresql/common/var/lib/postgresql/pg_wal/', 1)","time":{"start":1713494638607,"stop":1713494716317,"duration":77710}},{"uid":"4410c736b7d0d4d6","reportUrl":"../2466//#testresult/4410c736b7d0d4d6","status":"passed","time":{"start":1713405684110,"stop":1713405811938,"duration":127828}},{"uid":"afff02a016c99e01","reportUrl":"../2461//#testresult/afff02a016c99e01","status":"broken","statusDetails":"Exception: ('Expected command %s to succeed instead it failed: %s', 'ls -1 /var/snap/charmed-postgresql/common/var/lib/postgresql/pg_wal/', 1)","time":{"start":1713321305010,"stop":1713321383178,"duration":78168}}]},"tags":["unstable","asyncio","group(1)"]},"source":"d860548f62d5ed9d.json","parameterValues":[]}