{"uid":"146775b46c7e3258","name":"test_network_cut","fullName":"tests.integration.ha_tests.test_self_healing#test_network_cut","historyId":"6b9f6734f6f55bf616f6dd52eb37e3bd","time":{"start":1718504134151,"stop":1718504392704,"duration":258553},"description":"Completely cut and restore network.","descriptionHtml":"<p>Completely cut and restore network.</p>\n","status":"broken","statusMessage":"tenacity.RetryError: RetryError[<Future at 0x7fa1ea83a380 state=finished raised RetryError>]","statusTrace":"Traceback (most recent call last):\n  File \"/home/runner/work/postgresql-operator/postgresql-operator/tests/integration/ha_tests/helpers.py\", line 634, in get_primary\n    assert action.results[\"primary\"] is not None and action.results[\"primary\"] != \"None\"\nAssertionError\n\nThe above exception was the direct cause of the following exception:\n\nTraceback (most recent call last):\n  File \"/home/runner/work/postgresql-operator/postgresql-operator/tests/integration/ha_tests/test_self_healing.py\", line 435, in test_network_cut\n    new_primary_name = await get_primary(ops_test, app, down_unit=primary_name)\n  File \"/home/runner/work/postgresql-operator/postgresql-operator/tests/integration/ha_tests/helpers.py\", line 629, in get_primary\n    for attempt in Retrying(stop=stop_after_delay(60 * 3), wait=wait_fixed(3)):\n  File \"/home/runner/work/postgresql-operator/postgresql-operator/.tox/integration/lib/python3.10/site-packages/tenacity/__init__.py\", line 435, in __iter__\n    do = self.iter(retry_state=retry_state)\n  File \"/home/runner/work/postgresql-operator/postgresql-operator/.tox/integration/lib/python3.10/site-packages/tenacity/__init__.py\", line 368, in iter\n    result = action(retry_state)\n  File \"/home/runner/work/postgresql-operator/postgresql-operator/.tox/integration/lib/python3.10/site-packages/tenacity/__init__.py\", line 411, in exc_check\n    raise retry_exc from fut.exception()\ntenacity.RetryError: RetryError[<Future at 0x7fa1eca9f550 state=finished raised AssertionError>]\n\nThe above exception was the direct cause of the following exception:\n\nTraceback (most recent call last):\n  File \"/home/runner/work/postgresql-operator/postgresql-operator/.tox/integration/lib/python3.10/site-packages/_pytest/runner.py\", line 341, in from_call\n    result: Optional[TResult] = func()\n  File \"/home/runner/work/postgresql-operator/postgresql-operator/.tox/integration/lib/python3.10/site-packages/_pytest/runner.py\", line 241, in <lambda>\n    lambda: runtest_hook(item=item, **kwds), when=when, reraise=reraise\n  File \"/home/runner/work/postgresql-operator/postgresql-operator/.tox/integration/lib/python3.10/site-packages/pluggy/_hooks.py\", line 513, in __call__\n    return self._hookexec(self.name, self._hookimpls.copy(), kwargs, firstresult)\n  File \"/home/runner/work/postgresql-operator/postgresql-operator/.tox/integration/lib/python3.10/site-packages/pluggy/_manager.py\", line 120, in _hookexec\n    return self._inner_hookexec(hook_name, methods, kwargs, firstresult)\n  File \"/home/runner/work/postgresql-operator/postgresql-operator/.tox/integration/lib/python3.10/site-packages/pluggy/_callers.py\", line 182, in _multicall\n    return outcome.get_result()\n  File \"/home/runner/work/postgresql-operator/postgresql-operator/.tox/integration/lib/python3.10/site-packages/pluggy/_result.py\", line 100, in get_result\n    raise exc.with_traceback(exc.__traceback__)\n  File \"/home/runner/work/postgresql-operator/postgresql-operator/.tox/integration/lib/python3.10/site-packages/pluggy/_callers.py\", line 167, in _multicall\n    teardown.throw(outcome._exception)\n  File \"/home/runner/work/postgresql-operator/postgresql-operator/.tox/integration/lib/python3.10/site-packages/_pytest/threadexception.py\", line 87, in pytest_runtest_call\n    yield from thread_exception_runtest_hook()\n  File \"/home/runner/work/postgresql-operator/postgresql-operator/.tox/integration/lib/python3.10/site-packages/_pytest/threadexception.py\", line 63, in thread_exception_runtest_hook\n    yield\n  File \"/home/runner/work/postgresql-operator/postgresql-operator/.tox/integration/lib/python3.10/site-packages/pluggy/_callers.py\", line 167, in _multicall\n    teardown.throw(outcome._exception)\n  File \"/home/runner/work/postgresql-operator/postgresql-operator/.tox/integration/lib/python3.10/site-packages/_pytest/unraisableexception.py\", line 90, in pytest_runtest_call\n    yield from unraisable_exception_runtest_hook()\n  File \"/home/runner/work/postgresql-operator/postgresql-operator/.tox/integration/lib/python3.10/site-packages/_pytest/unraisableexception.py\", line 65, in unraisable_exception_runtest_hook\n    yield\n  File \"/home/runner/work/postgresql-operator/postgresql-operator/.tox/integration/lib/python3.10/site-packages/pluggy/_callers.py\", line 167, in _multicall\n    teardown.throw(outcome._exception)\n  File \"/home/runner/work/postgresql-operator/postgresql-operator/.tox/integration/lib/python3.10/site-packages/_pytest/logging.py\", line 850, in pytest_runtest_call\n    yield from self._runtest_for(item, \"call\")\n  File \"/home/runner/work/postgresql-operator/postgresql-operator/.tox/integration/lib/python3.10/site-packages/_pytest/logging.py\", line 833, in _runtest_for\n    yield\n  File \"/home/runner/work/postgresql-operator/postgresql-operator/.tox/integration/lib/python3.10/site-packages/pluggy/_callers.py\", line 167, in _multicall\n    teardown.throw(outcome._exception)\n  File \"/home/runner/work/postgresql-operator/postgresql-operator/.tox/integration/lib/python3.10/site-packages/_pytest/capture.py\", line 878, in pytest_runtest_call\n    return (yield)\n  File \"/home/runner/work/postgresql-operator/postgresql-operator/.tox/integration/lib/python3.10/site-packages/pluggy/_callers.py\", line 167, in _multicall\n    teardown.throw(outcome._exception)\n  File \"/home/runner/work/postgresql-operator/postgresql-operator/.tox/integration/lib/python3.10/site-packages/_pytest/skipping.py\", line 257, in pytest_runtest_call\n    return (yield)\n  File \"/home/runner/work/postgresql-operator/postgresql-operator/.tox/integration/lib/python3.10/site-packages/pluggy/_callers.py\", line 103, in _multicall\n    res = hook_impl.function(*args)\n  File \"/home/runner/work/postgresql-operator/postgresql-operator/.tox/integration/lib/python3.10/site-packages/_pytest/runner.py\", line 183, in pytest_runtest_call\n    raise e\n  File \"/home/runner/work/postgresql-operator/postgresql-operator/.tox/integration/lib/python3.10/site-packages/_pytest/runner.py\", line 173, in pytest_runtest_call\n    item.runtest()\n  File \"/home/runner/work/postgresql-operator/postgresql-operator/.tox/integration/lib/python3.10/site-packages/_pytest/python.py\", line 1632, in runtest\n    self.ihook.pytest_pyfunc_call(pyfuncitem=self)\n  File \"/home/runner/work/postgresql-operator/postgresql-operator/.tox/integration/lib/python3.10/site-packages/pluggy/_hooks.py\", line 513, in __call__\n    return self._hookexec(self.name, self._hookimpls.copy(), kwargs, firstresult)\n  File \"/home/runner/work/postgresql-operator/postgresql-operator/.tox/integration/lib/python3.10/site-packages/pluggy/_manager.py\", line 120, in _hookexec\n    return self._inner_hookexec(hook_name, methods, kwargs, firstresult)\n  File \"/home/runner/work/postgresql-operator/postgresql-operator/.tox/integration/lib/python3.10/site-packages/pluggy/_callers.py\", line 182, in _multicall\n    return outcome.get_result()\n  File \"/home/runner/work/postgresql-operator/postgresql-operator/.tox/integration/lib/python3.10/site-packages/pluggy/_result.py\", line 100, in get_result\n    raise exc.with_traceback(exc.__traceback__)\n  File \"/home/runner/work/postgresql-operator/postgresql-operator/.tox/integration/lib/python3.10/site-packages/pluggy/_callers.py\", line 103, in _multicall\n    res = hook_impl.function(*args)\n  File \"/home/runner/work/postgresql-operator/postgresql-operator/.tox/integration/lib/python3.10/site-packages/_pytest/python.py\", line 162, in pytest_pyfunc_call\n    result = testfunction(**testargs)\n  File \"/home/runner/work/postgresql-operator/postgresql-operator/.tox/integration/lib/python3.10/site-packages/pytest_asyncio/plugin.py\", line 529, in inner\n    _loop.run_until_complete(task)\n  File \"/usr/lib/python3.10/asyncio/base_events.py\", line 649, in run_until_complete\n    return future.result()\n  File \"/home/runner/work/postgresql-operator/postgresql-operator/tests/integration/ha_tests/test_self_healing.py\", line 433, in test_network_cut\n    for attempt in Retrying(stop=stop_after_delay(60), wait=wait_fixed(3)):\n  File \"/home/runner/work/postgresql-operator/postgresql-operator/.tox/integration/lib/python3.10/site-packages/tenacity/__init__.py\", line 435, in __iter__\n    do = self.iter(retry_state=retry_state)\n  File \"/home/runner/work/postgresql-operator/postgresql-operator/.tox/integration/lib/python3.10/site-packages/tenacity/__init__.py\", line 368, in iter\n    result = action(retry_state)\n  File \"/home/runner/work/postgresql-operator/postgresql-operator/.tox/integration/lib/python3.10/site-packages/tenacity/__init__.py\", line 411, in exc_check\n    raise retry_exc from fut.exception()\ntenacity.RetryError: RetryError[<Future at 0x7fa1ea83a380 state=finished raised RetryError>]","flaky":true,"newFailed":false,"newBroken":true,"newPassed":false,"retriesCount":1,"retriesStatusChange":true,"beforeStages":[{"name":"event_loop","time":{"start":1718501526335,"stop":1718501526336,"duration":1},"status":"passed","steps":[],"attachments":[],"parameters":[],"stepsCount":0,"shouldDisplayMessage":false,"attachmentsCount":0,"hasContent":false,"attachmentStep":false},{"name":"tmp_path_factory","time":{"start":1718501526336,"stop":1718501526336,"duration":0},"status":"passed","steps":[],"attachments":[],"parameters":[],"stepsCount":0,"shouldDisplayMessage":false,"attachmentsCount":0,"hasContent":false,"attachmentStep":false},{"name":"ops_test","time":{"start":1718501526336,"stop":1718501526466,"duration":130},"status":"passed","steps":[],"attachments":[],"parameters":[],"stepsCount":0,"shouldDisplayMessage":false,"attachmentsCount":0,"hasContent":false,"attachmentStep":false},{"name":"primary_start_timeout","time":{"start":1718503075289,"stop":1718503077363,"duration":2074},"status":"passed","steps":[],"attachments":[],"parameters":[],"stepsCount":0,"shouldDisplayMessage":false,"attachmentsCount":0,"hasContent":false,"attachmentStep":false},{"name":"abort_on_fail","time":{"start":1718504134150,"stop":1718504134150,"duration":0},"status":"passed","steps":[],"attachments":[],"parameters":[],"stepsCount":0,"shouldDisplayMessage":false,"attachmentsCount":0,"hasContent":false,"attachmentStep":false},{"name":"continuous_writes","time":{"start":1718504134150,"stop":1718504134150,"duration":0},"status":"passed","steps":[],"attachments":[],"parameters":[],"stepsCount":0,"shouldDisplayMessage":false,"attachmentsCount":0,"hasContent":false,"attachmentStep":false}],"testStage":{"description":"Completely cut and restore network.","status":"broken","statusMessage":"tenacity.RetryError: RetryError[<Future at 0x7fa1ea83a380 state=finished raised RetryError>]","statusTrace":"Traceback (most recent call last):\n  File \"/home/runner/work/postgresql-operator/postgresql-operator/tests/integration/ha_tests/helpers.py\", line 634, in get_primary\n    assert action.results[\"primary\"] is not None and action.results[\"primary\"] != \"None\"\nAssertionError\n\nThe above exception was the direct cause of the following exception:\n\nTraceback (most recent call last):\n  File \"/home/runner/work/postgresql-operator/postgresql-operator/tests/integration/ha_tests/test_self_healing.py\", line 435, in test_network_cut\n    new_primary_name = await get_primary(ops_test, app, down_unit=primary_name)\n  File \"/home/runner/work/postgresql-operator/postgresql-operator/tests/integration/ha_tests/helpers.py\", line 629, in get_primary\n    for attempt in Retrying(stop=stop_after_delay(60 * 3), wait=wait_fixed(3)):\n  File \"/home/runner/work/postgresql-operator/postgresql-operator/.tox/integration/lib/python3.10/site-packages/tenacity/__init__.py\", line 435, in __iter__\n    do = self.iter(retry_state=retry_state)\n  File \"/home/runner/work/postgresql-operator/postgresql-operator/.tox/integration/lib/python3.10/site-packages/tenacity/__init__.py\", line 368, in iter\n    result = action(retry_state)\n  File \"/home/runner/work/postgresql-operator/postgresql-operator/.tox/integration/lib/python3.10/site-packages/tenacity/__init__.py\", line 411, in exc_check\n    raise retry_exc from fut.exception()\ntenacity.RetryError: RetryError[<Future at 0x7fa1eca9f550 state=finished raised AssertionError>]\n\nThe above exception was the direct cause of the following exception:\n\nTraceback (most recent call last):\n  File \"/home/runner/work/postgresql-operator/postgresql-operator/.tox/integration/lib/python3.10/site-packages/_pytest/runner.py\", line 341, in from_call\n    result: Optional[TResult] = func()\n  File \"/home/runner/work/postgresql-operator/postgresql-operator/.tox/integration/lib/python3.10/site-packages/_pytest/runner.py\", line 241, in <lambda>\n    lambda: runtest_hook(item=item, **kwds), when=when, reraise=reraise\n  File \"/home/runner/work/postgresql-operator/postgresql-operator/.tox/integration/lib/python3.10/site-packages/pluggy/_hooks.py\", line 513, in __call__\n    return self._hookexec(self.name, self._hookimpls.copy(), kwargs, firstresult)\n  File \"/home/runner/work/postgresql-operator/postgresql-operator/.tox/integration/lib/python3.10/site-packages/pluggy/_manager.py\", line 120, in _hookexec\n    return self._inner_hookexec(hook_name, methods, kwargs, firstresult)\n  File \"/home/runner/work/postgresql-operator/postgresql-operator/.tox/integration/lib/python3.10/site-packages/pluggy/_callers.py\", line 182, in _multicall\n    return outcome.get_result()\n  File \"/home/runner/work/postgresql-operator/postgresql-operator/.tox/integration/lib/python3.10/site-packages/pluggy/_result.py\", line 100, in get_result\n    raise exc.with_traceback(exc.__traceback__)\n  File \"/home/runner/work/postgresql-operator/postgresql-operator/.tox/integration/lib/python3.10/site-packages/pluggy/_callers.py\", line 167, in _multicall\n    teardown.throw(outcome._exception)\n  File \"/home/runner/work/postgresql-operator/postgresql-operator/.tox/integration/lib/python3.10/site-packages/_pytest/threadexception.py\", line 87, in pytest_runtest_call\n    yield from thread_exception_runtest_hook()\n  File \"/home/runner/work/postgresql-operator/postgresql-operator/.tox/integration/lib/python3.10/site-packages/_pytest/threadexception.py\", line 63, in thread_exception_runtest_hook\n    yield\n  File \"/home/runner/work/postgresql-operator/postgresql-operator/.tox/integration/lib/python3.10/site-packages/pluggy/_callers.py\", line 167, in _multicall\n    teardown.throw(outcome._exception)\n  File \"/home/runner/work/postgresql-operator/postgresql-operator/.tox/integration/lib/python3.10/site-packages/_pytest/unraisableexception.py\", line 90, in pytest_runtest_call\n    yield from unraisable_exception_runtest_hook()\n  File \"/home/runner/work/postgresql-operator/postgresql-operator/.tox/integration/lib/python3.10/site-packages/_pytest/unraisableexception.py\", line 65, in unraisable_exception_runtest_hook\n    yield\n  File \"/home/runner/work/postgresql-operator/postgresql-operator/.tox/integration/lib/python3.10/site-packages/pluggy/_callers.py\", line 167, in _multicall\n    teardown.throw(outcome._exception)\n  File \"/home/runner/work/postgresql-operator/postgresql-operator/.tox/integration/lib/python3.10/site-packages/_pytest/logging.py\", line 850, in pytest_runtest_call\n    yield from self._runtest_for(item, \"call\")\n  File \"/home/runner/work/postgresql-operator/postgresql-operator/.tox/integration/lib/python3.10/site-packages/_pytest/logging.py\", line 833, in _runtest_for\n    yield\n  File \"/home/runner/work/postgresql-operator/postgresql-operator/.tox/integration/lib/python3.10/site-packages/pluggy/_callers.py\", line 167, in _multicall\n    teardown.throw(outcome._exception)\n  File \"/home/runner/work/postgresql-operator/postgresql-operator/.tox/integration/lib/python3.10/site-packages/_pytest/capture.py\", line 878, in pytest_runtest_call\n    return (yield)\n  File \"/home/runner/work/postgresql-operator/postgresql-operator/.tox/integration/lib/python3.10/site-packages/pluggy/_callers.py\", line 167, in _multicall\n    teardown.throw(outcome._exception)\n  File \"/home/runner/work/postgresql-operator/postgresql-operator/.tox/integration/lib/python3.10/site-packages/_pytest/skipping.py\", line 257, in pytest_runtest_call\n    return (yield)\n  File \"/home/runner/work/postgresql-operator/postgresql-operator/.tox/integration/lib/python3.10/site-packages/pluggy/_callers.py\", line 103, in _multicall\n    res = hook_impl.function(*args)\n  File \"/home/runner/work/postgresql-operator/postgresql-operator/.tox/integration/lib/python3.10/site-packages/_pytest/runner.py\", line 183, in pytest_runtest_call\n    raise e\n  File \"/home/runner/work/postgresql-operator/postgresql-operator/.tox/integration/lib/python3.10/site-packages/_pytest/runner.py\", line 173, in pytest_runtest_call\n    item.runtest()\n  File \"/home/runner/work/postgresql-operator/postgresql-operator/.tox/integration/lib/python3.10/site-packages/_pytest/python.py\", line 1632, in runtest\n    self.ihook.pytest_pyfunc_call(pyfuncitem=self)\n  File \"/home/runner/work/postgresql-operator/postgresql-operator/.tox/integration/lib/python3.10/site-packages/pluggy/_hooks.py\", line 513, in __call__\n    return self._hookexec(self.name, self._hookimpls.copy(), kwargs, firstresult)\n  File \"/home/runner/work/postgresql-operator/postgresql-operator/.tox/integration/lib/python3.10/site-packages/pluggy/_manager.py\", line 120, in _hookexec\n    return self._inner_hookexec(hook_name, methods, kwargs, firstresult)\n  File \"/home/runner/work/postgresql-operator/postgresql-operator/.tox/integration/lib/python3.10/site-packages/pluggy/_callers.py\", line 182, in _multicall\n    return outcome.get_result()\n  File \"/home/runner/work/postgresql-operator/postgresql-operator/.tox/integration/lib/python3.10/site-packages/pluggy/_result.py\", line 100, in get_result\n    raise exc.with_traceback(exc.__traceback__)\n  File \"/home/runner/work/postgresql-operator/postgresql-operator/.tox/integration/lib/python3.10/site-packages/pluggy/_callers.py\", line 103, in _multicall\n    res = hook_impl.function(*args)\n  File \"/home/runner/work/postgresql-operator/postgresql-operator/.tox/integration/lib/python3.10/site-packages/_pytest/python.py\", line 162, in pytest_pyfunc_call\n    result = testfunction(**testargs)\n  File \"/home/runner/work/postgresql-operator/postgresql-operator/.tox/integration/lib/python3.10/site-packages/pytest_asyncio/plugin.py\", line 529, in inner\n    _loop.run_until_complete(task)\n  File \"/usr/lib/python3.10/asyncio/base_events.py\", line 649, in run_until_complete\n    return future.result()\n  File \"/home/runner/work/postgresql-operator/postgresql-operator/tests/integration/ha_tests/test_self_healing.py\", line 433, in test_network_cut\n    for attempt in Retrying(stop=stop_after_delay(60), wait=wait_fixed(3)):\n  File \"/home/runner/work/postgresql-operator/postgresql-operator/.tox/integration/lib/python3.10/site-packages/tenacity/__init__.py\", line 435, in __iter__\n    do = self.iter(retry_state=retry_state)\n  File \"/home/runner/work/postgresql-operator/postgresql-operator/.tox/integration/lib/python3.10/site-packages/tenacity/__init__.py\", line 368, in iter\n    result = action(retry_state)\n  File \"/home/runner/work/postgresql-operator/postgresql-operator/.tox/integration/lib/python3.10/site-packages/tenacity/__init__.py\", line 411, in exc_check\n    raise retry_exc from fut.exception()\ntenacity.RetryError: RetryError[<Future at 0x7fa1ea83a380 state=finished raised RetryError>]","steps":[],"attachments":[{"uid":"ab16432df845e648","name":"log","source":"ab16432df845e648.txt","type":"text/plain","size":1099}],"parameters":[],"stepsCount":0,"shouldDisplayMessage":true,"attachmentsCount":1,"hasContent":true,"attachmentStep":false},"afterStages":[{"name":"continuous_writes::finalizer","time":{"start":1718504392705,"stop":1718504694176,"duration":301471},"status":"failed","statusMessage":"AssertionError: Unable to clear up continuous_writes table\nassert 'False' == 'True'\n  \n  - True\n  + False\n","statusTrace":"  File \"/home/runner/work/postgresql-operator/postgresql-operator/.tox/integration/lib/python3.10/site-packages/allure_commons/_allure.py\", line 221, in __call__\n    return self._fixture_function(*args, **kwargs)\n  File \"/home/runner/work/postgresql-operator/postgresql-operator/.tox/integration/lib/python3.10/site-packages/pytest_asyncio/plugin.py\", line 300, in finalizer\n    event_loop.run_until_complete(async_finalizer())\n  File \"/usr/lib/python3.10/asyncio/base_events.py\", line 649, in run_until_complete\n    return future.result()\n  File \"/home/runner/work/postgresql-operator/postgresql-operator/.tox/integration/lib/python3.10/site-packages/pytest_asyncio/plugin.py\", line 292, in async_finalizer\n    await gen_obj.__anext__()\n  File \"/home/runner/work/postgresql-operator/postgresql-operator/tests/integration/ha_tests/conftest.py\", line 29, in continuous_writes\n    for attempt in Retrying(stop=stop_after_delay(60 * 5), wait=wait_fixed(3), reraise=True):\n  File \"/home/runner/work/postgresql-operator/postgresql-operator/.tox/integration/lib/python3.10/site-packages/tenacity/__init__.py\", line 435, in __iter__\n    do = self.iter(retry_state=retry_state)\n  File \"/home/runner/work/postgresql-operator/postgresql-operator/.tox/integration/lib/python3.10/site-packages/tenacity/__init__.py\", line 368, in iter\n    result = action(retry_state)\n  File \"/home/runner/work/postgresql-operator/postgresql-operator/.tox/integration/lib/python3.10/site-packages/tenacity/__init__.py\", line 410, in exc_check\n    raise retry_exc.reraise()\n  File \"/home/runner/work/postgresql-operator/postgresql-operator/.tox/integration/lib/python3.10/site-packages/tenacity/__init__.py\", line 183, in reraise\n    raise self.last_attempt.result()\n  File \"/usr/lib/python3.10/concurrent/futures/_base.py\", line 451, in result\n    return self.__get_result()\n  File \"/usr/lib/python3.10/concurrent/futures/_base.py\", line 403, in __get_result\n    raise self._exception\n  File \"/home/runner/work/postgresql-operator/postgresql-operator/tests/integration/ha_tests/conftest.py\", line 37, in continuous_writes\n    assert action.results[\"result\"] == \"True\", \"Unable to clear up continuous_writes table\"\n","steps":[],"attachments":[],"parameters":[],"stepsCount":0,"shouldDisplayMessage":true,"attachmentsCount":0,"hasContent":true,"attachmentStep":false},{"name":"abort_on_fail::0","time":{"start":1718504694176,"stop":1718504694176,"duration":0},"status":"passed","steps":[],"attachments":[],"parameters":[],"stepsCount":0,"shouldDisplayMessage":false,"attachmentsCount":0,"hasContent":false,"attachmentStep":false},{"name":"primary_start_timeout::finalizer","time":{"start":1718505181119,"stop":1718505187226,"duration":6107},"status":"passed","steps":[],"attachments":[],"parameters":[],"stepsCount":0,"shouldDisplayMessage":false,"attachmentsCount":0,"hasContent":false,"attachmentStep":false},{"name":"ops_test::finalizer","time":{"start":1718505187227,"stop":1718505187620,"duration":393},"status":"passed","steps":[],"attachments":[],"parameters":[],"stepsCount":0,"shouldDisplayMessage":false,"attachmentsCount":0,"hasContent":false,"attachmentStep":false},{"name":"event_loop::2","time":{"start":1718505187622,"stop":1718505187622,"duration":0},"status":"passed","steps":[],"attachments":[],"parameters":[],"stepsCount":0,"shouldDisplayMessage":false,"attachmentsCount":0,"hasContent":false,"attachmentStep":false},{"name":"event_loop::_close_event_loop","time":{"start":1718505187622,"stop":1718505187622,"duration":0},"status":"passed","steps":[],"attachments":[],"parameters":[],"stepsCount":0,"shouldDisplayMessage":false,"attachmentsCount":0,"hasContent":false,"attachmentStep":false},{"name":"event_loop::_provide_clean_event_loop","time":{"start":1718505187622,"stop":1718505187622,"duration":0},"status":"passed","steps":[],"attachments":[],"parameters":[],"stepsCount":0,"shouldDisplayMessage":false,"attachmentsCount":0,"hasContent":false,"attachmentStep":false}],"labels":[{"name":"tag","value":"group(1)"},{"name":"tag","value":"asyncio"},{"name":"parentSuite","value":"tests.integration.ha_tests"},{"name":"suite","value":"test_self_healing"},{"name":"host","value":"fv-az2031-425"},{"name":"thread","value":"7043-MainThread"},{"name":"framework","value":"pytest"},{"name":"language","value":"cpython3"},{"name":"package","value":"tests.integration.ha_tests.test_self_healing"},{"name":"resultFormat","value":"allure2"}],"parameters":[],"links":[],"hidden":false,"retry":false,"extra":{"severity":"normal","retries":[{"uid":"18e00e92500fae16","status":"unknown","time":{}}],"categories":[{"name":"Test defects","matchedStatuses":[],"flaky":false}],"history":{"statistic":{"failed":11,"broken":23,"skipped":0,"passed":79,"unknown":1,"total":114},"items":[{"uid":"1706fd852ab097c5","reportUrl":"../2748//#testresult/1706fd852ab097c5","status":"unknown","time":{}},{"uid":"30f90edb70b2230","reportUrl":"../2744//#testresult/30f90edb70b2230","status":"passed","time":{"start":1718334087228,"stop":1718334667798,"duration":580570}},{"uid":"80368efcc7cbde80","reportUrl":"../2730//#testresult/80368efcc7cbde80","status":"failed","statusDetails":"AssertionError: Unable to create continuous_writes table","time":{"start":1718249494802,"stop":1718249796040,"duration":301238}},{"uid":"55f6a4deefe62c24","reportUrl":"../2724//#testresult/55f6a4deefe62c24","status":"passed","time":{"start":1718158709331,"stop":1718159085365,"duration":376034}},{"uid":"2d075d0bbebeb794","reportUrl":"../2717//#testresult/2d075d0bbebeb794","status":"broken","statusDetails":"tenacity.RetryError: RetryError[<Future at 0x7f0ece969870 state=finished raised AssertionError>]","time":{"start":1717814227626,"stop":1717814408565,"duration":180939}},{"uid":"601cad85d1766cc6","reportUrl":"../2712//#testresult/601cad85d1766cc6","status":"passed","time":{"start":1717727300028,"stop":1717727693764,"duration":393736}},{"uid":"29c28d42e2643e59","reportUrl":"../2707//#testresult/29c28d42e2643e59","status":"passed","time":{"start":1717640312477,"stop":1717640959369,"duration":646892}},{"uid":"3723b2cc3fdb93fd","reportUrl":"../2697//#testresult/3723b2cc3fdb93fd","status":"passed","time":{"start":1717553713817,"stop":1717554412116,"duration":698299}},{"uid":"f36d20fe95247432","reportUrl":"../2687//#testresult/f36d20fe95247432","status":"passed","time":{"start":1717468253218,"stop":1717468871398,"duration":618180}},{"uid":"8835546337e68dc4","reportUrl":"../2679//#testresult/8835546337e68dc4","status":"passed","time":{"start":1717294592337,"stop":1717295154548,"duration":562211}},{"uid":"77b3725e82e4fca5","reportUrl":"../2678//#testresult/77b3725e82e4fca5","status":"broken","statusDetails":"tenacity.RetryError: RetryError[<Future at 0x7f3eba2eb9d0 state=finished raised AssertionError>]","time":{"start":1717210023075,"stop":1717210230921,"duration":207846}},{"uid":"84603a8208a0dc40","reportUrl":"../2673//#testresult/84603a8208a0dc40","status":"passed","time":{"start":1717121593121,"stop":1717122299818,"duration":706697}},{"uid":"d6b56be3a8063a6f","reportUrl":"../2656//#testresult/d6b56be3a8063a6f","status":"passed","time":{"start":1716863270505,"stop":1716863716496,"duration":445991}},{"uid":"e61b4a6ef6460091","reportUrl":"../2646//#testresult/e61b4a6ef6460091","status":"passed","time":{"start":1716775833374,"stop":1716776255250,"duration":421876}},{"uid":"e7a4fb59f4dafc27","reportUrl":"../2645//#testresult/e7a4fb59f4dafc27","status":"broken","statusDetails":"tenacity.RetryError: RetryError[<Future at 0x7fbb5731b1c0 state=finished raised AssertionError>]","time":{"start":1716690941824,"stop":1716691123659,"duration":181835}},{"uid":"e8462dddfe0ca4c4","reportUrl":"../2644//#testresult/e8462dddfe0ca4c4","status":"broken","statusDetails":"tenacity.RetryError: RetryError[<Future at 0x7f2307ff68f0 state=finished raised AssertionError>]","time":{"start":1716605505991,"stop":1716605728849,"duration":222858}},{"uid":"8e7c64cb05a5cc73","reportUrl":"../2641//#testresult/8e7c64cb05a5cc73","status":"passed","time":{"start":1716516333737,"stop":1716517027227,"duration":693490}},{"uid":"8e5b92d545bf329b","reportUrl":"../2639//#testresult/8e5b92d545bf329b","status":"passed","time":{"start":1716430000050,"stop":1716430399123,"duration":399073}},{"uid":"4fc6e090e5e41ffa","reportUrl":"../2637//#testresult/4fc6e090e5e41ffa","status":"failed","statusDetails":"AssertionError: Unable to create continuous_writes table","time":{"start":1716345843963,"stop":1716346149407,"duration":305444}},{"uid":"b04ce7759412d43e","reportUrl":"../2636//#testresult/b04ce7759412d43e","status":"passed","time":{"start":1716260236772,"stop":1716260926316,"duration":689544}}]},"tags":["asyncio","group(1)"]},"source":"146775b46c7e3258.json","parameterValues":[]}