[32mINFO    [0m pytest_operator.plugin:plugin.py:734 Connecting to existing model localhost-localhost:test on unspecified cloud
[32mINFO    [0m juju.model:model.py:2097 Deploying ch:amd64/jammy/s3-integrator-31
[32mINFO    [0m juju.model:model.py:2097 Deploying ch:amd64/jammy/self-signed-certificates-155
[32mINFO    [0m juju.model:model.py:2097 Deploying local:jammy/postgresql-0
[33mWARNING [0m juju.model:model.py:1563 relate is deprecated and will be removed. Use integrate instead.
[32mINFO    [0m juju.model:model.py:2971 Waiting for model:
  postgresql-aws/0 [allocating] waiting: waiting for machine
  postgresql-aws/1 [allocating] waiting: waiting for machine
[32mINFO    [0m juju.model:model.py:2971 Waiting for model:
  postgresql-aws/0 [allocating] waiting: waiting for machine
  postgresql-aws/1 [allocating] waiting: waiting for machine
[32mINFO    [0m juju.model:model.py:2971 Waiting for model:
  postgresql-aws/0 [allocating] waiting: waiting for machine
  postgresql-aws/1 [allocating] waiting: waiting for machine
[32mINFO    [0m juju.model:model.py:2971 Waiting for model:
  postgresql-aws/0 [allocating] waiting: waiting for machine
  postgresql-aws/1 [allocating] waiting: waiting for machine
[32mINFO    [0m juju.model:model.py:2971 Waiting for model:
  postgresql-aws/0 [allocating] waiting: waiting for machine
  postgresql-aws/1 [allocating] waiting: waiting for machine
[32mINFO    [0m juju.model:model.py:2971 Waiting for model:
  postgresql-aws/0 [executing] maintenance: installing PostgreSQL
  postgresql-aws/1 [executing] maintenance: installing PostgreSQL
[32mINFO    [0m juju.model:model.py:2971 Waiting for model:
  postgresql-aws/0 [executing] waiting: waiting to start PostgreSQL
  postgresql-aws/1 [executing] waiting: awaiting passwords generation
[32mINFO    [0m juju.model:model.py:2971 Waiting for model:
  postgresql-aws/0 [executing] active: Primary
  postgresql-aws/1 [executing] waiting: awaiting for cluster to start
[32mINFO    [0m juju.model:model.py:2971 Waiting for model:
  postgresql-aws/0 [executing] maintenance: Executing restart operation
  postgresql-aws/1 [executing] waiting: awaiting for cluster to start
[32mINFO    [0m juju.model:model.py:2971 Waiting for model:
  postgresql-aws/0 [executing] maintenance: reconfiguring cluster
  postgresql-aws/1 [idle] waiting: awaiting for cluster to start
[32mINFO    [0m juju.model:model.py:2971 Waiting for model:
  postgresql-aws/0 [executing] active: Primary
  postgresql-aws/1 [executing] waiting: awaiting for member to start
[32mINFO    [0m juju.model:model.py:2971 Waiting for model:
  postgresql-aws/0 [executing] active: Primary
  postgresql-aws/1 [executing] active: 
[32mINFO    [0m juju.model:model.py:2971 Waiting for model:
  postgresql-aws/0 [idle] active: Primary
[33mWARNING [0m juju.model:model.py:1563 relate is deprecated and will be removed. Use integrate instead.
[32mINFO    [0m integration.test_backups_pitr:test_backups_pitr.py:123 configuring S3 integrator for AWS
[32mINFO    [0m juju.model:model.py:2971 Waiting for model:
  postgresql-aws/0 [executing] active: Primary
  postgresql-aws/1 [executing] active: 
  s3-integrator/0 [executing] blocked: Missing parameters: ['access-key', 'secret-key']
[32mINFO    [0m juju.model:model.py:2971 Waiting for model:
  postgresql-aws/0 [executing] maintenance: initialising stanza
[32mINFO    [0m juju.model:model.py:2971 Waiting for model:
  postgresql-aws/0 [executing] maintenance: initialising stanza
[32mINFO    [0m juju.model:model.py:2971 Waiting for model:
  postgresql-aws/0 [executing] maintenance: initialising stanza
  postgresql-aws/1 [idle] active: 
  s3-integrator/0 [idle] active: 
[32mINFO    [0m juju.model:model.py:2971 Waiting for model:
  postgresql-aws/0 [executing] active: Primary
  postgresql-aws/1 [executing] active: 
[32mINFO    [0m juju.model:model.py:2971 Waiting for model:
  postgresql-aws/0 [executing] maintenance: initialising stanza
  postgresql-aws/1 [executing] active: 
[32mINFO    [0m juju.model:model.py:2971 Waiting for model:
  postgresql-aws/0 [executing] active: Primary
  postgresql-aws/1 [executing] active: 
[32mINFO    [0m integration.test_backups_pitr:test_backups_pitr.py:144 creating a table in the database
[32mINFO    [0m integration.test_backups_pitr:test_backups_pitr.py:153 creating a backup
[32mINFO    [0m juju.model:model.py:2971 Waiting for model:
  postgresql-aws/0 [executing] active: Primary
  postgresql-aws/1 [idle] active: 
  s3-integrator/0 [idle] active: 
[32mINFO    [0m juju.model:model.py:2971 Waiting for model:
  postgresql-aws/0 [idle] active: Primary
[32mINFO    [0m integration.test_backups_pitr:test_backups_pitr.py:163 listing the available backups
[32mINFO    [0m juju.model:model.py:2971 Waiting for model:
  s3-integrator/0 [idle] active: 
  self-signed-certificates/0 [idle] active: 
  postgresql-aws/0 [idle] active: Primary
  postgresql-aws/1 [idle] active: 
[32mINFO    [0m integration.test_backups_pitr:test_backups_pitr.py:171 creating after-backup data in the database
[32mINFO    [0m integration.test_backups_pitr:test_backups_pitr.py:214 restoring the backup with bad restore-to-time parameter
[32mINFO    [0m integration.test_backups_pitr:test_backups_pitr.py:224 restoring the backup with unreachable restore-to-time parameter
[32mINFO    [0m integration.test_backups_pitr:test_backups_pitr.py:229 waiting for the database charm to become blocked
[32mINFO    [0m integration.test_backups_pitr:test_backups_pitr.py:235 database charm become in blocked state, as supposed to be with unreachable PITR parameter
[32mINFO    [0m integration.test_backups_pitr:test_backups_pitr.py:244 restoring the backup
[32mINFO    [0m integration.test_backups_pitr:test_backups_pitr.py:263 checking that the backup was correctly restored
[32mINFO    [0m juju.model:model.py:2097 Deploying local:jammy/postgresql-1
[33mWARNING [0m juju.model:model.py:1563 relate is deprecated and will be removed. Use integrate instead.
[32mINFO    [0m juju.model:model.py:2971 Waiting for model:
  postgresql-gcp/0 [allocating] waiting: waiting for machine
  postgresql-gcp/1 [allocating] waiting: waiting for machine
[32mINFO    [0m juju.model:model.py:2971 Waiting for model:
  postgresql-gcp/0 [allocating] waiting: waiting for machine
  postgresql-gcp/1 [allocating] waiting: waiting for machine
[32mINFO    [0m juju.model:model.py:2971 Waiting for model:
  postgresql-gcp/0 [allocating] waiting: waiting for machine
  postgresql-gcp/1 [allocating] waiting: waiting for machine
[32mINFO    [0m juju.model:model.py:2971 Waiting for model:
  postgresql-gcp/0 [executing] maintenance: installing PostgreSQL
  postgresql-gcp/1 [allocating] waiting: agent initialising
[32mINFO    [0m juju.model:model.py:2971 Waiting for model:
  postgresql-gcp/0 [executing] waiting: waiting to start PostgreSQL
  postgresql-gcp/1 [executing] maintenance: installing PostgreSQL
[32mINFO    [0m juju.model:model.py:2971 Waiting for model:
  postgresql-gcp/0 [executing] active: Primary
  postgresql-gcp/1 [executing] waiting: awaiting for cluster to start
[32mINFO    [0m juju.model:model.py:2971 Waiting for model:
  postgresql-gcp/0 [executing] maintenance: reconfiguring cluster
  postgresql-gcp/1 [executing] waiting: awaiting for cluster to start
[32mINFO    [0m juju.model:model.py:2971 Waiting for model:
  postgresql-gcp/0 [executing] maintenance: Executing restart operation
  postgresql-gcp/1 [executing] waiting: awaiting for cluster to start
[32mINFO    [0m juju.model:model.py:2971 Waiting for model:
  postgresql-gcp/0 [executing] active: Primary
  postgresql-gcp/1 [executing] waiting: Awaiting restart operation
[32mINFO    [0m juju.model:model.py:2971 Waiting for model:
  postgresql-gcp/0 [idle] active: Primary
  postgresql-gcp/1 [executing] waiting: Awaiting restart operation
[32mINFO    [0m juju.model:model.py:2971 Waiting for model:
  postgresql-gcp/0 [idle] active: Primary
  postgresql-gcp/1 [executing] waiting: Awaiting restart operation
[32mINFO    [0m juju.model:model.py:2971 Waiting for model:
  postgresql-gcp/0 [idle] active: Primary
  postgresql-gcp/1 [executing] waiting: Awaiting restart operation
[32mINFO    [0m juju.model:model.py:2971 Waiting for model:
  postgresql-gcp/0 [idle] active: Primary
  postgresql-gcp/1 [executing] waiting: Awaiting restart operation
[32mINFO    [0m juju.model:model.py:2971 Waiting for model:
  postgresql-gcp/0 [idle] active: Primary
  postgresql-gcp/1 [executing] waiting: Awaiting restart operation
[32mINFO    [0m juju.model:model.py:2971 Waiting for model:
  postgresql-gcp/0 [idle] active: Primary
  postgresql-gcp/1 [executing] waiting: Awaiting restart operation
[32mINFO    [0m juju.model:model.py:2971 Waiting for model:
  postgresql-gcp/0 [idle] active: Primary
  postgresql-gcp/1 [executing] waiting: awaiting for member to start
[32mINFO    [0m juju.model:model.py:2971 Waiting for model:
  postgresql-gcp/0 [idle] active: Primary
  postgresql-gcp/1 [executing] waiting: awaiting for member to start
[32mINFO    [0m juju.model:model.py:2971 Waiting for model:
  postgresql-gcp/0 [idle] active: Primary
  postgresql-gcp/1 [executing] waiting: awaiting for member to start
[32mINFO    [0m juju.model:model.py:2971 Waiting for model:
  postgresql-gcp/0 [idle] active: Primary
  postgresql-gcp/1 [executing] waiting: awaiting for member to start
[32mINFO    [0m juju.model:model.py:2971 Waiting for model:
  postgresql-gcp/0 [idle] active: Primary
  postgresql-gcp/1 [executing] waiting: awaiting for member to start
[32mINFO    [0m juju.model:model.py:2971 Waiting for model:
  postgresql-gcp/0 [idle] active: Primary
  postgresql-gcp/1 [executing] waiting: awaiting for member to start
[32mINFO    [0m juju.model:model.py:2971 Waiting for model:
  postgresql-gcp/0 [idle] active: Primary
  postgresql-gcp/1 [executing] waiting: awaiting for member to start
[32mINFO    [0m juju.model:model.py:2971 Waiting for model:
  postgresql-gcp/0 [idle] active: Primary
  postgresql-gcp/1 [executing] waiting: awaiting for member to start
[32mINFO    [0m juju.model:model.py:2971 Waiting for model:
  postgresql-gcp/0 [idle] active: Primary
  postgresql-gcp/1 [executing] waiting: awaiting for member to start
[32mINFO    [0m juju.model:model.py:2971 Waiting for model:
  postgresql-gcp/0 [idle] active: Primary
  postgresql-gcp/1 [executing] waiting: awaiting for member to start
[32mINFO    [0m juju.model:model.py:2971 Waiting for model:
  postgresql-gcp/0 [idle] active: Primary
  postgresql-gcp/1 [executing] waiting: awaiting for member to start
[32mINFO    [0m juju.model:model.py:2971 Waiting for model:
  postgresql-gcp/0 [idle] active: Primary
  postgresql-gcp/1 [executing] waiting: awaiting for member to start
[32mINFO    [0m juju.model:model.py:2971 Waiting for model:
  postgresql-gcp/0 [idle] active: Primary
  postgresql-gcp/1 [executing] waiting: awaiting for member to start
[32mINFO    [0m juju.model:model.py:2971 Waiting for model:
  postgresql-gcp/0 [idle] active: Primary
  postgresql-gcp/1 [executing] waiting: awaiting for member to start
[32mINFO    [0m juju.model:model.py:2971 Waiting for model:
  postgresql-gcp/0 [idle] active: Primary
  postgresql-gcp/1 [executing] waiting: awaiting for member to start
[32mINFO    [0m juju.model:model.py:2971 Waiting for model:
  postgresql-gcp/0 [idle] active: Primary
  postgresql-gcp/1 [executing] waiting: awaiting for member to start
[32mINFO    [0m juju.model:model.py:2971 Waiting for model:
  postgresql-gcp/0 [idle] active: Primary
  postgresql-gcp/1 [executing] waiting: awaiting for member to start
[32mINFO    [0m juju.model:model.py:2971 Waiting for model:
  postgresql-gcp/0 [idle] active: Primary
  postgresql-gcp/1 [executing] waiting: awaiting for member to start
[32mINFO    [0m juju.model:model.py:2971 Waiting for model:
  postgresql-gcp/0 [idle] active: Primary
  postgresql-gcp/1 [executing] waiting: awaiting for member to start
[32mINFO    [0m integration.test_backups_pitr:test_backups_pitr.py:78 deleting the previously created backups
[32mINFO    [0m pytest_operator.plugin:plugin.py:862 Model status:

Model  Controller           Cloud/Region         Version  SLA          Timestamp
test   localhost-localhost  localhost/localhost  3.4.5    unsupported  02:28:55Z

App                       Version  Status       Scale  Charm                     Channel        Rev  Exposed  Message
postgresql-gcp            14.12    maintenance      2  postgresql                                 1  no       Beginning rolling restart
s3-integrator                      active           1  s3-integrator             latest/stable   31  no       
self-signed-certificates           active           1  self-signed-certificates  latest/stable  155  no       

Unit                         Workload  Agent      Machine  Public address  Ports     Message
postgresql-gcp/0*            active    idle       4        10.66.196.194   5432/tcp  Primary
postgresql-gcp/1             waiting   executing  5        10.66.196.136   5432/tcp  awaiting for member to start
s3-integrator/0*             active    idle       0        10.66.196.95              
self-signed-certificates/0*  active    idle       1        10.66.196.20              

Machine  State    Address        Inst id        Base          AZ  Message
0        started  10.66.196.95   juju-958daf-0  ubuntu@22.04      Running
1        started  10.66.196.20   juju-958daf-1  ubuntu@22.04      Running
4        started  10.66.196.194  juju-958daf-4  ubuntu@22.04      Running
5        started  10.66.196.136  juju-958daf-5  ubuntu@22.04      Running

[32mINFO    [0m pytest_operator.plugin:plugin.py:868 Juju error logs:

machine-0: 01:54:47 ERROR juju.worker.dependency "lxd-container-provisioner" manifold worker returned unexpected error: container types not yet available
machine-0: 01:54:47 ERROR juju.worker.dependency "kvm-container-provisioner" manifold worker returned unexpected error: container types not yet available
unit-s3-integrator-0: 01:54:48 ERROR juju.worker.meterstatus error running "meter-status-changed": charm missing from disk
machine-1: 01:54:55 ERROR juju.worker.dependency "kvm-container-provisioner" manifold worker returned unexpected error: container types not yet available
machine-1: 01:54:55 ERROR juju.worker.dependency "lxd-container-provisioner" manifold worker returned unexpected error: container types not yet available
unit-self-signed-certificates-0: 01:54:55 ERROR juju.worker.meterstatus error running "meter-status-changed": charm missing from disk
machine-2: 01:55:13 ERROR juju.worker.dependency "kvm-container-provisioner" manifold worker returned unexpected error: container types not yet available
machine-2: 01:55:13 ERROR juju.worker.dependency "lxd-container-provisioner" manifold worker returned unexpected error: container types not yet available
unit-postgresql-aws-0: 01:55:13 ERROR juju.worker.meterstatus error running "meter-status-changed": charm missing from disk
machine-3: 01:55:14 ERROR juju.worker.dependency "lxd-container-provisioner" manifold worker returned unexpected error: container types not yet available
machine-3: 01:55:14 ERROR juju.worker.dependency "kvm-container-provisioner" manifold worker returned unexpected error: container types not yet available
unit-postgresql-aws-1: 01:55:14 ERROR juju.worker.meterstatus error running "meter-status-changed": charm missing from disk
unit-postgresql-aws-0: 01:56:20 ERROR unit.postgresql-aws/0.juju-log Failed to list PostgreSQL database users: could not translate host name "None" to address: Temporary failure in name resolution

unit-postgresql-aws-0: 02:05:23 ERROR unit.postgresql-aws/0.juju-log Restore failed: Bad restore-to-time format
unit-postgresql-aws-0: 02:08:50 ERROR unit.postgresql-aws/0.juju-log Restore failed: database service failed to reach point-in-time-recovery target. You can launch another restore with different parameters
machine-4: 02:13:32 ERROR juju.worker.dependency "lxd-container-provisioner" manifold worker returned unexpected error: container types not yet available
machine-4: 02:13:32 ERROR juju.worker.dependency "kvm-container-provisioner" manifold worker returned unexpected error: container types not yet available
unit-postgresql-gcp-0: 02:13:32 ERROR juju.worker.meterstatus error running "meter-status-changed": charm missing from disk
machine-5: 02:13:38 ERROR juju.worker.dependency "kvm-container-provisioner" manifold worker returned unexpected error: container types not yet available
machine-5: 02:13:38 ERROR juju.worker.dependency "lxd-container-provisioner" manifold worker returned unexpected error: container types not yet available
unit-postgresql-gcp-1: 02:13:38 ERROR juju.worker.meterstatus error running "meter-status-changed": charm missing from disk
unit-postgresql-gcp-1: 02:16:12 ERROR unit.postgresql-gcp/1.juju-log certificates:9: TLS files failed to push. Error in config update
Traceback (most recent call last):
  File "/var/lib/juju/agents/unit-postgresql-gcp-1/charm/venv/urllib3/connectionpool.py", line 789, in urlopen
    response = self._make_request(
  File "/var/lib/juju/agents/unit-postgresql-gcp-1/charm/venv/urllib3/connectionpool.py", line 536, in _make_request
    response = conn.getresponse()
  File "/var/lib/juju/agents/unit-postgresql-gcp-1/charm/venv/urllib3/connection.py", line 464, in getresponse
    httplib_response = super().getresponse()
  File "/usr/lib/python3.10/http/client.py", line 1375, in getresponse
    response.begin()
  File "/usr/lib/python3.10/http/client.py", line 318, in begin
    version, status, reason = self._read_status()
  File "/usr/lib/python3.10/http/client.py", line 279, in _read_status
    line = str(self.fp.readline(_MAXLINE + 1), "iso-8859-1")
  File "/usr/lib/python3.10/socket.py", line 705, in readinto
    return self._sock.recv_into(b)
ConnectionResetError: [Errno 104] Connection reset by peer

During handling of the above exception, another exception occurred:

Traceback (most recent call last):
  File "/var/lib/juju/agents/unit-postgresql-gcp-1/charm/venv/requests/adapters.py", line 667, in send
    resp = conn.urlopen(
  File "/var/lib/juju/agents/unit-postgresql-gcp-1/charm/venv/urllib3/connectionpool.py", line 843, in urlopen
    retries = retries.increment(
  File "/var/lib/juju/agents/unit-postgresql-gcp-1/charm/venv/urllib3/util/retry.py", line 474, in increment
    raise reraise(type(error), error, _stacktrace)
  File "/var/lib/juju/agents/unit-postgresql-gcp-1/charm/venv/urllib3/util/util.py", line 38, in reraise
    raise value.with_traceback(tb)
  File "/var/lib/juju/agents/unit-postgresql-gcp-1/charm/venv/urllib3/connectionpool.py", line 789, in urlopen
    response = self._make_request(
  File "/var/lib/juju/agents/unit-postgresql-gcp-1/charm/venv/urllib3/connectionpool.py", line 536, in _make_request
    response = conn.getresponse()
  File "/var/lib/juju/agents/unit-postgresql-gcp-1/charm/venv/urllib3/connection.py", line 464, in getresponse
    httplib_response = super().getresponse()
  File "/usr/lib/python3.10/http/client.py", line 1375, in getresponse
    response.begin()
  File "/usr/lib/python3.10/http/client.py", line 318, in begin
    version, status, reason = self._read_status()
  File "/usr/lib/python3.10/http/client.py", line 279, in _read_status
    line = str(self.fp.readline(_MAXLINE + 1), "iso-8859-1")
  File "/usr/lib/python3.10/socket.py", line 705, in readinto
    return self._sock.recv_into(b)
urllib3.exceptions.ProtocolError: ('Connection aborted.', ConnectionResetError(104, 'Connection reset by peer'))

During handling of the above exception, another exception occurred:

Traceback (most recent call last):
  File "/var/lib/juju/agents/unit-postgresql-gcp-1/charm/venv/tenacity/__init__.py", line 478, in __call__
    result = fn(*args, **kwargs)
  File "/var/lib/juju/agents/unit-postgresql-gcp-1/charm/src/cluster.py", line 751, in bulk_update_parameters_controller_by_patroni
    requests.patch(
  File "/var/lib/juju/agents/unit-postgresql-gcp-1/charm/venv/requests/api.py", line 145, in patch
    return request("patch", url, data=data, **kwargs)
  File "/var/lib/juju/agents/unit-postgresql-gcp-1/charm/venv/requests/api.py", line 59, in request
    return session.request(method=method, url=url, **kwargs)
  File "/var/lib/juju/agents/unit-postgresql-gcp-1/charm/venv/requests/sessions.py", line 589, in request
    resp = self.send(prep, **send_kwargs)
  File "/var/lib/juju/agents/unit-postgresql-gcp-1/charm/venv/requests/sessions.py", line 703, in send
    r = adapter.send(request, **kwargs)
  File "/var/lib/juju/agents/unit-postgresql-gcp-1/charm/venv/requests/adapters.py", line 682, in send
    raise ConnectionError(err, request=request)
requests.exceptions.ConnectionError: ('Connection aborted.', ConnectionResetError(104, 'Connection reset by peer'))

The above exception was the direct cause of the following exception:

Traceback (most recent call last):
  File "/var/lib/juju/agents/unit-postgresql-gcp-1/charm/./src/charm.py", line 1546, in push_tls_files_to_workload
    return self.update_config()
  File "/var/lib/juju/agents/unit-postgresql-gcp-1/charm/lib/charms/tempo_k8s/v1/charm_tracing.py", line 647, in wrapped_function
    return callable(*args, **kwargs)  # type: ignore
  File "/var/lib/juju/agents/unit-postgresql-gcp-1/charm/./src/charm.py", line 1666, in update_config
    self._patroni.bulk_update_parameters_controller_by_patroni({
  File "/var/lib/juju/agents/unit-postgresql-gcp-1/charm/lib/charms/tempo_k8s/v1/charm_tracing.py", line 647, in wrapped_function
    return callable(*args, **kwargs)  # type: ignore
  File "/var/lib/juju/agents/unit-postgresql-gcp-1/charm/venv/tenacity/__init__.py", line 336, in wrapped_f
    return copy(f, *args, **kw)
  File "/var/lib/juju/agents/unit-postgresql-gcp-1/charm/venv/tenacity/__init__.py", line 475, in __call__
    do = self.iter(retry_state=retry_state)
  File "/var/lib/juju/agents/unit-postgresql-gcp-1/charm/venv/tenacity/__init__.py", line 376, in iter
    result = action(retry_state)
  File "/var/lib/juju/agents/unit-postgresql-gcp-1/charm/venv/tenacity/__init__.py", line 419, in exc_check
    raise retry_exc from fut.exception()
tenacity.RetryError: RetryError[<Future at 0x7f5366aa3b50 state=finished raised ConnectionError>]

[32mINFO    [0m pytest_operator.plugin:plugin.py:947 Forgetting model main...