[32mINFO    [0m pytest_operator.plugin:plugin.py:784 Model status:

Model  Controller           Cloud/Region         Version  SLA          Timestamp
test   localhost-localhost  localhost/localhost  3.1.7    unsupported  02:51:41Z

App                  Version  Status   Scale  Charm                Channel        Rev  Exposed  Message
another-application           active       1  postgresql-test-app  edge            54  no       received database credentials of the first database
another-database     14.10    active       2  postgresql                            0  no       Primary
data-integrator               blocked      1  data-integrator      latest/stable   13  no       Please relate the data-integrator with the desired product
database             14.10    blocked      4  postgresql                            1  no       Failed to initialize database relation
postgresql-test-app           active       2  postgresql-test-app  edge            54  no       received database credentials of the second database

Unit                    Workload  Agent      Machine  Public address  Ports     Message
another-application/0*  active    idle       6        10.207.139.37             received database credentials of the first database
another-database/0*     active    idle       3        10.207.139.170  5432/tcp  Primary
another-database/1      active    idle       4        10.207.139.104  5432/tcp  
data-integrator/0*      blocked   executing  9        10.207.139.241            Please relate the data-integrator with the desired product
database/0*             blocked   idle       2        10.207.139.32   5432/tcp  Failed to initialize database relation
database/1              active    idle       5        10.207.139.100  5432/tcp  
database/2              waiting   executing  7        10.207.139.232  5432/tcp  awaiting for member to start
database/3              waiting   executing  8        10.207.139.193  5432/tcp  awaiting for member to start
postgresql-test-app/0*  active    idle       0        10.207.139.67             received database credentials of the second database
postgresql-test-app/1   active    idle       1        10.207.139.172            received database credentials of the second database

Machine  State    Address         Inst id        Base          AZ  Message
0        started  10.207.139.67   juju-34315d-0  ubuntu@22.04      Running
1        started  10.207.139.172  juju-34315d-1  ubuntu@22.04      Running
2        started  10.207.139.32   juju-34315d-2  ubuntu@22.04      Running
3        started  10.207.139.170  juju-34315d-3  ubuntu@22.04      Running
4        started  10.207.139.104  juju-34315d-4  ubuntu@22.04      Running
5        started  10.207.139.100  juju-34315d-5  ubuntu@22.04      Running
6        started  10.207.139.37   juju-34315d-6  ubuntu@22.04      Running
7        started  10.207.139.232  juju-34315d-7  ubuntu@22.04      Running
8        started  10.207.139.193  juju-34315d-8  ubuntu@22.04      Running
9        started  10.207.139.241  juju-34315d-9  ubuntu@22.04      Running

[32mINFO    [0m pytest_operator.plugin:plugin.py:790 Juju error logs:

machine-0: 01:32:04 ERROR juju.worker.dependency "kvm-container-provisioner" manifold worker returned unexpected error: container types not yet available
machine-0: 01:32:04 ERROR juju.worker.dependency "lxd-container-provisioner" manifold worker returned unexpected error: container types not yet available
machine-0: 01:32:04 ERROR juju.worker.dependency "broker-tracker" manifold worker returned unexpected error: no container types determined
unit-postgresql-test-app-0: 01:32:05 ERROR juju.worker.meterstatus error running "meter-status-changed": charm missing from disk
machine-1: 01:32:28 ERROR juju.worker.dependency "broker-tracker" manifold worker returned unexpected error: no container types determined
machine-1: 01:32:28 ERROR juju.worker.dependency "lxd-container-provisioner" manifold worker returned unexpected error: container types not yet available
machine-1: 01:32:28 ERROR juju.worker.dependency "kvm-container-provisioner" manifold worker returned unexpected error: container types not yet available
unit-postgresql-test-app-1: 01:32:29 ERROR juju.worker.meterstatus error running "meter-status-changed": charm missing from disk
machine-3: 01:33:20 ERROR juju.worker.dependency "broker-tracker" manifold worker returned unexpected error: no container types determined
machine-3: 01:33:20 ERROR juju.worker.dependency "lxd-container-provisioner" manifold worker returned unexpected error: container types not yet available
machine-3: 01:33:20 ERROR juju.worker.dependency "kvm-container-provisioner" manifold worker returned unexpected error: container types not yet available
unit-another-database-0: 01:33:20 ERROR juju.worker.meterstatus error running "meter-status-changed": charm missing from disk
machine-2: 01:33:20 ERROR juju.worker.dependency "kvm-container-provisioner" manifold worker returned unexpected error: container types not yet available
machine-2: 01:33:20 ERROR juju.worker.dependency "broker-tracker" manifold worker returned unexpected error: no container types determined
machine-2: 01:33:21 ERROR juju.worker.dependency "lxd-container-provisioner" manifold worker returned unexpected error: container types not yet available
unit-database-0: 01:33:21 ERROR juju.worker.meterstatus error running "meter-status-changed": charm missing from disk
machine-4: 01:33:31 ERROR juju.worker.dependency "kvm-container-provisioner" manifold worker returned unexpected error: container types not yet available
machine-4: 01:33:31 ERROR juju.worker.dependency "lxd-container-provisioner" manifold worker returned unexpected error: container types not yet available
machine-4: 01:33:31 ERROR juju.worker.dependency "broker-tracker" manifold worker returned unexpected error: no container types determined
unit-another-database-1: 01:33:32 ERROR juju.worker.meterstatus error running "meter-status-changed": charm missing from disk
machine-5: 01:42:44 ERROR juju.worker.dependency "lxd-container-provisioner" manifold worker returned unexpected error: container types not yet available
machine-5: 01:42:44 ERROR juju.worker.dependency "broker-tracker" manifold worker returned unexpected error: no container types determined
machine-5: 01:42:44 ERROR juju.worker.dependency "kvm-container-provisioner" manifold worker returned unexpected error: container types not yet available
unit-database-1: 01:42:44 ERROR juju.worker.meterstatus error running "meter-status-changed": charm missing from disk
machine-6: 01:57:14 ERROR juju.worker.dependency "broker-tracker" manifold worker returned unexpected error: no container types determined
machine-6: 01:57:14 ERROR juju.worker.dependency "kvm-container-provisioner" manifold worker returned unexpected error: container types not yet available
machine-6: 01:57:14 ERROR juju.worker.dependency "lxd-container-provisioner" manifold worker returned unexpected error: container types not yet available
unit-another-application-0: 01:57:14 ERROR juju.worker.meterstatus error running "meter-status-changed": charm missing from disk
machine-7: 02:02:30 ERROR juju.worker.dependency "kvm-container-provisioner" manifold worker returned unexpected error: container types not yet available
machine-7: 02:02:30 ERROR juju.worker.dependency "lxd-container-provisioner" manifold worker returned unexpected error: container types not yet available
machine-7: 02:02:30 ERROR juju.worker.dependency "broker-tracker" manifold worker returned unexpected error: no container types determined
unit-database-2: 02:02:30 ERROR juju.worker.meterstatus error running "meter-status-changed": charm missing from disk
machine-8: 02:02:34 ERROR juju.worker.dependency "broker-tracker" manifold worker returned unexpected error: no container types determined
machine-8: 02:02:34 ERROR juju.worker.dependency "kvm-container-provisioner" manifold worker returned unexpected error: container types not yet available
machine-8: 02:02:34 ERROR juju.worker.dependency "lxd-container-provisioner" manifold worker returned unexpected error: container types not yet available
unit-database-3: 02:02:36 ERROR juju.worker.meterstatus error running "meter-status-changed": charm missing from disk
unit-database-3: 02:35:34 ERROR unit.database/3.juju-log database:9: Uncaught exception while in charm code:
Traceback (most recent call last):
  File "/var/lib/juju/agents/unit-database-3/charm/./src/charm.py", line 1518, in <module>
    main(PostgresqlOperatorCharm)
  File "/var/lib/juju/agents/unit-database-3/charm/venv/ops/main.py", line 434, in main
    framework.reemit()
  File "/var/lib/juju/agents/unit-database-3/charm/venv/ops/framework.py", line 863, in reemit
    self._reemit()
  File "/var/lib/juju/agents/unit-database-3/charm/venv/ops/framework.py", line 942, in _reemit
    custom_handler(event)
  File "/var/lib/juju/agents/unit-database-3/charm/./src/charm.py", line 463, in _on_peer_relation_changed
    self.update_config()
  File "/var/lib/juju/agents/unit-database-3/charm/./src/charm.py", line 1430, in update_config
    self._validate_config_options()
  File "/var/lib/juju/agents/unit-database-3/charm/./src/charm.py", line 1484, in _validate_config_options
    raise Exception("request_date_style config option has an invalid value")
Exception: request_date_style config option has an invalid value
unit-database-3: 02:35:36 ERROR juju.worker.uniter.operation hook "database-relation-changed" (via hook dispatching script: dispatch) failed: exit status 1
machine-9: 02:40:21 ERROR juju.worker.dependency "lxd-container-provisioner" manifold worker returned unexpected error: container types not yet available
machine-9: 02:40:21 ERROR juju.worker.dependency "broker-tracker" manifold worker returned unexpected error: no container types determined
machine-9: 02:40:21 ERROR juju.worker.dependency "kvm-container-provisioner" manifold worker returned unexpected error: container types not yet available
unit-data-integrator-0: 02:40:24 ERROR juju.worker.meterstatus error running "meter-status-changed": charm missing from disk
unit-database-3: 02:41:08 ERROR unit.database/3.juju-log database:13: Uncaught exception while in charm code:
Traceback (most recent call last):
  File "/var/lib/juju/agents/unit-database-3/charm/./src/charm.py", line 1518, in <module>
    main(PostgresqlOperatorCharm)
  File "/var/lib/juju/agents/unit-database-3/charm/venv/ops/main.py", line 434, in main
    framework.reemit()
  File "/var/lib/juju/agents/unit-database-3/charm/venv/ops/framework.py", line 863, in reemit
    self._reemit()
  File "/var/lib/juju/agents/unit-database-3/charm/venv/ops/framework.py", line 942, in _reemit
    custom_handler(event)
  File "/var/lib/juju/agents/unit-database-3/charm/./src/charm.py", line 463, in _on_peer_relation_changed
    self.update_config()
  File "/var/lib/juju/agents/unit-database-3/charm/./src/charm.py", line 1430, in update_config
    self._validate_config_options()
  File "/var/lib/juju/agents/unit-database-3/charm/./src/charm.py", line 1488, in _validate_config_options
    and self.config.request_time_zone not in self.postgresql.get_postgresql_timezones()
  File "/var/lib/juju/agents/unit-database-3/charm/lib/charms/postgresql_k8s/v0/postgresql.py", line 397, in get_postgresql_timezones
    with self._connect_to_database(
  File "/var/lib/juju/agents/unit-database-3/charm/lib/charms/postgresql_k8s/v0/postgresql.py", line 127, in _connect_to_database
    connection = psycopg2.connect(
  File "/var/lib/juju/agents/unit-database-3/charm/venv/psycopg2/__init__.py", line 122, in connect
    conn = _connect(dsn, connection_factory=connection_factory, **kwasync)
psycopg2.OperationalError: connection to server at "10.207.139.193", port 5432 failed: Connection refused
	Is the server running on that host and accepting TCP/IP connections?

unit-database-3: 02:41:09 ERROR juju.worker.uniter.operation hook "database-relation-changed" (via hook dispatching script: dispatch) failed: exit status 1
unit-database-0: 02:41:40 ERROR unit.database/0.juju-log database:17: Failed to create user: cannot execute CREATE ROLE in a read-only transaction

unit-database-0: 02:41:40 ERROR unit.database/0.juju-log database:17: None
Traceback (most recent call last):
  File "/var/lib/juju/agents/unit-database-0/charm/lib/charms/postgresql_k8s/v0/postgresql.py", line 233, in create_user
    cursor.execute(sql.SQL(f"{user_definition};").format(sql.Identifier(user)))
psycopg2.errors.ReadOnlySqlTransaction: cannot execute CREATE ROLE in a read-only transaction


During handling of the above exception, another exception occurred:

Traceback (most recent call last):
  File "/var/lib/juju/agents/unit-database-0/charm/src/relations/postgresql_provider.py", line 86, in _on_database_requested
    self.charm.postgresql.create_user(user, password, extra_user_roles=extra_user_roles)
  File "/var/lib/juju/agents/unit-database-0/charm/lib/charms/postgresql_k8s/v0/postgresql.py", line 245, in create_user
    raise PostgreSQLCreateUserError()
charms.postgresql_k8s.v0.postgresql.PostgreSQLCreateUserError: None

[32mINFO    [0m pytest_operator.plugin:plugin.py:856 Forgetting main...