[32mINFO    [0m integration.ha_tests.test_self_healing:test_self_healing.py:486 checking whether the connectivity to the database is working
[32mINFO    [0m integration.ha_tests.test_self_healing:test_self_healing.py:491 Cutting network for postgresql/2
[32mINFO    [0m integration.ha_tests.test_self_healing:test_self_healing.py:497 checking for no connectivity between postgresql/2 and postgresql/1
[32mINFO    [0m integration.ha_tests.test_self_healing:test_self_healing.py:497 checking for no connectivity between postgresql/2 and postgresql/3
[32mINFO    [0m integration.ha_tests.test_self_healing:test_self_healing.py:504 checking for no connectivity between postgresql/2 and the controller
[32mINFO    [0m integration.ha_tests.test_self_healing:test_self_healing.py:511 checking whether the connectivity to the database is not working
[32mINFO    [0m integration.ha_tests.test_self_healing:test_self_healing.py:517 checking whether writes are increasing
[32mINFO    [0m integration.ha_tests.test_self_healing:test_self_healing.py:520 checking whether a new primary was elected
[32mINFO    [0m integration.ha_tests.test_self_healing:test_self_healing.py:527 Restoring network for postgresql/2
[32mINFO    [0m integration.ha_tests.test_self_healing:test_self_healing.py:531 waiting for cluster to become idle
[32mINFO    [0m juju.model:model.py:2958 Waiting for model:
  postgresql/1 [idle] active: 
  postgresql/2 [idle] active: Primary
  postgresql/3 [idle] active: Primary
[32mINFO    [0m integration.ha_tests.test_self_healing:test_self_healing.py:536 waiting for the database service to be ready on postgresql/2
[32mINFO    [0m integration.ha_tests.test_self_healing:test_self_healing.py:540 checking whether the connectivity to the database is working
[32mINFO    [0m integration.ha_tests.helpers:helpers.py:196 checking that the former primary is now a replica
[32mINFO    [0m integration.ha_tests.helpers:helpers.py:202 checking that all units are part of the same cluster
[32mINFO    [0m integration.ha_tests.helpers:helpers.py:216 checking that no writes to the database were missed after stopping the writes
[32mINFO    [0m integration.ha_tests.helpers:helpers.py:220 checking that the former primary is up to date with the cluster after restarting
[32mINFO    [0m pytest_operator.plugin:plugin.py:862 Model status:

Model  Controller           Cloud/Region         Version  SLA          Timestamp
test   localhost-localhost  localhost/localhost  3.1.8    unsupported  02:39:15Z

App                  Version  Status  Scale  Charm                Channel  Rev  Exposed  Message
postgresql           14.11    active      3  postgresql                      0  no       
postgresql-test-app           active      1  postgresql-test-app  edge     130  no       received database credentials of the first database

Unit                    Workload  Agent  Machine  Public address  Ports     Message
postgresql-test-app/0*  active    idle   3        10.77.208.52              received database credentials of the first database
postgresql/1            active    idle   1        10.77.208.80    5432/tcp  
postgresql/2            active    idle   2        10.77.208.215   5432/tcp  
postgresql/3*           active    idle   4        10.77.208.82    5432/tcp  Primary

Machine  State    Address        Inst id        Base          AZ  Message
1        started  10.77.208.80   juju-fd7e65-1  ubuntu@22.04      Running
2        started  10.77.208.215  juju-fd7e65-2  ubuntu@22.04      Running
3        started  10.77.208.52   juju-fd7e65-3  ubuntu@22.04      Running
4        started  10.77.208.82   juju-fd7e65-4  ubuntu@22.04      Running

[32mINFO    [0m pytest_operator.plugin:plugin.py:868 Juju error logs:

machine-1: 01:38:30 ERROR juju.worker.dependency "broker-tracker" manifold worker returned unexpected error: no container types determined
machine-1: 01:38:30 ERROR juju.worker.dependency "lxd-container-provisioner" manifold worker returned unexpected error: container types not yet available
machine-1: 01:38:30 ERROR juju.worker.dependency "kvm-container-provisioner" manifold worker returned unexpected error: container types not yet available
unit-postgresql-1: 01:38:30 ERROR juju.worker.meterstatus error running "meter-status-changed": charm missing from disk
machine-0: 01:38:34 ERROR juju.worker.dependency "lxd-container-provisioner" manifold worker returned unexpected error: container types not yet available
machine-0: 01:38:34 ERROR juju.worker.dependency "broker-tracker" manifold worker returned unexpected error: no container types determined
machine-0: 01:38:34 ERROR juju.worker.dependency "kvm-container-provisioner" manifold worker returned unexpected error: container types not yet available
unit-postgresql-0: 01:38:35 ERROR juju.worker.meterstatus error running "meter-status-changed": charm missing from disk
machine-3: 01:38:46 ERROR juju.worker.dependency "broker-tracker" manifold worker returned unexpected error: no container types determined
machine-3: 01:38:46 ERROR juju.worker.dependency "lxd-container-provisioner" manifold worker returned unexpected error: container types not yet available
machine-3: 01:38:46 ERROR juju.worker.dependency "kvm-container-provisioner" manifold worker returned unexpected error: container types not yet available
unit-postgresql-test-app-0: 01:38:46 ERROR juju.worker.meterstatus error running "meter-status-changed": charm missing from disk
machine-2: 01:39:23 ERROR juju.worker.dependency "kvm-container-provisioner" manifold worker returned unexpected error: container types not yet available
machine-2: 01:39:23 ERROR juju.worker.dependency "lxd-container-provisioner" manifold worker returned unexpected error: container types not yet available
machine-2: 01:39:23 ERROR juju.worker.dependency "broker-tracker" manifold worker returned unexpected error: no container types determined
unit-postgresql-2: 01:39:23 ERROR juju.worker.meterstatus error running "meter-status-changed": charm missing from disk
machine-4: 01:56:07 ERROR juju.worker.dependency "kvm-container-provisioner" manifold worker returned unexpected error: container types not yet available
machine-4: 01:56:07 ERROR juju.worker.dependency "lxd-container-provisioner" manifold worker returned unexpected error: container types not yet available
machine-4: 01:56:07 ERROR juju.worker.dependency "broker-tracker" manifold worker returned unexpected error: no container types determined
unit-postgresql-3: 01:56:07 ERROR juju.worker.meterstatus error running "meter-status-changed": charm missing from disk
unit-postgresql-test-app-0: 02:01:43 ERROR unit.postgresql-test-app/0.juju-log first-database:4: Unable to read result
Traceback (most recent call last):
  File "/var/lib/juju/agents/unit-postgresql-test-app-0/charm/./src/charm.py", line 371, in _stop_continuous_writes
    with open(LAST_WRITTEN_FILE, "r") as fd:
FileNotFoundError: [Errno 2] No such file or directory: '/tmp/last_written_value'

The above exception was the direct cause of the following exception:

Traceback (most recent call last):
  File "/var/lib/juju/agents/unit-postgresql-test-app-0/charm/./src/charm.py", line 369, in _stop_continuous_writes
    for attempt in Retrying(stop=stop_after_delay(60), wait=wait_fixed(5)):
  File "/var/lib/juju/agents/unit-postgresql-test-app-0/charm/venv/tenacity/__init__.py", line 435, in __iter__
    do = self.iter(retry_state=retry_state)
  File "/var/lib/juju/agents/unit-postgresql-test-app-0/charm/venv/tenacity/__init__.py", line 368, in iter
    result = action(retry_state)
  File "/var/lib/juju/agents/unit-postgresql-test-app-0/charm/venv/tenacity/__init__.py", line 411, in exc_check
    raise retry_exc from fut.exception()
tenacity.RetryError: RetryError[<Future at 0x7fa8b5e96770 state=finished raised FileNotFoundError>]
unit-postgresql-1: 02:02:51 ERROR unit.postgresql/1.juju-log Failed to list PostgreSQL database users: connection to server at "10.77.208.82", port 5432 failed: timeout expired

unit-postgresql-1: 02:03:02 ERROR unit.postgresql/1.juju-log Failed to list PostgreSQL database users: connection to server at "10.77.208.82", port 5432 failed: timeout expired

unit-postgresql-1: 02:07:22 ERROR unit.postgresql/1.juju-log Failed to list PostgreSQL database users: connection to server at "10.77.208.215", port 5432 failed: FATAL:  the database system is shutting down

unit-postgresql-1: 02:22:09 ERROR unit.postgresql/1.juju-log Failed to list PostgreSQL database users: could not translate host name "None" to address: Temporary failure in name resolution

machine-1: 02:29:00 ERROR juju.worker.dependency "api-caller" manifold worker returned unexpected error: api connection broken unexpectedly
machine-1: 02:29:04 ERROR juju.worker.dependency "api-caller" manifold worker returned unexpected error: [93c037] "machine-1" cannot open api: unable to connect to API: dial tcp 10.77.208.19:17070: connect: network is unreachable
machine-1: 02:29:07 ERROR juju.worker.dependency "api-caller" manifold worker returned unexpected error: [93c037] "machine-1" cannot open api: unable to connect to API: dial tcp 10.77.208.19:17070: connect: network is unreachable
machine-1: 02:29:11 ERROR juju.worker.dependency "api-caller" manifold worker returned unexpected error: [93c037] "machine-1" cannot open api: unable to connect to API: dial tcp 10.77.208.19:17070: connect: network is unreachable
machine-1: 02:29:17 ERROR juju.worker.dependency "api-caller" manifold worker returned unexpected error: [93c037] "machine-1" cannot open api: unable to connect to API: dial tcp 10.77.208.19:17070: connect: network is unreachable
machine-1: 02:29:23 ERROR juju.worker.dependency "api-caller" manifold worker returned unexpected error: [93c037] "machine-1" cannot open api: unable to connect to API: dial tcp 10.77.208.19:17070: connect: network is unreachable
unit-postgresql-3: 02:35:29 ERROR unit.postgresql/3.juju-log Failed to list PostgreSQL database users: connection to server at "10.77.208.215", port 5432 failed: timeout expired

unit-postgresql-3: 02:35:41 ERROR unit.postgresql/3.juju-log Failed to list PostgreSQL database users: connection to server at "10.77.208.215", port 5432 failed: timeout expired

unit-postgresql-3: 02:35:47 ERROR unit.postgresql/3.juju-log Failed to list PostgreSQL database users: could not translate host name "None" to address: Temporary failure in name resolution

machine-2: 02:36:53 ERROR juju.worker.dependency "api-caller" manifold worker returned unexpected error: api connection broken unexpectedly
machine-2: 02:36:56 ERROR juju.worker.dependency "api-caller" manifold worker returned unexpected error: [93c037] "machine-2" cannot open api: unable to connect to API: dial tcp 10.77.208.19:17070: connect: no route to host
machine-2: 02:37:02 ERROR juju.worker.dependency "api-caller" manifold worker returned unexpected error: [93c037] "machine-2" cannot open api: unable to connect to API: dial tcp 10.77.208.19:17070: connect: no route to host
machine-2: 02:37:09 ERROR juju.worker.dependency "api-caller" manifold worker returned unexpected error: [93c037] "machine-2" cannot open api: unable to connect to API: dial tcp 10.77.208.19:17070: connect: no route to host
machine-2: 02:37:15 ERROR juju.worker.dependency "api-caller" manifold worker returned unexpected error: [93c037] "machine-2" cannot open api: unable to connect to API: dial tcp 10.77.208.19:17070: connect: no route to host
machine-2: 02:37:21 ERROR juju.worker.dependency "api-caller" manifold worker returned unexpected error: [93c037] "machine-2" cannot open api: unable to connect to API: dial tcp 10.77.208.19:17070: connect: no route to host

[32mINFO    [0m pytest_operator.plugin:plugin.py:947 Forgetting model main...