[32mINFO    [0m integration.test_charm:test_charm.py:301 connecting to primary postgresql/0 on 10.41.160.5
[32mINFO    [0m juju.model:model.py:2947 Waiting for model:
  postgresql/0 [executing] active: Primary
  postgresql/1 [executing] waiting: awaiting for member to start
  postgresql/2 [executing] waiting: awaiting for member to start
[32mINFO    [0m juju.model:model.py:2947 Waiting for model:
  postgresql/1 [executing] waiting: awaiting for member to start
  postgresql/2 [idle] active: 
[32mINFO    [0m juju.model:model.py:2947 Waiting for model:
  postgresql/1 [executing] active: 
  postgresql/2 [idle] active: Primary
[32mINFO    [0m juju.model:model.py:2947 Waiting for model:
  postgresql/1 [idle] active: 
  postgresql/2 [idle] active: Primary
[32mINFO    [0m juju.model:model.py:2947 Waiting for model:
  postgresql/1 [idle] active: 
  postgresql/2 [idle] active: Primary
  postgresql/3 [allocating] waiting: waiting for machine
[32mINFO    [0m juju.model:model.py:2947 Waiting for model:
  postgresql/3 [allocating] waiting: waiting for machine
[32mINFO    [0m juju.model:model.py:2947 Waiting for model:
  postgresql/3 [allocating] waiting: waiting for machine
[32mINFO    [0m juju.model:model.py:2947 Waiting for model:
  postgresql/3 [executing] waiting: agent initialising
[32mINFO    [0m juju.model:model.py:2947 Waiting for model:
  postgresql/1 [executing] active: 
  postgresql/2 [executing] active: Primary
  postgresql/3 [executing] waiting: waiting to start PostgreSQL
[32mINFO    [0m juju.model:model.py:2947 Waiting for model:
  postgresql/1 [executing] maintenance: reconfiguring cluster
  postgresql/2 [executing] active: Primary
  postgresql/3 [executing] waiting: waiting to start PostgreSQL
[32mINFO    [0m juju.model:model.py:2947 Waiting for model:
  postgresql/1 [idle] active: 
  postgresql/3 [executing] waiting: waiting to start PostgreSQL
[32mINFO    [0m juju.model:model.py:2947 Waiting for model:
  postgresql/3 [executing] waiting: waiting to start PostgreSQL
[32mINFO    [0m juju.model:model.py:2947 Waiting for model:
  postgresql/3 [executing] waiting: waiting to start PostgreSQL
[32mINFO    [0m juju.model:model.py:2947 Waiting for model:
  postgresql/1 [executing] maintenance: reconfiguring cluster
  postgresql/2 [idle] active: Primary
  postgresql/3 [executing] waiting: waiting to start PostgreSQL
[32mINFO    [0m juju.model:model.py:2947 Waiting for model:
  postgresql/3 [executing] waiting: waiting to start PostgreSQL
[32mINFO    [0m juju.model:model.py:2947 Waiting for model:
  postgresql/3 [executing] waiting: awaiting for member to start
[32mINFO    [0m juju.model:model.py:2947 Waiting for model:
  postgresql/3 [executing] waiting: awaiting for member to start
[32mINFO    [0m juju.model:model.py:2947 Waiting for model:
  postgresql/3 [executing] waiting: awaiting for member to start
[32mINFO    [0m juju.model:model.py:2947 Waiting for model:
  postgresql/3 [executing] waiting: awaiting for member to start
[32mINFO    [0m juju.model:model.py:2947 Waiting for model:
  postgresql/3 [executing] waiting: awaiting for member to start
[32mINFO    [0m juju.model:model.py:2947 Waiting for model:
  postgresql/3 [executing] waiting: awaiting for member to start
[32mINFO    [0m juju.model:model.py:2947 Waiting for model:
  postgresql/3 [executing] waiting: awaiting for member to start
[32mINFO    [0m juju.model:model.py:2947 Waiting for model:
  postgresql/3 [executing] waiting: awaiting for member to start
[32mINFO    [0m juju.model:model.py:2947 Waiting for model:
  postgresql/3 [executing] waiting: awaiting for member to start
[32mINFO    [0m juju.model:model.py:2947 Waiting for model:
  postgresql/3 [executing] waiting: awaiting for member to start
[32mINFO    [0m juju.model:model.py:2947 Waiting for model:
  postgresql/3 [executing] waiting: awaiting for member to start
[32mINFO    [0m juju.model:model.py:2947 Waiting for model:
  postgresql/3 [executing] waiting: awaiting for member to start
[32mINFO    [0m juju.model:model.py:2947 Waiting for model:
  postgresql/3 [executing] waiting: awaiting for member to start
[32mINFO    [0m juju.model:model.py:2947 Waiting for model:
  postgresql/3 [executing] waiting: awaiting for member to start
[32mINFO    [0m juju.model:model.py:2947 Waiting for model:
  postgresql/3 [executing] waiting: awaiting for member to start
[32mINFO    [0m juju.model:model.py:2947 Waiting for model:
  postgresql/1 [idle] active: 
  postgresql/2 [idle] active: Primary
  postgresql/3 [executing] blocked: no primary in the cluster
[32mINFO    [0m juju.model:model.py:2947 Waiting for model:
  postgresql/3 [executing] blocked: no primary in the cluster
[32mINFO    [0m juju.model:model.py:2947 Waiting for model:
  postgresql/3 [executing] blocked: no primary in the cluster
[32mINFO    [0m juju.model:model.py:2947 Waiting for model:
  postgresql/3 [executing] blocked: no primary in the cluster
[32mINFO    [0m juju.model:model.py:2947 Waiting for model:
  postgresql/3 [executing] blocked: no primary in the cluster
[32mINFO    [0m juju.model:model.py:2947 Waiting for model:
  postgresql/3 [executing] blocked: no primary in the cluster
[32mINFO    [0m juju.model:model.py:2947 Waiting for model:
  postgresql/3 [executing] blocked: no primary in the cluster
[32mINFO    [0m juju.model:model.py:2947 Waiting for model:
  postgresql/3 [executing] blocked: no primary in the cluster
[32mINFO    [0m juju.model:model.py:2947 Waiting for model:
  postgresql/3 [executing] blocked: no primary in the cluster
[32mINFO    [0m juju.model:model.py:2947 Waiting for model:
  postgresql/3 [executing] blocked: no primary in the cluster
[32mINFO    [0m juju.model:model.py:2947 Waiting for model:
  postgresql/3 [executing] blocked: no primary in the cluster
[32mINFO    [0m juju.model:model.py:2947 Waiting for model:
  postgresql/3 [executing] blocked: no primary in the cluster
[32mINFO    [0m juju.model:model.py:2947 Waiting for model:
  postgresql/3 [executing] blocked: no primary in the cluster
[32mINFO    [0m juju.model:model.py:2947 Waiting for model:
  postgresql/3 [executing] blocked: no primary in the cluster
[32mINFO    [0m juju.model:model.py:2947 Waiting for model:
  postgresql/3 [executing] blocked: no primary in the cluster
[32mINFO    [0m juju.model:model.py:2947 Waiting for model:
  postgresql/1 [executing] active: 
  postgresql/2 [executing] active: Primary
  postgresql/3 [idle] active: 
[32mINFO    [0m integration.test_charm:test_charm.py:321 connecting to the database host: 10.41.160.56
[32mINFO    [0m integration.test_charm:test_charm.py:321 connecting to the database host: 10.41.160.122
[32mINFO    [0m integration.test_charm:test_charm.py:321 connecting to the database host: 10.41.160.218
[32mINFO    [0m pytest_operator.plugin:plugin.py:784 Model status:

Model  Controller           Cloud/Region         Version  SLA          Timestamp
test   localhost-localhost  localhost/localhost  3.1.7    unsupported  02:06:19Z

App         Version  Status  Scale  Charm       Channel  Rev  Exposed  Message
postgresql  14.10    active      3  postgresql             0  no       

Unit           Workload  Agent  Machine  Public address  Ports     Message
postgresql/1*  active    idle   1        10.41.160.56    5432/tcp  
postgresql/2   active    idle   2        10.41.160.122   5432/tcp  Primary
postgresql/3   active    idle   3        10.41.160.218   5432/tcp  

Machine  State    Address        Inst id        Base          AZ  Message
1        started  10.41.160.56   juju-c9c834-1  ubuntu@22.04      Running
2        started  10.41.160.122  juju-c9c834-2  ubuntu@22.04      Running
3        started  10.41.160.218  juju-c9c834-3  ubuntu@22.04      Running

[32mINFO    [0m pytest_operator.plugin:plugin.py:790 Juju error logs:

machine-0: 01:31:14 ERROR juju.worker.dependency "broker-tracker" manifold worker returned unexpected error: no container types determined
machine-0: 01:31:14 ERROR juju.worker.dependency "lxd-container-provisioner" manifold worker returned unexpected error: container types not yet available
machine-0: 01:31:14 ERROR juju.worker.dependency "kvm-container-provisioner" manifold worker returned unexpected error: container types not yet available
machine-1: 01:31:14 ERROR juju.worker.dependency "kvm-container-provisioner" manifold worker returned unexpected error: container types not yet available
machine-1: 01:31:14 ERROR juju.worker.dependency "lxd-container-provisioner" manifold worker returned unexpected error: container types not yet available
machine-1: 01:31:14 ERROR juju.worker.dependency "broker-tracker" manifold worker returned unexpected error: no container types determined
unit-postgresql-0: 01:31:15 ERROR juju.worker.meterstatus error running "meter-status-changed": charm missing from disk
unit-postgresql-1: 01:31:15 ERROR juju.worker.meterstatus error running "meter-status-changed": charm missing from disk
machine-2: 01:31:18 ERROR juju.worker.dependency "kvm-container-provisioner" manifold worker returned unexpected error: container types not yet available
machine-2: 01:31:18 ERROR juju.worker.dependency "broker-tracker" manifold worker returned unexpected error: no container types determined
machine-2: 01:31:18 ERROR juju.worker.dependency "lxd-container-provisioner" manifold worker returned unexpected error: container types not yet available
unit-postgresql-2: 01:31:19 ERROR juju.worker.meterstatus error running "meter-status-changed": charm missing from disk
unit-postgresql-2: 01:43:20 ERROR unit.postgresql/2.juju-log database-peers:0: Uncaught exception while in charm code:
Traceback (most recent call last):
  File "/var/lib/juju/agents/unit-postgresql-2/charm/lib/charms/postgresql_k8s/v0/postgresql.py", line 400, in get_postgresql_timezones
    cursor.execute("SELECT name FROM pg_timezone_names;")
psycopg2.OperationalError: server closed the connection unexpectedly
	This probably means the server terminated abnormally
	before or while processing the request.


During handling of the above exception, another exception occurred:

Traceback (most recent call last):
  File "/var/lib/juju/agents/unit-postgresql-2/charm/./src/charm.py", line 1518, in <module>
    main(PostgresqlOperatorCharm)
  File "/var/lib/juju/agents/unit-postgresql-2/charm/venv/ops/main.py", line 436, in main
    _emit_charm_event(charm, dispatcher.event_name)
  File "/var/lib/juju/agents/unit-postgresql-2/charm/venv/ops/main.py", line 144, in _emit_charm_event
    event_to_emit.emit(*args, **kwargs)
  File "/var/lib/juju/agents/unit-postgresql-2/charm/venv/ops/framework.py", line 351, in emit
    framework._emit(event)
  File "/var/lib/juju/agents/unit-postgresql-2/charm/venv/ops/framework.py", line 853, in _emit
    self._reemit(event_path)
  File "/var/lib/juju/agents/unit-postgresql-2/charm/venv/ops/framework.py", line 942, in _reemit
    custom_handler(event)
  File "/var/lib/juju/agents/unit-postgresql-2/charm/./src/charm.py", line 463, in _on_peer_relation_changed
    self.update_config()
  File "/var/lib/juju/agents/unit-postgresql-2/charm/./src/charm.py", line 1430, in update_config
    self._validate_config_options()
  File "/var/lib/juju/agents/unit-postgresql-2/charm/./src/charm.py", line 1488, in _validate_config_options
    and self.config.request_time_zone not in self.postgresql.get_postgresql_timezones()
  File "/var/lib/juju/agents/unit-postgresql-2/charm/lib/charms/postgresql_k8s/v0/postgresql.py", line 397, in get_postgresql_timezones
    with self._connect_to_database(
psycopg2.InterfaceError: connection already closed
unit-postgresql-2: 01:43:21 ERROR juju.worker.uniter.operation hook "database-peers-relation-changed" (via hook dispatching script: dispatch) failed: exit status 1
machine-3: 01:46:32 ERROR juju.worker.dependency "lxd-container-provisioner" manifold worker returned unexpected error: container types not yet available
machine-3: 01:46:32 ERROR juju.worker.dependency "kvm-container-provisioner" manifold worker returned unexpected error: container types not yet available
machine-3: 01:46:32 ERROR juju.worker.dependency "broker-tracker" manifold worker returned unexpected error: no container types determined
unit-postgresql-3: 01:46:33 ERROR juju.worker.meterstatus error running "meter-status-changed": charm missing from disk

[32mINFO    [0m pytest_operator.plugin:plugin.py:856 Forgetting main...