[32mINFO    [0m integration.test_backups:test_backups.py:77 deleting the previously created backups
[32mINFO    [0m pytest_operator.plugin:plugin.py:834 Model status:

Model  Controller           Cloud/Region         Version  SLA          Timestamp
test   localhost-localhost  localhost/localhost  3.1.8    unsupported  02:22:35Z

App                       Version  Status   Scale  Charm                     Channel        Rev  Exposed  Message
postgresql-gcp            14.11    waiting      2  postgresql                                 1  no       awaiting for cluster to start
s3-integrator                      active       1  s3-integrator             latest/stable   17  no       
self-signed-certificates           active       1  self-signed-certificates  latest/stable   72  no       

Unit                         Workload  Agent      Machine  Public address  Ports     Message
postgresql-gcp/0             waiting   idle       5        10.215.42.50    5432/tcp  awaiting for cluster to start
postgresql-gcp/1*            waiting   executing  6        10.215.42.69    5432/tcp  awaiting for member to start
s3-integrator/0*             active    idle       0        10.215.42.7               
self-signed-certificates/0*  active    idle       1        10.215.42.180             

Machine  State    Address        Inst id        Base          AZ  Message
0        started  10.215.42.7    juju-04dd6c-0  ubuntu@22.04      Running
1        started  10.215.42.180  juju-04dd6c-1  ubuntu@22.04      Running
5        started  10.215.42.50   juju-04dd6c-5  ubuntu@22.04      Running
6        started  10.215.42.69   juju-04dd6c-6  ubuntu@22.04      Running

[32mINFO    [0m pytest_operator.plugin:plugin.py:840 Juju error logs:

machine-1: 01:31:16 ERROR juju.worker.dependency "broker-tracker" manifold worker returned unexpected error: no container types determined
machine-1: 01:31:16 ERROR juju.worker.dependency "lxd-container-provisioner" manifold worker returned unexpected error: container types not yet available
machine-1: 01:31:16 ERROR juju.worker.dependency "kvm-container-provisioner" manifold worker returned unexpected error: container types not yet available
unit-self-signed-certificates-0: 01:31:16 ERROR juju.worker.meterstatus error running "meter-status-changed": charm missing from disk
machine-0: 01:31:18 ERROR juju.worker.dependency "kvm-container-provisioner" manifold worker returned unexpected error: container types not yet available
machine-0: 01:31:18 ERROR juju.worker.dependency "broker-tracker" manifold worker returned unexpected error: no container types determined
machine-0: 01:31:18 ERROR juju.worker.dependency "lxd-container-provisioner" manifold worker returned unexpected error: container types not yet available
unit-s3-integrator-0: 01:31:18 ERROR juju.worker.meterstatus error running "meter-status-changed": charm missing from disk
machine-2: 01:31:30 ERROR juju.worker.dependency "lxd-container-provisioner" manifold worker returned unexpected error: container types not yet available
machine-2: 01:31:30 ERROR juju.worker.dependency "broker-tracker" manifold worker returned unexpected error: no container types determined
machine-2: 01:31:30 ERROR juju.worker.dependency "kvm-container-provisioner" manifold worker returned unexpected error: container types not yet available
unit-postgresql-aws-0: 01:31:30 ERROR juju.worker.meterstatus error running "meter-status-changed": charm missing from disk
machine-3: 01:31:31 ERROR juju.worker.dependency "kvm-container-provisioner" manifold worker returned unexpected error: container types not yet available
machine-3: 01:31:31 ERROR juju.worker.dependency "lxd-container-provisioner" manifold worker returned unexpected error: container types not yet available
machine-3: 01:31:31 ERROR juju.worker.dependency "broker-tracker" manifold worker returned unexpected error: no container types determined
unit-postgresql-aws-1: 01:31:31 ERROR juju.worker.meterstatus error running "meter-status-changed": charm missing from disk
unit-postgresql-aws-0: 01:36:29 ERROR unit.postgresql-aws/0.juju-log certificates:5: Unable to reconnect to postgresql
Traceback (most recent call last):
  File "/var/lib/juju/agents/unit-postgresql-aws-0/charm/./src/charm.py", line 1432, in _restart
    for attempt in Retrying(wait=wait_fixed(3), stop_after_delay=stop_after_delay(300)):
TypeError: BaseRetrying.__init__() got an unexpected keyword argument 'stop_after_delay'
unit-postgresql-aws-1: 01:46:13 ERROR unit.postgresql-aws/1.juju-log certificates:5: Non-existing secret cauth was attempted to be removed.
unit-postgresql-aws-1: 01:46:13 ERROR unit.postgresql-aws/1.juju-log certificates:5: Can't update secret for relation 2
unit-postgresql-aws-1: 01:46:13 ERROR unit.postgresql-aws/1.juju-log certificates:5: Non-existing field 'cauth' was attempted to be removed from the databag (relation ID: 2)
unit-postgresql-aws-1: 01:46:13 ERROR unit.postgresql-aws/1.juju-log certificates:5: Non-existing secret cert was attempted to be removed.
unit-postgresql-aws-1: 01:46:13 ERROR unit.postgresql-aws/1.juju-log certificates:5: Can't update secret for relation 2
unit-postgresql-aws-1: 01:46:13 ERROR unit.postgresql-aws/1.juju-log certificates:5: Non-existing field 'cert' was attempted to be removed from the databag (relation ID: 2)
unit-postgresql-aws-1: 01:46:13 ERROR unit.postgresql-aws/1.juju-log certificates:5: Non-existing secret chain was attempted to be removed.
unit-postgresql-aws-1: 01:46:13 ERROR unit.postgresql-aws/1.juju-log certificates:5: Can't update secret for relation 2
unit-postgresql-aws-1: 01:46:13 ERROR unit.postgresql-aws/1.juju-log certificates:5: Non-existing field 'chain' was attempted to be removed from the databag (relation ID: 2)
machine-3: 01:46:29 ERROR juju.api.watcher error trying to stop watcher: websocket: close sent
unit-postgresql-aws-0: 01:50:12 ERROR unit.postgresql-aws/0.juju-log certificates:5: Unable to reconnect to postgresql
Traceback (most recent call last):
  File "/var/lib/juju/agents/unit-postgresql-aws-0/charm/./src/charm.py", line 1432, in _restart
    for attempt in Retrying(wait=wait_fixed(3), stop_after_delay=stop_after_delay(300)):
TypeError: BaseRetrying.__init__() got an unexpected keyword argument 'stop_after_delay'
machine-4: 01:51:41 ERROR juju.worker.dependency "lxd-container-provisioner" manifold worker returned unexpected error: container types not yet available
machine-4: 01:51:41 ERROR juju.worker.dependency "kvm-container-provisioner" manifold worker returned unexpected error: container types not yet available
machine-4: 01:51:41 ERROR juju.worker.dependency "broker-tracker" manifold worker returned unexpected error: no container types determined
unit-postgresql-aws-2: 01:51:41 ERROR juju.worker.meterstatus error running "meter-status-changed": charm missing from disk
unit-postgresql-aws-2: 01:55:46 ERROR juju.worker.dependency "uniter" manifold worker returned unexpected error: relation scope id "dfb1d100-259a-4544-85ea-d61c6304dd6c:r#4#s3-integrator": settings dfb1d100-259a-4544-85ea-d61c6304dd6c:r#4#s3-integrator not found (not found)
machine-6: 01:57:01 ERROR juju.worker.dependency "broker-tracker" manifold worker returned unexpected error: no container types determined
machine-6: 01:57:01 ERROR juju.worker.dependency "lxd-container-provisioner" manifold worker returned unexpected error: container types not yet available
machine-6: 01:57:01 ERROR juju.worker.dependency "kvm-container-provisioner" manifold worker returned unexpected error: container types not yet available
unit-postgresql-gcp-1: 01:57:01 ERROR juju.worker.meterstatus error running "meter-status-changed": charm missing from disk
machine-5: 01:57:01 ERROR juju.worker.dependency "broker-tracker" manifold worker returned unexpected error: no container types determined
machine-5: 01:57:01 ERROR juju.worker.dependency "lxd-container-provisioner" manifold worker returned unexpected error: container types not yet available
machine-5: 01:57:01 ERROR juju.worker.dependency "kvm-container-provisioner" manifold worker returned unexpected error: container types not yet available
unit-postgresql-gcp-0: 01:57:01 ERROR juju.worker.meterstatus error running "meter-status-changed": charm missing from disk
unit-postgresql-gcp-1: 02:02:08 ERROR unit.postgresql-gcp/1.juju-log certificates:10: TLS files failed to push. Error in config update
Traceback (most recent call last):
  File "/var/lib/juju/agents/unit-postgresql-gcp-1/charm/venv/urllib3/connectionpool.py", line 793, in urlopen
    response = self._make_request(
  File "/var/lib/juju/agents/unit-postgresql-gcp-1/charm/venv/urllib3/connectionpool.py", line 537, in _make_request
    response = conn.getresponse()
  File "/var/lib/juju/agents/unit-postgresql-gcp-1/charm/venv/urllib3/connection.py", line 466, in getresponse
    httplib_response = super().getresponse()
  File "/usr/lib/python3.10/http/client.py", line 1375, in getresponse
    response.begin()
  File "/usr/lib/python3.10/http/client.py", line 318, in begin
    version, status, reason = self._read_status()
  File "/usr/lib/python3.10/http/client.py", line 279, in _read_status
    line = str(self.fp.readline(_MAXLINE + 1), "iso-8859-1")
  File "/usr/lib/python3.10/socket.py", line 705, in readinto
    return self._sock.recv_into(b)
ConnectionResetError: [Errno 104] Connection reset by peer

During handling of the above exception, another exception occurred:

Traceback (most recent call last):
  File "/var/lib/juju/agents/unit-postgresql-gcp-1/charm/venv/requests/adapters.py", line 486, in send
    resp = conn.urlopen(
  File "/var/lib/juju/agents/unit-postgresql-gcp-1/charm/venv/urllib3/connectionpool.py", line 847, in urlopen
    retries = retries.increment(
  File "/var/lib/juju/agents/unit-postgresql-gcp-1/charm/venv/urllib3/util/retry.py", line 470, in increment
    raise reraise(type(error), error, _stacktrace)
  File "/var/lib/juju/agents/unit-postgresql-gcp-1/charm/venv/urllib3/util/util.py", line 38, in reraise
    raise value.with_traceback(tb)
  File "/var/lib/juju/agents/unit-postgresql-gcp-1/charm/venv/urllib3/connectionpool.py", line 793, in urlopen
    response = self._make_request(
  File "/var/lib/juju/agents/unit-postgresql-gcp-1/charm/venv/urllib3/connectionpool.py", line 537, in _make_request
    response = conn.getresponse()
  File "/var/lib/juju/agents/unit-postgresql-gcp-1/charm/venv/urllib3/connection.py", line 466, in getresponse
    httplib_response = super().getresponse()
  File "/usr/lib/python3.10/http/client.py", line 1375, in getresponse
    response.begin()
  File "/usr/lib/python3.10/http/client.py", line 318, in begin
    version, status, reason = self._read_status()
  File "/usr/lib/python3.10/http/client.py", line 279, in _read_status
    line = str(self.fp.readline(_MAXLINE + 1), "iso-8859-1")
  File "/usr/lib/python3.10/socket.py", line 705, in readinto
    return self._sock.recv_into(b)
urllib3.exceptions.ProtocolError: ('Connection aborted.', ConnectionResetError(104, 'Connection reset by peer'))

During handling of the above exception, another exception occurred:

Traceback (most recent call last):
  File "/var/lib/juju/agents/unit-postgresql-gcp-1/charm/venv/tenacity/__init__.py", line 382, in __call__
    result = fn(*args, **kwargs)
  File "/var/lib/juju/agents/unit-postgresql-gcp-1/charm/src/cluster.py", line 594, in reload_patroni_configuration
    requests.post(f"{self._patroni_url}/reload", verify=self.verify)
  File "/var/lib/juju/agents/unit-postgresql-gcp-1/charm/venv/requests/api.py", line 115, in post
    return request("post", url, data=data, json=json, **kwargs)
  File "/var/lib/juju/agents/unit-postgresql-gcp-1/charm/venv/requests/api.py", line 59, in request
    return session.request(method=method, url=url, **kwargs)
  File "/var/lib/juju/agents/unit-postgresql-gcp-1/charm/venv/requests/sessions.py", line 589, in request
    resp = self.send(prep, **send_kwargs)
  File "/var/lib/juju/agents/unit-postgresql-gcp-1/charm/venv/requests/sessions.py", line 703, in send
    r = adapter.send(request, **kwargs)
  File "/var/lib/juju/agents/unit-postgresql-gcp-1/charm/venv/requests/adapters.py", line 501, in send
    raise ConnectionError(err, request=request)
requests.exceptions.ConnectionError: ('Connection aborted.', ConnectionResetError(104, 'Connection reset by peer'))

The above exception was the direct cause of the following exception:

Traceback (most recent call last):
  File "/var/lib/juju/agents/unit-postgresql-gcp-1/charm/./src/charm.py", line 1394, in push_tls_files_to_workload
    return self.update_config()
  File "/var/lib/juju/agents/unit-postgresql-gcp-1/charm/./src/charm.py", line 1516, in update_config
    self._handle_postgresql_restart_need(enable_tls)
  File "/var/lib/juju/agents/unit-postgresql-gcp-1/charm/./src/charm.py", line 1553, in _handle_postgresql_restart_need
    self._patroni.reload_patroni_configuration()
  File "/var/lib/juju/agents/unit-postgresql-gcp-1/charm/venv/tenacity/__init__.py", line 289, in wrapped_f
    return self(f, *args, **kw)
  File "/var/lib/juju/agents/unit-postgresql-gcp-1/charm/venv/tenacity/__init__.py", line 379, in __call__
    do = self.iter(retry_state=retry_state)
  File "/var/lib/juju/agents/unit-postgresql-gcp-1/charm/venv/tenacity/__init__.py", line 326, in iter
    raise retry_exc from fut.exception()
tenacity.RetryError: RetryError[<Future at 0x7f64934428c0 state=finished raised ConnectionError>]

[32mINFO    [0m pytest_operator.plugin:plugin.py:904 Forgetting main...