[32mINFO    [0m integration.ha_tests.test_async_replication:test_async_replication.py:84 Destroying second model
[32mINFO    [0m pytest_operator.plugin:plugin.py:862 Model status:

Model  Controller           Cloud/Region         Version  SLA          Timestamp
test   localhost-localhost  localhost/localhost  3.1.8    unsupported  02:22:10Z

App                  Version  Status  Scale  Charm                Channel        Rev  Exposed  Message
postgresql           14.11    active      3  postgresql                            0  no       Primary
postgresql-test-app           active      1  postgresql-test-app  latest/stable  144  no       received database credentials of the first database

Unit                    Workload     Agent      Machine  Public address  Ports     Message
postgresql-test-app/0*  active       idle       3        10.208.143.64             received database credentials of the first database
postgresql/0            error        idle       0        10.208.143.154  5432/tcp  hook failed: "replication-offer-relation-broken"
postgresql/1            active       executing  1        10.208.143.66   5432/tcp  
postgresql/2*           maintenance  executing  2        10.208.143.133  5432/tcp  reconfiguring cluster

Machine  State    Address         Inst id        Base          AZ  Message
0        started  10.208.143.154  juju-118507-0  ubuntu@22.04      Running
1        started  10.208.143.66   juju-118507-1  ubuntu@22.04      Running
2        started  10.208.143.133  juju-118507-2  ubuntu@22.04      Running
3        started  10.208.143.64   juju-118507-3  ubuntu@22.04      Running

Offer              Application  Charm       Rev  Connected  Endpoint           Interface         Role
replication        postgresql   postgresql  0    0/0        replication        postgresql_async  requirer
replication-offer  postgresql   postgresql  0    1/1        replication-offer  postgresql_async  provider

[32mINFO    [0m pytest_operator.plugin:plugin.py:868 Juju error logs:

machine-2: 01:37:04 ERROR juju.worker.dependency "kvm-container-provisioner" manifold worker returned unexpected error: container types not yet available
machine-2: 01:37:04 ERROR juju.worker.dependency "lxd-container-provisioner" manifold worker returned unexpected error: container types not yet available
machine-2: 01:37:04 ERROR juju.worker.dependency "broker-tracker" manifold worker returned unexpected error: no container types determined
unit-postgresql-2: 01:37:05 ERROR juju.worker.meterstatus error running "meter-status-changed": charm missing from disk
machine-0: 01:37:07 ERROR juju.worker.dependency "broker-tracker" manifold worker returned unexpected error: no container types determined
machine-0: 01:37:07 ERROR juju.worker.dependency "lxd-container-provisioner" manifold worker returned unexpected error: container types not yet available
machine-0: 01:37:07 ERROR juju.worker.dependency "kvm-container-provisioner" manifold worker returned unexpected error: container types not yet available
machine-1: 01:37:08 ERROR juju.worker.dependency "broker-tracker" manifold worker returned unexpected error: no container types determined
machine-1: 01:37:08 ERROR juju.worker.dependency "kvm-container-provisioner" manifold worker returned unexpected error: container types not yet available
machine-1: 01:37:08 ERROR juju.worker.dependency "lxd-container-provisioner" manifold worker returned unexpected error: container types not yet available
unit-postgresql-1: 01:37:12 ERROR juju.worker.meterstatus error running "meter-status-changed": charm missing from disk
unit-postgresql-0: 01:37:12 ERROR juju.worker.meterstatus error running "meter-status-changed": charm missing from disk
machine-3: 01:37:35 ERROR juju.worker.dependency "kvm-container-provisioner" manifold worker returned unexpected error: container types not yet available
machine-3: 01:37:36 ERROR juju.worker.dependency "broker-tracker" manifold worker returned unexpected error: no container types determined
machine-3: 01:37:36 ERROR juju.worker.dependency "lxd-container-provisioner" manifold worker returned unexpected error: container types not yet available
unit-postgresql-test-app-0: 01:37:38 ERROR juju.worker.meterstatus error running "meter-status-changed": charm missing from disk
unit-postgresql-1: 02:10:14 ERROR juju.worker.dependency "uniter" manifold worker returned unexpected error: relation scope id "c26bb921-7563-439d-8fcc-14b083118507:r#5#remote-c4ad993d2ec34fe2854b8ed5e3b524b2": settings c26bb921-7563-439d-8fcc-14b083118507:r#5#remote-c4ad993d2ec34fe2854b8ed5e3b524b2 not found (not found)
unit-postgresql-2: 02:10:14 ERROR juju.worker.dependency "uniter" manifold worker returned unexpected error: relation scope id "c26bb921-7563-439d-8fcc-14b083118507:r#5#remote-c4ad993d2ec34fe2854b8ed5e3b524b2": settings c26bb921-7563-439d-8fcc-14b083118507:r#5#remote-c4ad993d2ec34fe2854b8ed5e3b524b2 not found (not found)
unit-postgresql-0: 02:10:14 ERROR juju.worker.dependency "uniter" manifold worker returned unexpected error: relation scope id "c26bb921-7563-439d-8fcc-14b083118507:r#5#remote-c4ad993d2ec34fe2854b8ed5e3b524b2": settings c26bb921-7563-439d-8fcc-14b083118507:r#5#remote-c4ad993d2ec34fe2854b8ed5e3b524b2 not found (not found)
unit-postgresql-2: 02:10:52 ERROR unit.postgresql/2.juju-log Failed to delete user: cannot execute REASSIGN OWNED in a read-only transaction

unit-postgresql-2: 02:10:52 ERROR unit.postgresql/2.juju-log Failed to delete user relation-5
unit-postgresql-2: 02:11:00 ERROR unit.postgresql/2.juju-log Failed to delete user: cannot execute REASSIGN OWNED in a read-only transaction

unit-postgresql-2: 02:11:00 ERROR unit.postgresql/2.juju-log Failed to delete user relation-5
unit-postgresql-2: 02:11:12 ERROR unit.postgresql/2.juju-log Failed to delete user: cannot execute REASSIGN OWNED in a read-only transaction

unit-postgresql-2: 02:11:12 ERROR unit.postgresql/2.juju-log Failed to delete user relation-5
unit-postgresql-0: 02:22:01 ERROR unit.postgresql/0.juju-log replication-offer:7: Uncaught exception while in charm code:
Traceback (most recent call last):
  File "/var/lib/juju/agents/unit-postgresql-0/charm/./src/charm.py", line 1702, in <module>
    main(PostgresqlOperatorCharm)
  File "/var/lib/juju/agents/unit-postgresql-0/charm/venv/ops/main.py", line 544, in main
    manager.run()
  File "/var/lib/juju/agents/unit-postgresql-0/charm/venv/ops/main.py", line 520, in run
    self._emit()
  File "/var/lib/juju/agents/unit-postgresql-0/charm/venv/ops/main.py", line 509, in _emit
    _emit_charm_event(self.charm, self.dispatcher.event_name)
  File "/var/lib/juju/agents/unit-postgresql-0/charm/venv/ops/main.py", line 143, in _emit_charm_event
    event_to_emit.emit(*args, **kwargs)
  File "/var/lib/juju/agents/unit-postgresql-0/charm/venv/ops/framework.py", line 352, in emit
    framework._emit(event)
  File "/var/lib/juju/agents/unit-postgresql-0/charm/venv/ops/framework.py", line 851, in _emit
    self._reemit(event_path)
  File "/var/lib/juju/agents/unit-postgresql-0/charm/venv/ops/framework.py", line 941, in _reemit
    custom_handler(event)
  File "/var/lib/juju/agents/unit-postgresql-0/charm/lib/charms/tempo_k8s/v1/charm_tracing.py", line 544, in wrapped_function
    return callable(*args, **kwargs)  # type: ignore
  File "/var/lib/juju/agents/unit-postgresql-0/charm/src/relations/async_replication.py", line 484, in _on_async_relation_broken
    if "departing" in self.charm._peers.data[self.charm.unit]:
AttributeError: 'NoneType' object has no attribute 'data'
unit-postgresql-0: 02:22:02 ERROR juju.worker.uniter.operation hook "replication-offer-relation-broken" (via hook dispatching script: dispatch) failed: exit status 1
unit-postgresql-0: 02:22:07 ERROR unit.postgresql/0.juju-log replication-offer:7: Uncaught exception while in charm code:
Traceback (most recent call last):
  File "/var/lib/juju/agents/unit-postgresql-0/charm/./src/charm.py", line 1702, in <module>
    main(PostgresqlOperatorCharm)
  File "/var/lib/juju/agents/unit-postgresql-0/charm/venv/ops/main.py", line 544, in main
    manager.run()
  File "/var/lib/juju/agents/unit-postgresql-0/charm/venv/ops/main.py", line 520, in run
    self._emit()
  File "/var/lib/juju/agents/unit-postgresql-0/charm/venv/ops/main.py", line 509, in _emit
    _emit_charm_event(self.charm, self.dispatcher.event_name)
  File "/var/lib/juju/agents/unit-postgresql-0/charm/venv/ops/main.py", line 143, in _emit_charm_event
    event_to_emit.emit(*args, **kwargs)
  File "/var/lib/juju/agents/unit-postgresql-0/charm/venv/ops/framework.py", line 352, in emit
    framework._emit(event)
  File "/var/lib/juju/agents/unit-postgresql-0/charm/venv/ops/framework.py", line 851, in _emit
    self._reemit(event_path)
  File "/var/lib/juju/agents/unit-postgresql-0/charm/venv/ops/framework.py", line 941, in _reemit
    custom_handler(event)
  File "/var/lib/juju/agents/unit-postgresql-0/charm/lib/charms/tempo_k8s/v1/charm_tracing.py", line 544, in wrapped_function
    return callable(*args, **kwargs)  # type: ignore
  File "/var/lib/juju/agents/unit-postgresql-0/charm/src/relations/async_replication.py", line 484, in _on_async_relation_broken
    if "departing" in self.charm._peers.data[self.charm.unit]:
AttributeError: 'NoneType' object has no attribute 'data'
unit-postgresql-0: 02:22:08 ERROR juju.worker.uniter.operation hook "replication-offer-relation-broken" (via hook dispatching script: dispatch) failed: exit status 1

[32mINFO    [0m pytest_operator.plugin:plugin.py:947 Forgetting model main...