[32mINFO    [0m pytest_operator.plugin:plugin.py:734 Connecting to existing model localhost-localhost:test on unspecified cloud
[32mINFO    [0m juju.model:model.py:2098 Deploying local:jammy/postgresql-0
[33mWARNING [0m juju.model:model.py:1564 relate is deprecated and will be removed. Use integrate instead.
[32mINFO    [0m juju.model:model.py:2958 Waiting for model:
  landscape-server/0 [allocating] waiting: waiting for machine
  landscape-server/1 [allocating] waiting: waiting for machine
[32mINFO    [0m juju.model:model.py:2958 Waiting for model:
  postgresql/0 [allocating] waiting: waiting for machine
  postgresql/1 [allocating] waiting: waiting for machine
  postgresql/2 [allocating] waiting: waiting for machine
[32mINFO    [0m juju.model:model.py:2958 Waiting for model:
  landscape-server/0 [allocating] waiting: waiting for machine
  landscape-server/1 [allocating] waiting: waiting for machine
[32mINFO    [0m juju.model:model.py:2958 Waiting for model:
  postgresql/0 [allocating] waiting: waiting for machine
  postgresql/1 [allocating] waiting: waiting for machine
  postgresql/2 [allocating] waiting: waiting for machine
[32mINFO    [0m juju.model:model.py:2958 Waiting for model:
  landscape-server/0 [allocating] waiting: waiting for machine
  landscape-server/1 [allocating] waiting: waiting for machine
[32mINFO    [0m juju.model:model.py:2958 Waiting for model:
  postgresql/0 [allocating] waiting: waiting for machine
  postgresql/1 [allocating] waiting: waiting for machine
  postgresql/2 [allocating] waiting: waiting for machine
[32mINFO    [0m juju.model:model.py:2958 Waiting for model:
  landscape-server/0 [allocating] waiting: waiting for machine
  landscape-server/1 [allocating] waiting: waiting for machine
[32mINFO    [0m juju.model:model.py:2958 Waiting for model:
  postgresql/0 [allocating] waiting: waiting for machine
  postgresql/1 [allocating] waiting: waiting for machine
  postgresql/2 [allocating] waiting: waiting for machine
[32mINFO    [0m juju.model:model.py:2958 Waiting for model:
  landscape-server/0 [allocating] waiting: waiting for machine
  landscape-server/1 [allocating] waiting: waiting for machine
[32mINFO    [0m juju.model:model.py:2958 Waiting for model:
  postgresql/0 [allocating] waiting: waiting for machine
  postgresql/1 [allocating] waiting: waiting for machine
  postgresql/2 [allocating] waiting: waiting for machine
[32mINFO    [0m juju.model:model.py:2958 Waiting for model:
  landscape-server/0 [allocating] waiting: waiting for machine
  landscape-server/1 [allocating] waiting: waiting for machine
[32mINFO    [0m juju.model:model.py:2958 Waiting for model:
  postgresql/0 [allocating] waiting: waiting for machine
  postgresql/1 [allocating] waiting: waiting for machine
  postgresql/2 [allocating] waiting: waiting for machine
[32mINFO    [0m juju.model:model.py:2958 Waiting for model:
  landscape-server/0 [allocating] waiting: waiting for machine
  landscape-server/1 [allocating] waiting: waiting for machine
[32mINFO    [0m juju.model:model.py:2958 Waiting for model:
  postgresql/0 [allocating] waiting: waiting for machine
  postgresql/1 [allocating] waiting: waiting for machine
  postgresql/2 [allocating] waiting: waiting for machine
[32mINFO    [0m juju.model:model.py:2958 Waiting for model:
  landscape-server/0 [allocating] waiting: agent initialising
  landscape-server/1 [allocating] waiting: installing agent
[32mINFO    [0m juju.model:model.py:2958 Waiting for model:
  postgresql/0 [allocating] waiting: agent initialising
  postgresql/1 [executing] maintenance: installing charm software
  postgresql/2 [executing] waiting: agent initialising
[32mINFO    [0m juju.model:model.py:2958 Waiting for model:
  landscape-server/0 [executing] maintenance: Installing apt packages
  landscape-server/1 [executing] maintenance: Installing apt packages
[32mINFO    [0m juju.model:model.py:2958 Waiting for model:
  postgresql/0 [executing] maintenance: installing PostgreSQL
  postgresql/1 [executing] maintenance: installing PostgreSQL
  postgresql/2 [executing] maintenance: installing PostgreSQL
[32mINFO    [0m juju.model:model.py:2958 Waiting for model:
  landscape-server/0 [executing] maintenance: Installing apt packages
  landscape-server/1 [executing] maintenance: Installing apt packages
[32mINFO    [0m juju.model:model.py:2958 Waiting for model:
  postgresql/0 [executing] maintenance: installing PostgreSQL
  postgresql/1 [executing] maintenance: installing PostgreSQL
  postgresql/2 [executing] maintenance: installing PostgreSQL
[32mINFO    [0m juju.model:model.py:2958 Waiting for model:
  landscape-server/0 [executing] maintenance: Installing apt packages
  landscape-server/1 [executing] maintenance: Installing apt packages
[32mINFO    [0m juju.model:model.py:2958 Waiting for model:
  postgresql/0 [executing] waiting: awaiting passwords generation
  postgresql/1 [executing] waiting: waiting to start PostgreSQL
  postgresql/2 [executing] waiting: awaiting passwords generation
[32mINFO    [0m juju.model:model.py:2958 Waiting for model:
  landscape-server/0 [executing] maintenance: Installing apt packages
  landscape-server/1 [executing] maintenance: Installing apt packages
[32mINFO    [0m juju.model:model.py:2958 Waiting for model:
  postgresql/0 [idle] waiting: awaiting passwords generation
  postgresql/1 [executing] waiting: waiting to start PostgreSQL
  postgresql/2 [idle] waiting: awaiting passwords generation
[32mINFO    [0m juju.model:model.py:2958 Waiting for model:
  landscape-server/0 [executing] maintenance: Installing apt packages
  landscape-server/1 [executing] maintenance: Installing apt packages
[32mINFO    [0m juju.model:model.py:2958 Waiting for model:
  postgresql/0 [idle] waiting: awaiting passwords generation
  postgresql/1 [executing] waiting: waiting to start PostgreSQL
  postgresql/2 [idle] waiting: awaiting passwords generation
[32mINFO    [0m juju.model:model.py:2958 Waiting for model:
  landscape-server/0 [executing] maintenance: Installing apt packages
  landscape-server/1 [executing] maintenance: Installing apt packages
[32mINFO    [0m juju.model:model.py:2958 Waiting for model:
  postgresql/0 [idle] waiting: awaiting passwords generation
  postgresql/1 [executing] waiting: waiting to start PostgreSQL
  postgresql/2 [idle] waiting: awaiting passwords generation
[32mINFO    [0m juju.model:model.py:2958 Waiting for model:
  postgresql/0 [executing] waiting: awaiting passwords generation
  postgresql/1 [executing] waiting: waiting to start PostgreSQL
  postgresql/2 [idle] waiting: awaiting passwords generation
[32mINFO    [0m juju.model:model.py:2958 Waiting for model:
  landscape-server/0 [executing] waiting: Waiting on relations: db, amqp
  landscape-server/1 [executing] waiting: Waiting on relations: db, amqp, haproxy
[32mINFO    [0m juju.model:model.py:2958 Waiting for model:
  postgresql/0 [idle] waiting: awaiting passwords generation
  postgresql/1 [executing] waiting: waiting to start PostgreSQL
  postgresql/2 [idle] waiting: awaiting passwords generation
[32mINFO    [0m juju.model:model.py:2958 Waiting for model:
  landscape-server/0 [idle] waiting: Waiting on relations: db
  landscape-server/1 [idle] waiting: Waiting on relations: db
[32mINFO    [0m juju.model:model.py:2958 Waiting for model:
  postgresql/0 [idle] waiting: awaiting passwords generation
  postgresql/1 [executing] waiting: waiting to start PostgreSQL
  postgresql/2 [idle] waiting: awaiting passwords generation
[32mINFO    [0m juju.model:model.py:2958 Waiting for model:
  landscape-server/0 [idle] waiting: Waiting on relations: db
  landscape-server/1 [idle] waiting: Waiting on relations: db
[32mINFO    [0m juju.model:model.py:2958 Waiting for model:
  postgresql/0 [idle] waiting: awaiting passwords generation
  postgresql/1 [executing] waiting: waiting to start PostgreSQL
  postgresql/2 [idle] waiting: awaiting passwords generation
[32mINFO    [0m juju.model:model.py:2958 Waiting for model:
  landscape-server/0 [idle] waiting: Waiting on relations: db
  landscape-server/1 [idle] waiting: Waiting on relations: db
[32mINFO    [0m juju.model:model.py:2958 Waiting for model:
  postgresql/0 [idle] waiting: awaiting passwords generation
  postgresql/1 [executing] waiting: waiting to start PostgreSQL
  postgresql/2 [idle] waiting: awaiting passwords generation
[32mINFO    [0m juju.model:model.py:2958 Waiting for model:
  landscape-server/0 [idle] waiting: Waiting on relations: db
  landscape-server/1 [idle] waiting: Waiting on relations: db
[32mINFO    [0m juju.model:model.py:2958 Waiting for model:
  postgresql/0 [idle] waiting: awaiting passwords generation
  postgresql/1 [executing] waiting: waiting to start PostgreSQL
  postgresql/2 [idle] waiting: awaiting passwords generation
[32mINFO    [0m juju.model:model.py:2958 Waiting for model:
  landscape-server/0 [idle] waiting: Waiting on relations: db
  landscape-server/1 [idle] waiting: Waiting on relations: db
[32mINFO    [0m juju.model:model.py:2958 Waiting for model:
  postgresql/0 [idle] waiting: awaiting passwords generation
  postgresql/1 [executing] waiting: waiting to start PostgreSQL
  postgresql/2 [idle] waiting: awaiting passwords generation
[32mINFO    [0m juju.model:model.py:2958 Waiting for model:
  landscape-server/0 [idle] waiting: Waiting on relations: db
  landscape-server/1 [idle] waiting: Waiting on relations: db
[32mINFO    [0m juju.model:model.py:2958 Waiting for model:
  postgresql/0 [idle] waiting: awaiting for cluster to start
  postgresql/1 [executing] active: 
  postgresql/2 [idle] waiting: awaiting for cluster to start
[32mINFO    [0m juju.model:model.py:2958 Waiting for model:
  landscape-server/0 [idle] waiting: Waiting on relations: db
  landscape-server/1 [idle] waiting: Waiting on relations: db
[32mINFO    [0m juju.model:model.py:2958 Waiting for model:
  postgresql/0 [executing] waiting: awaiting for cluster to start
  postgresql/1 [executing] active: Primary
  postgresql/2 [executing] waiting: awaiting for cluster to start
[32mINFO    [0m juju.model:model.py:2958 Waiting for model:
  landscape-server/0 [idle] waiting: Waiting on relations: db
  landscape-server/1 [idle] waiting: Waiting on relations: db
[32mINFO    [0m juju.model:model.py:2958 Waiting for model:
  postgresql/0 [executing] waiting: awaiting for cluster to start
  postgresql/1 [executing] active: Primary
  postgresql/2 [executing] waiting: awaiting for cluster to start
[32mINFO    [0m juju.model:model.py:2958 Waiting for model:
  landscape-server/0 [executing] maintenance: Setting up databases
  landscape-server/1 [idle] waiting: Waiting on relations: db
[32mINFO    [0m juju.model:model.py:2958 Waiting for model:
  postgresql/0 [executing] waiting: awaiting for cluster to start
  postgresql/1 [executing] maintenance: reconfiguring cluster
  postgresql/2 [executing] waiting: awaiting for cluster to start
[32mINFO    [0m juju.model:model.py:2958 Waiting for model:
  landscape-server/0 [executing] maintenance: Setting up databases
  landscape-server/1 [idle] waiting: Waiting on relations: db
[32mINFO    [0m juju.model:model.py:2958 Waiting for model:
  postgresql/0 [executing] waiting: awaiting for member to start
  postgresql/1 [executing] maintenance: reconfiguring cluster
  postgresql/2 [idle] waiting: awaiting for cluster to start
[32mINFO    [0m juju.model:model.py:2958 Waiting for model:
  landscape-server/0 [executing] maintenance: Setting up databases
  landscape-server/1 [idle] waiting: Waiting on relations: db
[32mINFO    [0m juju.model:model.py:2958 Waiting for model:
  postgresql/0 [idle] waiting: awaiting for member to start
  postgresql/1 [executing] maintenance: reconfiguring cluster
  postgresql/2 [idle] waiting: awaiting for cluster to start
[32mINFO    [0m juju.model:model.py:2958 Waiting for model:
  landscape-server/0 [executing] maintenance: Setting up databases
  landscape-server/1 [idle] waiting: Waiting on relations: db
[32mINFO    [0m juju.model:model.py:2958 Waiting for model:
  postgresql/0 [idle] active: 
  postgresql/1 [executing] maintenance: reconfiguring cluster
  postgresql/2 [idle] waiting: awaiting for cluster to start
[32mINFO    [0m juju.model:model.py:2958 Waiting for model:
  landscape-server/0 [executing] maintenance: Starting services
  landscape-server/1 [idle] waiting: Waiting on relations: db
[32mINFO    [0m juju.model:model.py:2958 Waiting for model:
  postgresql/0 [idle] active: 
  postgresql/1 [executing] maintenance: reconfiguring cluster
  postgresql/2 [idle] waiting: awaiting for cluster to start
[32mINFO    [0m juju.model:model.py:2958 Waiting for model:
  landscape-server/0 [executing] maintenance: Setting up databases
  landscape-server/1 [executing] maintenance: Starting services
[32mINFO    [0m juju.model:model.py:2958 Waiting for model:
  postgresql/0 [executing] waiting: awaiting for member to start
  postgresql/1 [executing] maintenance: reconfiguring cluster
  postgresql/2 [idle] waiting: awaiting for cluster to start
[32mINFO    [0m juju.model:model.py:2958 Waiting for model:
  landscape-server/0 [idle] active: Unit is ready
  landscape-server/1 [executing] maintenance: Starting services
[32mINFO    [0m juju.model:model.py:2958 Waiting for model:
  postgresql/0 [idle] waiting: awaiting for member to start
  postgresql/1 [executing] maintenance: reconfiguring cluster
  postgresql/2 [idle] waiting: awaiting for cluster to start
[32mINFO    [0m juju.model:model.py:2958 Waiting for model:
  postgresql/0 [executing] active: 
  postgresql/1 [executing] maintenance: reconfiguring cluster
  postgresql/2 [idle] waiting: awaiting for cluster to start
[32mINFO    [0m juju.model:model.py:2958 Waiting for model:
  postgresql/0 [idle] active: 
  postgresql/1 [executing] maintenance: reconfiguring cluster
  postgresql/2 [idle] waiting: awaiting for cluster to start
[32mINFO    [0m juju.model:model.py:2958 Waiting for model:
  postgresql/0 [idle] active: 
  postgresql/1 [executing] maintenance: reconfiguring cluster
  postgresql/2 [idle] waiting: awaiting for cluster to start
[32mINFO    [0m juju.model:model.py:2958 Waiting for model:
  postgresql/0 [idle] active: 
  postgresql/1 [idle] active: Primary
  postgresql/2 [idle] waiting: awaiting for cluster to start
[32mINFO    [0m juju.model:model.py:2958 Waiting for model:
  postgresql/0 [idle] active: 
  postgresql/1 [executing] maintenance: reconfiguring cluster
  postgresql/2 [idle] waiting: awaiting for member to start
[32mINFO    [0m juju.model:model.py:2958 Waiting for model:
  postgresql/0 [idle] active: 
  postgresql/1 [idle] active: Primary
  postgresql/2 [idle] active: 
[32mINFO    [0m juju.model:model.py:2958 Waiting for model:
  landscape-server/0 [idle] active: Unit is ready
  landscape-server/1 [idle] active: Unit is ready
  postgresql/0 [idle] active: 
  postgresql/1 [idle] active: Primary
  postgresql/2 [idle] active: 
[32mINFO    [0m juju.model:model.py:2958 Waiting for model:
  landscape-server/0 [executing] maintenance: Starting services
  landscape-server/1 [executing] maintenance: Starting services
  postgresql/0 [idle] active: 
  postgresql/1 [idle] active: Primary
[32mINFO    [0m juju.model:model.py:2958 Waiting for model:
  landscape-server/0 [executing] active: Unit is ready
  landscape-server/1 [idle] active: Unit is ready
[32mINFO    [0m integration.test_db_admin:test_db_admin.py:111 restarting primary
[32mINFO    [0m juju.model:model.py:2958 Waiting for model:
  postgresql/0 [idle] active: 
  postgresql/1 [idle] active: Primary
  postgresql/2 [idle] active: 
[32mINFO    [0m juju.model:model.py:2958 Waiting for model:
  postgresql/0 [executing] active: 
  postgresql/1 [idle] waiting: awaiting for member to start
  postgresql/2 [executing] active: 
[32mINFO    [0m juju.model:model.py:2958 Waiting for model:
  postgresql/0 [idle] active: Primary
  postgresql/1 [idle] waiting: awaiting for member to start
  postgresql/2 [idle] active: 
[32mINFO    [0m juju.model:model.py:2958 Waiting for model:
  postgresql/0 [idle] active: Primary
  postgresql/1 [idle] waiting: awaiting for member to start
  postgresql/2 [idle] active: 
[32mINFO    [0m juju.model:model.py:2958 Waiting for model:
  postgresql/0 [idle] active: Primary
  postgresql/1 [idle] waiting: awaiting for member to start
  postgresql/2 [idle] active: 
[32mINFO    [0m juju.model:model.py:2958 Waiting for model:
  postgresql/0 [idle] active: Primary
  postgresql/1 [idle] waiting: awaiting for member to start
  postgresql/2 [idle] active: 
[32mINFO    [0m juju.model:model.py:2958 Waiting for model:
  postgresql/0 [idle] active: Primary
  postgresql/1 [idle] waiting: awaiting for member to start
  postgresql/2 [idle] active: 
[32mINFO    [0m juju.model:model.py:2958 Waiting for model:
  postgresql/0 [idle] active: Primary
  postgresql/1 [idle] waiting: awaiting for member to start
  postgresql/2 [idle] active: 
[32mINFO    [0m juju.model:model.py:2958 Waiting for model:
  postgresql/0 [idle] active: Primary
  postgresql/1 [idle] waiting: awaiting for member to start
  postgresql/2 [idle] active: 
[32mINFO    [0m juju.model:model.py:2958 Waiting for model:
  postgresql/0 [executing] active: Primary
  postgresql/1 [idle] active: 
  postgresql/2 [executing] active: 
[32mINFO    [0m integration.test_db_admin:test_db_admin.py:132 triggering a switchover
[32mINFO    [0m juju.model:model.py:2958 Waiting for model:
  landscape-server/0 [executing] active: Unit is ready
  landscape-server/1 [executing] maintenance: Setting up databases
  postgresql/0 [idle] active: 
  postgresql/1 [idle] active: 
  postgresql/2 [idle] active: 
[32mINFO    [0m juju.model:model.py:2958 Waiting for model:
  landscape-server/0 [executing] maintenance: Starting services
  landscape-server/1 [executing] maintenance: Starting services
  postgresql/2 [idle] active: 
[32mINFO    [0m juju.model:model.py:2958 Waiting for model:
  landscape-server/0 [idle] active: Unit is ready
  landscape-server/1 [idle] active: Unit is ready
[32mINFO    [0m juju.model:model.py:2958 Waiting for model:
  postgresql/0 [idle] active: 
  postgresql/1 [idle] active: 
  postgresql/2 [idle] active: 
[32mINFO    [0m juju.model:model.py:2958 Waiting for model:
  postgresql/0 [idle] active: 
  postgresql/1 [executing] active: 
  postgresql/2 [idle] active: Primary
[32mINFO    [0m pytest_operator.plugin:plugin.py:862 Model status:

Model  Controller           Cloud/Region         Version  SLA          Timestamp
test   localhost-localhost  localhost/localhost  3.1.8    unsupported  01:51:46Z

Machine  State    Address        Inst id        Base          AZ  Message
0        stopped  10.58.187.138  juju-9410a6-0  ubuntu@22.04      Running
1        stopped  10.58.187.37   juju-9410a6-1  ubuntu@22.04      Running
2        stopped  10.58.187.207  juju-9410a6-2  ubuntu@22.04      Running

[32mINFO    [0m pytest_operator.plugin:plugin.py:868 Juju error logs:

machine-1: 01:26:42 ERROR juju.worker.dependency "kvm-container-provisioner" manifold worker returned unexpected error: container types not yet available
machine-1: 01:26:42 ERROR juju.worker.dependency "broker-tracker" manifold worker returned unexpected error: no container types determined
machine-1: 01:26:42 ERROR juju.worker.dependency "lxd-container-provisioner" manifold worker returned unexpected error: container types not yet available
machine-2: 01:26:43 ERROR juju.worker.dependency "lxd-container-provisioner" manifold worker returned unexpected error: container types not yet available
machine-2: 01:26:43 ERROR juju.worker.dependency "broker-tracker" manifold worker returned unexpected error: no container types determined
unit-postgresql-1: 01:26:43 ERROR juju.worker.meterstatus error running "meter-status-changed": charm missing from disk
machine-2: 01:26:43 ERROR juju.worker.dependency "kvm-container-provisioner" manifold worker returned unexpected error: container types not yet available
machine-0: 01:26:44 ERROR juju.worker.dependency "kvm-container-provisioner" manifold worker returned unexpected error: container types not yet available
machine-0: 01:26:44 ERROR juju.worker.dependency "lxd-container-provisioner" manifold worker returned unexpected error: container types not yet available
machine-0: 01:26:44 ERROR juju.worker.dependency "broker-tracker" manifold worker returned unexpected error: no container types determined
unit-postgresql-2: 01:26:46 ERROR juju.worker.meterstatus error running "meter-status-changed": charm missing from disk
unit-postgresql-0: 01:26:46 ERROR juju.worker.meterstatus error running "meter-status-changed": charm missing from disk
machine-4: 01:26:59 ERROR juju.worker.dependency "lxd-container-provisioner" manifold worker returned unexpected error: container types not yet available
machine-4: 01:26:59 ERROR juju.worker.dependency "broker-tracker" manifold worker returned unexpected error: no container types determined
machine-4: 01:26:59 ERROR juju.worker.dependency "kvm-container-provisioner" manifold worker returned unexpected error: container types not yet available
machine-3: 01:26:59 ERROR juju.worker.dependency "broker-tracker" manifold worker returned unexpected error: no container types determined
machine-3: 01:26:59 ERROR juju.worker.dependency "kvm-container-provisioner" manifold worker returned unexpected error: container types not yet available
machine-3: 01:27:00 ERROR juju.worker.dependency "lxd-container-provisioner" manifold worker returned unexpected error: container types not yet available
unit-landscape-server-0: 01:27:01 ERROR juju.worker.meterstatus error running "meter-status-changed": charm missing from disk
machine-6: 01:27:01 ERROR juju.worker.dependency "broker-tracker" manifold worker returned unexpected error: no container types determined
machine-6: 01:27:01 ERROR juju.worker.dependency "kvm-container-provisioner" manifold worker returned unexpected error: container types not yet available
machine-6: 01:27:01 ERROR juju.worker.dependency "lxd-container-provisioner" manifold worker returned unexpected error: container types not yet available
unit-haproxy-0: 01:27:01 ERROR juju.worker.meterstatus error running "meter-status-changed": charm missing from disk
machine-5: 01:27:02 ERROR juju.worker.dependency "lxd-container-provisioner" manifold worker returned unexpected error: container types not yet available
machine-5: 01:27:02 ERROR juju.worker.dependency "broker-tracker" manifold worker returned unexpected error: no container types determined
machine-5: 01:27:02 ERROR juju.worker.dependency "kvm-container-provisioner" manifold worker returned unexpected error: container types not yet available
unit-rabbitmq-server-0: 01:27:02 ERROR juju.worker.meterstatus error running "meter-status-changed": charm missing from disk
unit-landscape-server-1: 01:27:03 ERROR juju.worker.meterstatus error running "meter-status-changed": charm missing from disk
unit-postgresql-1: 01:38:24 ERROR unit.postgresql/1.juju-log Failed to get PostgreSQL version: connection to server at "10.58.187.37", port 5432 failed: FATAL:  the database system is shutting down

unit-postgresql-1: 01:38:24 ERROR unit.postgresql/1.juju-log 
Traceback (most recent call last):
  File "/var/lib/juju/agents/unit-postgresql-1/charm/lib/charms/postgresql_k8s/v0/postgresql.py", line 417, in get_postgresql_version
    with self._connect_to_database() as connection, connection.cursor() as cursor:
  File "/var/lib/juju/agents/unit-postgresql-1/charm/lib/charms/postgresql_k8s/v0/postgresql.py", line 128, in _connect_to_database
    connection = psycopg2.connect(
  File "/var/lib/juju/agents/unit-postgresql-1/charm/venv/psycopg2/__init__.py", line 122, in connect
    conn = _connect(dsn, connection_factory=connection_factory, **kwasync)
psycopg2.OperationalError: connection to server at "10.58.187.37", port 5432 failed: FATAL:  the database system is shutting down


During handling of the above exception, another exception occurred:

Traceback (most recent call last):
  File "/var/lib/juju/agents/unit-postgresql-1/charm/src/relations/db.py", line 323, in update_endpoints
    postgresql_version = self.charm.postgresql.get_postgresql_version()
  File "/var/lib/juju/agents/unit-postgresql-1/charm/lib/charms/postgresql_k8s/v0/postgresql.py", line 423, in get_postgresql_version
    raise PostgreSQLGetPostgreSQLVersionError()
charms.postgresql_k8s.v0.postgresql.PostgreSQLGetPostgreSQLVersionError
unit-postgresql-1: 01:38:27 ERROR unit.postgresql/1.juju-log restart:1: Failed to create user: cannot execute ALTER ROLE in a read-only transaction

unit-postgresql-1: 01:38:27 ERROR unit.postgresql/1.juju-log restart:1: None
Traceback (most recent call last):
  File "/var/lib/juju/agents/unit-postgresql-1/charm/lib/charms/postgresql_k8s/v0/postgresql.py", line 234, in create_user
    cursor.execute(sql.SQL(f"{user_definition};").format(sql.Identifier(user)))
psycopg2.errors.ReadOnlySqlTransaction: cannot execute ALTER ROLE in a read-only transaction


During handling of the above exception, another exception occurred:

Traceback (most recent call last):
  File "/var/lib/juju/agents/unit-postgresql-1/charm/src/relations/db.py", line 203, in set_up_relation
    self.charm.postgresql.create_user(user, password, self.admin)
  File "/var/lib/juju/agents/unit-postgresql-1/charm/lib/charms/postgresql_k8s/v0/postgresql.py", line 246, in create_user
    raise PostgreSQLCreateUserError()
charms.postgresql_k8s.v0.postgresql.PostgreSQLCreateUserError: None
unit-postgresql-1: 01:47:58 ERROR unit.postgresql/1.juju-log failed to change plugins: 
Traceback (most recent call last):
  File "/var/lib/juju/agents/unit-postgresql-1/charm/lib/charms/postgresql_k8s/v0/postgresql.py", line 317, in enable_disable_extensions
    cursor.execute(
psycopg2.errors.DependentObjectsStillExist: cannot drop extension ltree because other objects depend on it
DETAIL:  column tree of table computer_relationship depends on type ltree
HINT:  Use DROP ... CASCADE to drop the dependent objects too.


During handling of the above exception, another exception occurred:

Traceback (most recent call last):
  File "/var/lib/juju/agents/unit-postgresql-1/charm/./src/charm.py", line 977, in enable_disable_extensions
    self.postgresql.enable_disable_extensions(extensions, database)
  File "/var/lib/juju/agents/unit-postgresql-1/charm/lib/charms/postgresql_k8s/v0/postgresql.py", line 325, in enable_disable_extensions
    raise PostgreSQLEnableDisableExtensionError()
charms.postgresql_k8s.v0.postgresql.PostgreSQLEnableDisableExtensionError
unit-rabbitmq-server-0: 01:50:11 ERROR juju.worker.dependency "uniter" manifold worker returned unexpected error: relation scope id "988a6dfe-80cc-41b6-8098-2de45e9410a6:r#6#landscape-server": settings 988a6dfe-80cc-41b6-8098-2de45e9410a6:r#6#landscape-server not found (not found)
unit-rabbitmq-server-0: 01:50:31 ERROR juju.worker.dependency "uniter" manifold worker returned unexpected error: relation scope id "988a6dfe-80cc-41b6-8098-2de45e9410a6:r#5#rabbitmq-server": settings 988a6dfe-80cc-41b6-8098-2de45e9410a6:r#5#rabbitmq-server not found (not found)

[32mINFO    [0m pytest_operator.plugin:plugin.py:947 Forgetting model main...