[32mINFO    [0m integration.ha_tests.test_upgrade:test_upgrade.py:124 starting continuous writes to the database
[32mINFO    [0m integration.ha_tests.test_upgrade:test_upgrade.py:128 checking whether writes are increasing
[32mINFO    [0m integration.ha_tests.test_upgrade:test_upgrade.py:131 Get leader unit
[32mINFO    [0m integration.ha_tests.test_upgrade:test_upgrade.py:135 Run pre-upgrade-check action
[32mINFO    [0m integration.ha_tests.test_upgrade:test_upgrade.py:147 Inject dependency fault
[32mINFO    [0m integration.ha_tests.test_upgrade:test_upgrade.py:152 Refresh the charm
[32mINFO    [0m integration.ha_tests.test_upgrade:test_upgrade.py:155 Wait for upgrade to fail
[32mINFO    [0m integration.ha_tests.test_upgrade:test_upgrade.py:162 Ensure continuous_writes while in failure state on remaining units
[32mINFO    [0m integration.ha_tests.test_upgrade:test_upgrade.py:165 Re-run pre-upgrade-check action
[32mINFO    [0m integration.ha_tests.test_upgrade:test_upgrade.py:169 Re-refresh the charm
[32mINFO    [0m integration.ha_tests.test_upgrade:test_upgrade.py:172 Wait for upgrade to start
[32mINFO    [0m integration.ha_tests.test_upgrade:test_upgrade.py:178 Wait for application to recover
[32mINFO    [0m juju.model:model.py:2947 Waiting for model:
  postgresql/0 [idle] waiting: other units upgrading first...
  postgresql/1 [idle] blocked: ready to rollback application
  postgresql/2 [idle] waiting: other units upgrading first...
[32mINFO    [0m juju.model:model.py:2947 Waiting for model:
  postgresql/0 [idle] waiting: other units upgrading first...
  postgresql/1 [idle] blocked: ready to rollback application
  postgresql/2 [idle] waiting: other units upgrading first...
[32mINFO    [0m juju.model:model.py:2947 Waiting for model:
  postgresql/0 [executing] maintenance: updating configuration
  postgresql/1 [idle] waiting: other units upgrading first...
  postgresql/2 [executing] waiting: other units upgrading first...
[32mINFO    [0m juju.model:model.py:2947 Waiting for model:
  postgresql/0 [executing] waiting: waiting for database initialisation
  postgresql/1 [idle] waiting: other units upgrading first...
  postgresql/2 [executing] waiting: other units upgrading first...
[32mINFO    [0m juju.model:model.py:2947 Waiting for model:
  postgresql/0 [idle] active: 
  postgresql/1 [executing] maintenance: refreshing the snap
  postgresql/2 [idle] active: 
[32mINFO    [0m juju.model:model.py:2947 Waiting for model:
  postgresql/0 [executing] active: 
  postgresql/1 [idle] maintenance: upgrade completed
  postgresql/2 [executing] maintenance: updating configuration
[32mINFO    [0m juju.model:model.py:2947 Waiting for model:
  postgresql/0 [idle] active: 
  postgresql/1 [idle] maintenance: upgrade completed
  postgresql/2 [executing] waiting: waiting for database initialisation
[32mINFO    [0m juju.model:model.py:2947 Waiting for model:
  postgresql/0 [executing] active: 
  postgresql/1 [executing] active: 
  postgresql/2 [executing] active: 
[32mINFO    [0m juju.model:model.py:2947 Waiting for model:
  postgresql/0 [idle] active: Primary
  postgresql/2 [idle] active: 
[32mINFO    [0m integration.ha_tests.test_upgrade:test_upgrade.py:184 Ensure continuous_writes after rollback procedure
[32mINFO    [0m pytest_operator.plugin:plugin.py:784 Model status:

Model  Controller           Cloud/Region         Version  SLA          Timestamp
test   localhost-localhost  localhost/localhost  3.1.7    unsupported  01:59:50Z

App                  Version  Status  Scale  Charm                Channel      Rev  Exposed  Message
postgresql           14.10    active      3  postgresql                          2  no       Primary
postgresql-test-app           active      1  postgresql-test-app  latest/edge   61  no       received database credentials of the first database

Unit                    Workload  Agent      Machine  Public address  Ports     Message
postgresql-test-app/0*  active    idle       3        10.238.31.230             received database credentials of the first database
postgresql/0            active    executing  0        10.238.31.165   5432/tcp  Primary
postgresql/1*           active    executing  1        10.238.31.33    5432/tcp  
postgresql/2            active    executing  2        10.238.31.137   5432/tcp  

Machine  State    Address        Inst id        Base          AZ  Message
0        started  10.238.31.165  juju-115383-0  ubuntu@22.04      Running
1        started  10.238.31.33   juju-115383-1  ubuntu@22.04      Running
2        started  10.238.31.137  juju-115383-2  ubuntu@22.04      Running
3        started  10.238.31.230  juju-115383-3  ubuntu@22.04      Running

[32mINFO    [0m pytest_operator.plugin:plugin.py:790 Juju error logs:

machine-1: 01:32:36 ERROR juju.worker.dependency "broker-tracker" manifold worker returned unexpected error: no container types determined
machine-1: 01:32:36 ERROR juju.worker.dependency "kvm-container-provisioner" manifold worker returned unexpected error: container types not yet available
machine-1: 01:32:37 ERROR juju.worker.dependency "lxd-container-provisioner" manifold worker returned unexpected error: container types not yet available
unit-postgresql-1: 01:32:38 ERROR juju.worker.meterstatus error running "meter-status-changed": charm missing from disk
machine-0: 01:32:40 ERROR juju.worker.dependency "lxd-container-provisioner" manifold worker returned unexpected error: container types not yet available
machine-0: 01:32:40 ERROR juju.worker.dependency "broker-tracker" manifold worker returned unexpected error: no container types determined
machine-0: 01:32:40 ERROR juju.worker.dependency "kvm-container-provisioner" manifold worker returned unexpected error: container types not yet available
unit-postgresql-0: 01:32:41 ERROR juju.worker.meterstatus error running "meter-status-changed": charm missing from disk
machine-2: 01:32:42 ERROR juju.worker.dependency "kvm-container-provisioner" manifold worker returned unexpected error: container types not yet available
machine-2: 01:32:42 ERROR juju.worker.dependency "lxd-container-provisioner" manifold worker returned unexpected error: container types not yet available
machine-2: 01:32:42 ERROR juju.worker.dependency "broker-tracker" manifold worker returned unexpected error: no container types determined
unit-postgresql-2: 01:32:43 ERROR juju.worker.meterstatus error running "meter-status-changed": charm missing from disk
machine-3: 01:32:43 ERROR juju.worker.dependency "lxd-container-provisioner" manifold worker returned unexpected error: container types not yet available
machine-3: 01:32:43 ERROR juju.worker.dependency "kvm-container-provisioner" manifold worker returned unexpected error: container types not yet available
machine-3: 01:32:43 ERROR juju.worker.dependency "broker-tracker" manifold worker returned unexpected error: no container types determined
unit-postgresql-test-app-0: 01:32:45 ERROR juju.worker.meterstatus error running "meter-status-changed": charm missing from disk
unit-postgresql-1: 01:50:05 ERROR unit.postgresql/1.juju-log charms.data_platform_libs.v0.upgrade.VersionError - {'message': 'Versions incompatible, snap 14.9 can not be upgraded to 15.0', 'cause': 'Upgrades only supported for specific versions, snap versions satisfying requirement ^15', 'resolution': ''}
unit-postgresql-test-app-0: 01:58:14 ERROR unit.postgresql-test-app/0.juju-log Unable to drop table
Traceback (most recent call last):
  File "/var/lib/juju/agents/unit-postgresql-test-app-0/charm/./src/charm.py", line 284, in _on_clear_continuous_writes_action
    cursor.execute("DROP TABLE IF EXISTS continuous_writes;")
psycopg2.errors.ReadOnlySqlTransaction: cannot execute DROP TABLE in a read-only transaction

unit-postgresql-test-app-0: 01:58:19 ERROR unit.postgresql-test-app/0.juju-log Unable to drop table
Traceback (most recent call last):
  File "/var/lib/juju/agents/unit-postgresql-test-app-0/charm/./src/charm.py", line 284, in _on_clear_continuous_writes_action
    cursor.execute("DROP TABLE IF EXISTS continuous_writes;")
psycopg2.errors.ReadOnlySqlTransaction: cannot execute DROP TABLE in a read-only transaction

unit-postgresql-test-app-0: 01:58:23 ERROR unit.postgresql-test-app/0.juju-log Unable to drop table
Traceback (most recent call last):
  File "/var/lib/juju/agents/unit-postgresql-test-app-0/charm/./src/charm.py", line 284, in _on_clear_continuous_writes_action
    cursor.execute("DROP TABLE IF EXISTS continuous_writes;")
psycopg2.errors.ReadOnlySqlTransaction: cannot execute DROP TABLE in a read-only transaction

unit-postgresql-test-app-0: 01:58:29 ERROR unit.postgresql-test-app/0.juju-log Unable to drop table
Traceback (most recent call last):
  File "/var/lib/juju/agents/unit-postgresql-test-app-0/charm/./src/charm.py", line 284, in _on_clear_continuous_writes_action
    cursor.execute("DROP TABLE IF EXISTS continuous_writes;")
psycopg2.errors.ReadOnlySqlTransaction: cannot execute DROP TABLE in a read-only transaction

unit-postgresql-test-app-0: 01:58:33 ERROR unit.postgresql-test-app/0.juju-log Unable to drop table
Traceback (most recent call last):
  File "/var/lib/juju/agents/unit-postgresql-test-app-0/charm/./src/charm.py", line 284, in _on_clear_continuous_writes_action
    cursor.execute("DROP TABLE IF EXISTS continuous_writes;")
psycopg2.errors.ReadOnlySqlTransaction: cannot execute DROP TABLE in a read-only transaction

unit-postgresql-test-app-0: 01:58:38 ERROR unit.postgresql-test-app/0.juju-log Unable to drop table
Traceback (most recent call last):
  File "/var/lib/juju/agents/unit-postgresql-test-app-0/charm/./src/charm.py", line 284, in _on_clear_continuous_writes_action
    cursor.execute("DROP TABLE IF EXISTS continuous_writes;")
psycopg2.errors.ReadOnlySqlTransaction: cannot execute DROP TABLE in a read-only transaction

unit-postgresql-test-app-0: 01:58:42 ERROR unit.postgresql-test-app/0.juju-log Unable to drop table
Traceback (most recent call last):
  File "/var/lib/juju/agents/unit-postgresql-test-app-0/charm/./src/charm.py", line 284, in _on_clear_continuous_writes_action
    cursor.execute("DROP TABLE IF EXISTS continuous_writes;")
psycopg2.errors.ReadOnlySqlTransaction: cannot execute DROP TABLE in a read-only transaction

unit-postgresql-test-app-0: 01:58:46 ERROR unit.postgresql-test-app/0.juju-log Unable to drop table
Traceback (most recent call last):
  File "/var/lib/juju/agents/unit-postgresql-test-app-0/charm/./src/charm.py", line 284, in _on_clear_continuous_writes_action
    cursor.execute("DROP TABLE IF EXISTS continuous_writes;")
psycopg2.errors.ReadOnlySqlTransaction: cannot execute DROP TABLE in a read-only transaction

unit-postgresql-test-app-0: 01:58:50 ERROR unit.postgresql-test-app/0.juju-log Unable to drop table
Traceback (most recent call last):
  File "/var/lib/juju/agents/unit-postgresql-test-app-0/charm/./src/charm.py", line 284, in _on_clear_continuous_writes_action
    cursor.execute("DROP TABLE IF EXISTS continuous_writes;")
psycopg2.errors.ReadOnlySqlTransaction: cannot execute DROP TABLE in a read-only transaction

unit-postgresql-test-app-0: 01:58:54 ERROR unit.postgresql-test-app/0.juju-log Unable to drop table
Traceback (most recent call last):
  File "/var/lib/juju/agents/unit-postgresql-test-app-0/charm/./src/charm.py", line 284, in _on_clear_continuous_writes_action
    cursor.execute("DROP TABLE IF EXISTS continuous_writes;")
psycopg2.errors.ReadOnlySqlTransaction: cannot execute DROP TABLE in a read-only transaction

unit-postgresql-test-app-0: 01:58:58 ERROR unit.postgresql-test-app/0.juju-log Unable to drop table
Traceback (most recent call last):
  File "/var/lib/juju/agents/unit-postgresql-test-app-0/charm/./src/charm.py", line 284, in _on_clear_continuous_writes_action
    cursor.execute("DROP TABLE IF EXISTS continuous_writes;")
psycopg2.errors.ReadOnlySqlTransaction: cannot execute DROP TABLE in a read-only transaction

unit-postgresql-test-app-0: 01:59:02 ERROR unit.postgresql-test-app/0.juju-log Unable to drop table
Traceback (most recent call last):
  File "/var/lib/juju/agents/unit-postgresql-test-app-0/charm/./src/charm.py", line 284, in _on_clear_continuous_writes_action
    cursor.execute("DROP TABLE IF EXISTS continuous_writes;")
psycopg2.errors.ReadOnlySqlTransaction: cannot execute DROP TABLE in a read-only transaction

unit-postgresql-test-app-0: 01:59:08 ERROR unit.postgresql-test-app/0.juju-log Unable to drop table
Traceback (most recent call last):
  File "/var/lib/juju/agents/unit-postgresql-test-app-0/charm/./src/charm.py", line 284, in _on_clear_continuous_writes_action
    cursor.execute("DROP TABLE IF EXISTS continuous_writes;")
psycopg2.errors.ReadOnlySqlTransaction: cannot execute DROP TABLE in a read-only transaction

unit-postgresql-test-app-0: 01:59:12 ERROR unit.postgresql-test-app/0.juju-log Unable to drop table
Traceback (most recent call last):
  File "/var/lib/juju/agents/unit-postgresql-test-app-0/charm/./src/charm.py", line 284, in _on_clear_continuous_writes_action
    cursor.execute("DROP TABLE IF EXISTS continuous_writes;")
psycopg2.errors.ReadOnlySqlTransaction: cannot execute DROP TABLE in a read-only transaction

unit-postgresql-test-app-0: 01:59:16 ERROR unit.postgresql-test-app/0.juju-log Unable to drop table
Traceback (most recent call last):
  File "/var/lib/juju/agents/unit-postgresql-test-app-0/charm/./src/charm.py", line 284, in _on_clear_continuous_writes_action
    cursor.execute("DROP TABLE IF EXISTS continuous_writes;")
psycopg2.errors.ReadOnlySqlTransaction: cannot execute DROP TABLE in a read-only transaction

unit-postgresql-test-app-0: 01:59:20 ERROR unit.postgresql-test-app/0.juju-log Unable to drop table
Traceback (most recent call last):
  File "/var/lib/juju/agents/unit-postgresql-test-app-0/charm/./src/charm.py", line 284, in _on_clear_continuous_writes_action
    cursor.execute("DROP TABLE IF EXISTS continuous_writes;")
psycopg2.errors.ReadOnlySqlTransaction: cannot execute DROP TABLE in a read-only transaction

unit-postgresql-test-app-0: 01:59:25 ERROR unit.postgresql-test-app/0.juju-log Unable to drop table
Traceback (most recent call last):
  File "/var/lib/juju/agents/unit-postgresql-test-app-0/charm/./src/charm.py", line 284, in _on_clear_continuous_writes_action
    cursor.execute("DROP TABLE IF EXISTS continuous_writes;")
psycopg2.errors.ReadOnlySqlTransaction: cannot execute DROP TABLE in a read-only transaction

unit-postgresql-test-app-0: 01:59:30 ERROR unit.postgresql-test-app/0.juju-log Unable to drop table
Traceback (most recent call last):
  File "/var/lib/juju/agents/unit-postgresql-test-app-0/charm/./src/charm.py", line 284, in _on_clear_continuous_writes_action
    cursor.execute("DROP TABLE IF EXISTS continuous_writes;")
psycopg2.errors.ReadOnlySqlTransaction: cannot execute DROP TABLE in a read-only transaction

unit-postgresql-test-app-0: 01:59:34 ERROR unit.postgresql-test-app/0.juju-log Unable to drop table
Traceback (most recent call last):
  File "/var/lib/juju/agents/unit-postgresql-test-app-0/charm/./src/charm.py", line 284, in _on_clear_continuous_writes_action
    cursor.execute("DROP TABLE IF EXISTS continuous_writes;")
psycopg2.errors.ReadOnlySqlTransaction: cannot execute DROP TABLE in a read-only transaction

unit-postgresql-test-app-0: 01:59:39 ERROR unit.postgresql-test-app/0.juju-log Unable to drop table
Traceback (most recent call last):
  File "/var/lib/juju/agents/unit-postgresql-test-app-0/charm/./src/charm.py", line 284, in _on_clear_continuous_writes_action
    cursor.execute("DROP TABLE IF EXISTS continuous_writes;")
psycopg2.errors.ReadOnlySqlTransaction: cannot execute DROP TABLE in a read-only transaction

unit-postgresql-test-app-0: 01:59:43 ERROR unit.postgresql-test-app/0.juju-log Unable to drop table
Traceback (most recent call last):
  File "/var/lib/juju/agents/unit-postgresql-test-app-0/charm/./src/charm.py", line 284, in _on_clear_continuous_writes_action
    cursor.execute("DROP TABLE IF EXISTS continuous_writes;")
psycopg2.errors.ReadOnlySqlTransaction: cannot execute DROP TABLE in a read-only transaction


[32mINFO    [0m pytest_operator.plugin:plugin.py:856 Forgetting main...