{"uid":"cdf1667296698806","name":"test_network_cut_without_ip_change","fullName":"tests.integration.ha_tests.test_self_healing#test_network_cut_without_ip_change","historyId":"c42817a2584f9afe9bfa320de7305305","time":{"start":1711592060136,"stop":1711592356753,"duration":296617},"description":"Completely cut and restore network (situation when the unit IP doesn't change).","descriptionHtml":"<p>Completely cut and restore network (situation when the unit IP doesn't change).</p>\n","status":"broken","statusMessage":"tenacity.RetryError: RetryError[<Future at 0x7f2e78ead630 state=finished raised AssertionError>]","statusTrace":"Traceback (most recent call last):\n  File \"/home/runner/work/postgresql-operator/postgresql-operator/tests/integration/ha_tests/helpers.py\", line 99, in are_writes_increasing\n    assert more_writes[member] > count, f\"{member}: writes not continuing to DB\"\nAssertionError: postgresql-3: writes not continuing to DB\n\nThe above exception was the direct cause of the following exception:\n\nTraceback (most recent call last):\n  File \"/home/runner/work/postgresql-operator/postgresql-operator/.tox/integration/lib/python3.10/site-packages/_pytest/runner.py\", line 340, in from_call\n    result: Optional[TResult] = func()\n  File \"/home/runner/work/postgresql-operator/postgresql-operator/.tox/integration/lib/python3.10/site-packages/_pytest/runner.py\", line 240, in <lambda>\n    lambda: runtest_hook(item=item, **kwds), when=when, reraise=reraise\n  File \"/home/runner/work/postgresql-operator/postgresql-operator/.tox/integration/lib/python3.10/site-packages/pluggy/_hooks.py\", line 501, in __call__\n    return self._hookexec(self.name, self._hookimpls.copy(), kwargs, firstresult)\n  File \"/home/runner/work/postgresql-operator/postgresql-operator/.tox/integration/lib/python3.10/site-packages/pluggy/_manager.py\", line 119, in _hookexec\n    return self._inner_hookexec(hook_name, methods, kwargs, firstresult)\n  File \"/home/runner/work/postgresql-operator/postgresql-operator/.tox/integration/lib/python3.10/site-packages/pluggy/_callers.py\", line 181, in _multicall\n    return outcome.get_result()\n  File \"/home/runner/work/postgresql-operator/postgresql-operator/.tox/integration/lib/python3.10/site-packages/pluggy/_result.py\", line 99, in get_result\n    raise exc.with_traceback(exc.__traceback__)\n  File \"/home/runner/work/postgresql-operator/postgresql-operator/.tox/integration/lib/python3.10/site-packages/pluggy/_callers.py\", line 166, in _multicall\n    teardown.throw(outcome._exception)\n  File \"/home/runner/work/postgresql-operator/postgresql-operator/.tox/integration/lib/python3.10/site-packages/_pytest/threadexception.py\", line 87, in pytest_runtest_call\n    yield from thread_exception_runtest_hook()\n  File \"/home/runner/work/postgresql-operator/postgresql-operator/.tox/integration/lib/python3.10/site-packages/_pytest/threadexception.py\", line 63, in thread_exception_runtest_hook\n    yield\n  File \"/home/runner/work/postgresql-operator/postgresql-operator/.tox/integration/lib/python3.10/site-packages/pluggy/_callers.py\", line 166, in _multicall\n    teardown.throw(outcome._exception)\n  File \"/home/runner/work/postgresql-operator/postgresql-operator/.tox/integration/lib/python3.10/site-packages/_pytest/unraisableexception.py\", line 90, in pytest_runtest_call\n    yield from unraisable_exception_runtest_hook()\n  File \"/home/runner/work/postgresql-operator/postgresql-operator/.tox/integration/lib/python3.10/site-packages/_pytest/unraisableexception.py\", line 65, in unraisable_exception_runtest_hook\n    yield\n  File \"/home/runner/work/postgresql-operator/postgresql-operator/.tox/integration/lib/python3.10/site-packages/pluggy/_callers.py\", line 166, in _multicall\n    teardown.throw(outcome._exception)\n  File \"/home/runner/work/postgresql-operator/postgresql-operator/.tox/integration/lib/python3.10/site-packages/_pytest/logging.py\", line 849, in pytest_runtest_call\n    yield from self._runtest_for(item, \"call\")\n  File \"/home/runner/work/postgresql-operator/postgresql-operator/.tox/integration/lib/python3.10/site-packages/_pytest/logging.py\", line 832, in _runtest_for\n    yield\n  File \"/home/runner/work/postgresql-operator/postgresql-operator/.tox/integration/lib/python3.10/site-packages/pluggy/_callers.py\", line 166, in _multicall\n    teardown.throw(outcome._exception)\n  File \"/home/runner/work/postgresql-operator/postgresql-operator/.tox/integration/lib/python3.10/site-packages/_pytest/capture.py\", line 883, in pytest_runtest_call\n    return (yield)\n  File \"/home/runner/work/postgresql-operator/postgresql-operator/.tox/integration/lib/python3.10/site-packages/pluggy/_callers.py\", line 166, in _multicall\n    teardown.throw(outcome._exception)\n  File \"/home/runner/work/postgresql-operator/postgresql-operator/.tox/integration/lib/python3.10/site-packages/_pytest/skipping.py\", line 256, in pytest_runtest_call\n    return (yield)\n  File \"/home/runner/work/postgresql-operator/postgresql-operator/.tox/integration/lib/python3.10/site-packages/pluggy/_callers.py\", line 102, in _multicall\n    res = hook_impl.function(*args)\n  File \"/home/runner/work/postgresql-operator/postgresql-operator/.tox/integration/lib/python3.10/site-packages/_pytest/runner.py\", line 182, in pytest_runtest_call\n    raise e\n  File \"/home/runner/work/postgresql-operator/postgresql-operator/.tox/integration/lib/python3.10/site-packages/_pytest/runner.py\", line 172, in pytest_runtest_call\n    item.runtest()\n  File \"/home/runner/work/postgresql-operator/postgresql-operator/.tox/integration/lib/python3.10/site-packages/_pytest/python.py\", line 1772, in runtest\n    self.ihook.pytest_pyfunc_call(pyfuncitem=self)\n  File \"/home/runner/work/postgresql-operator/postgresql-operator/.tox/integration/lib/python3.10/site-packages/pluggy/_hooks.py\", line 501, in __call__\n    return self._hookexec(self.name, self._hookimpls.copy(), kwargs, firstresult)\n  File \"/home/runner/work/postgresql-operator/postgresql-operator/.tox/integration/lib/python3.10/site-packages/pluggy/_manager.py\", line 119, in _hookexec\n    return self._inner_hookexec(hook_name, methods, kwargs, firstresult)\n  File \"/home/runner/work/postgresql-operator/postgresql-operator/.tox/integration/lib/python3.10/site-packages/pluggy/_callers.py\", line 181, in _multicall\n    return outcome.get_result()\n  File \"/home/runner/work/postgresql-operator/postgresql-operator/.tox/integration/lib/python3.10/site-packages/pluggy/_result.py\", line 99, in get_result\n    raise exc.with_traceback(exc.__traceback__)\n  File \"/home/runner/work/postgresql-operator/postgresql-operator/.tox/integration/lib/python3.10/site-packages/pluggy/_callers.py\", line 102, in _multicall\n    res = hook_impl.function(*args)\n  File \"/home/runner/work/postgresql-operator/postgresql-operator/.tox/integration/lib/python3.10/site-packages/_pytest/python.py\", line 195, in pytest_pyfunc_call\n    result = testfunction(**testargs)\n  File \"/home/runner/work/postgresql-operator/postgresql-operator/.tox/integration/lib/python3.10/site-packages/pytest_asyncio/plugin.py\", line 532, in inner\n    _loop.run_until_complete(task)\n  File \"/usr/lib/python3.10/asyncio/base_events.py\", line 649, in run_until_complete\n    return future.result()\n  File \"/home/runner/work/postgresql-operator/postgresql-operator/tests/integration/ha_tests/test_self_healing.py\", line 518, in test_network_cut_without_ip_change\n    await are_writes_increasing(ops_test, primary_name, use_ip_from_inside=True)\n  File \"/home/runner/work/postgresql-operator/postgresql-operator/tests/integration/ha_tests/helpers.py\", line 94, in are_writes_increasing\n    for attempt in Retrying(stop=stop_after_delay(60 * 3), wait=wait_fixed(3)):\n  File \"/home/runner/work/postgresql-operator/postgresql-operator/.tox/integration/lib/python3.10/site-packages/tenacity/__init__.py\", line 347, in __iter__\n    do = self.iter(retry_state=retry_state)\n  File \"/home/runner/work/postgresql-operator/postgresql-operator/.tox/integration/lib/python3.10/site-packages/tenacity/__init__.py\", line 326, in iter\n    raise retry_exc from fut.exception()\ntenacity.RetryError: RetryError[<Future at 0x7f2e78ead630 state=finished raised AssertionError>]","flaky":false,"newFailed":false,"newBroken":true,"newPassed":false,"retriesCount":0,"retriesStatusChange":false,"beforeStages":[{"name":"event_loop","time":{"start":1711589340724,"stop":1711589340725,"duration":1},"status":"passed","steps":[],"attachments":[],"parameters":[],"stepsCount":0,"shouldDisplayMessage":false,"attachmentsCount":0,"hasContent":false,"attachmentStep":false},{"name":"ops_test","time":{"start":1711589340725,"stop":1711589340860,"duration":135},"status":"passed","steps":[],"attachments":[],"parameters":[],"stepsCount":0,"shouldDisplayMessage":false,"attachmentsCount":0,"hasContent":false,"attachmentStep":false},{"name":"tmp_path_factory","time":{"start":1711589340725,"stop":1711589340725,"duration":0},"status":"passed","steps":[],"attachments":[],"parameters":[],"stepsCount":0,"shouldDisplayMessage":false,"attachmentsCount":0,"hasContent":false,"attachmentStep":false},{"name":"primary_start_timeout","time":{"start":1711590666781,"stop":1711590668856,"duration":2075},"status":"passed","steps":[],"attachments":[],"parameters":[],"stepsCount":0,"shouldDisplayMessage":false,"attachmentsCount":0,"hasContent":false,"attachmentStep":false},{"name":"abort_on_fail","time":{"start":1711592060135,"stop":1711592060135,"duration":0},"status":"passed","steps":[],"attachments":[],"parameters":[],"stepsCount":0,"shouldDisplayMessage":false,"attachmentsCount":0,"hasContent":false,"attachmentStep":false},{"name":"continuous_writes","time":{"start":1711592060135,"stop":1711592060136,"duration":1},"status":"passed","steps":[],"attachments":[],"parameters":[],"stepsCount":0,"shouldDisplayMessage":false,"attachmentsCount":0,"hasContent":false,"attachmentStep":false}],"testStage":{"description":"Completely cut and restore network (situation when the unit IP doesn't change).","status":"broken","statusMessage":"tenacity.RetryError: RetryError[<Future at 0x7f2e78ead630 state=finished raised AssertionError>]","statusTrace":"Traceback (most recent call last):\n  File \"/home/runner/work/postgresql-operator/postgresql-operator/tests/integration/ha_tests/helpers.py\", line 99, in are_writes_increasing\n    assert more_writes[member] > count, f\"{member}: writes not continuing to DB\"\nAssertionError: postgresql-3: writes not continuing to DB\n\nThe above exception was the direct cause of the following exception:\n\nTraceback (most recent call last):\n  File \"/home/runner/work/postgresql-operator/postgresql-operator/.tox/integration/lib/python3.10/site-packages/_pytest/runner.py\", line 340, in from_call\n    result: Optional[TResult] = func()\n  File \"/home/runner/work/postgresql-operator/postgresql-operator/.tox/integration/lib/python3.10/site-packages/_pytest/runner.py\", line 240, in <lambda>\n    lambda: runtest_hook(item=item, **kwds), when=when, reraise=reraise\n  File \"/home/runner/work/postgresql-operator/postgresql-operator/.tox/integration/lib/python3.10/site-packages/pluggy/_hooks.py\", line 501, in __call__\n    return self._hookexec(self.name, self._hookimpls.copy(), kwargs, firstresult)\n  File \"/home/runner/work/postgresql-operator/postgresql-operator/.tox/integration/lib/python3.10/site-packages/pluggy/_manager.py\", line 119, in _hookexec\n    return self._inner_hookexec(hook_name, methods, kwargs, firstresult)\n  File \"/home/runner/work/postgresql-operator/postgresql-operator/.tox/integration/lib/python3.10/site-packages/pluggy/_callers.py\", line 181, in _multicall\n    return outcome.get_result()\n  File \"/home/runner/work/postgresql-operator/postgresql-operator/.tox/integration/lib/python3.10/site-packages/pluggy/_result.py\", line 99, in get_result\n    raise exc.with_traceback(exc.__traceback__)\n  File \"/home/runner/work/postgresql-operator/postgresql-operator/.tox/integration/lib/python3.10/site-packages/pluggy/_callers.py\", line 166, in _multicall\n    teardown.throw(outcome._exception)\n  File \"/home/runner/work/postgresql-operator/postgresql-operator/.tox/integration/lib/python3.10/site-packages/_pytest/threadexception.py\", line 87, in pytest_runtest_call\n    yield from thread_exception_runtest_hook()\n  File \"/home/runner/work/postgresql-operator/postgresql-operator/.tox/integration/lib/python3.10/site-packages/_pytest/threadexception.py\", line 63, in thread_exception_runtest_hook\n    yield\n  File \"/home/runner/work/postgresql-operator/postgresql-operator/.tox/integration/lib/python3.10/site-packages/pluggy/_callers.py\", line 166, in _multicall\n    teardown.throw(outcome._exception)\n  File \"/home/runner/work/postgresql-operator/postgresql-operator/.tox/integration/lib/python3.10/site-packages/_pytest/unraisableexception.py\", line 90, in pytest_runtest_call\n    yield from unraisable_exception_runtest_hook()\n  File \"/home/runner/work/postgresql-operator/postgresql-operator/.tox/integration/lib/python3.10/site-packages/_pytest/unraisableexception.py\", line 65, in unraisable_exception_runtest_hook\n    yield\n  File \"/home/runner/work/postgresql-operator/postgresql-operator/.tox/integration/lib/python3.10/site-packages/pluggy/_callers.py\", line 166, in _multicall\n    teardown.throw(outcome._exception)\n  File \"/home/runner/work/postgresql-operator/postgresql-operator/.tox/integration/lib/python3.10/site-packages/_pytest/logging.py\", line 849, in pytest_runtest_call\n    yield from self._runtest_for(item, \"call\")\n  File \"/home/runner/work/postgresql-operator/postgresql-operator/.tox/integration/lib/python3.10/site-packages/_pytest/logging.py\", line 832, in _runtest_for\n    yield\n  File \"/home/runner/work/postgresql-operator/postgresql-operator/.tox/integration/lib/python3.10/site-packages/pluggy/_callers.py\", line 166, in _multicall\n    teardown.throw(outcome._exception)\n  File \"/home/runner/work/postgresql-operator/postgresql-operator/.tox/integration/lib/python3.10/site-packages/_pytest/capture.py\", line 883, in pytest_runtest_call\n    return (yield)\n  File \"/home/runner/work/postgresql-operator/postgresql-operator/.tox/integration/lib/python3.10/site-packages/pluggy/_callers.py\", line 166, in _multicall\n    teardown.throw(outcome._exception)\n  File \"/home/runner/work/postgresql-operator/postgresql-operator/.tox/integration/lib/python3.10/site-packages/_pytest/skipping.py\", line 256, in pytest_runtest_call\n    return (yield)\n  File \"/home/runner/work/postgresql-operator/postgresql-operator/.tox/integration/lib/python3.10/site-packages/pluggy/_callers.py\", line 102, in _multicall\n    res = hook_impl.function(*args)\n  File \"/home/runner/work/postgresql-operator/postgresql-operator/.tox/integration/lib/python3.10/site-packages/_pytest/runner.py\", line 182, in pytest_runtest_call\n    raise e\n  File \"/home/runner/work/postgresql-operator/postgresql-operator/.tox/integration/lib/python3.10/site-packages/_pytest/runner.py\", line 172, in pytest_runtest_call\n    item.runtest()\n  File \"/home/runner/work/postgresql-operator/postgresql-operator/.tox/integration/lib/python3.10/site-packages/_pytest/python.py\", line 1772, in runtest\n    self.ihook.pytest_pyfunc_call(pyfuncitem=self)\n  File \"/home/runner/work/postgresql-operator/postgresql-operator/.tox/integration/lib/python3.10/site-packages/pluggy/_hooks.py\", line 501, in __call__\n    return self._hookexec(self.name, self._hookimpls.copy(), kwargs, firstresult)\n  File \"/home/runner/work/postgresql-operator/postgresql-operator/.tox/integration/lib/python3.10/site-packages/pluggy/_manager.py\", line 119, in _hookexec\n    return self._inner_hookexec(hook_name, methods, kwargs, firstresult)\n  File \"/home/runner/work/postgresql-operator/postgresql-operator/.tox/integration/lib/python3.10/site-packages/pluggy/_callers.py\", line 181, in _multicall\n    return outcome.get_result()\n  File \"/home/runner/work/postgresql-operator/postgresql-operator/.tox/integration/lib/python3.10/site-packages/pluggy/_result.py\", line 99, in get_result\n    raise exc.with_traceback(exc.__traceback__)\n  File \"/home/runner/work/postgresql-operator/postgresql-operator/.tox/integration/lib/python3.10/site-packages/pluggy/_callers.py\", line 102, in _multicall\n    res = hook_impl.function(*args)\n  File \"/home/runner/work/postgresql-operator/postgresql-operator/.tox/integration/lib/python3.10/site-packages/_pytest/python.py\", line 195, in pytest_pyfunc_call\n    result = testfunction(**testargs)\n  File \"/home/runner/work/postgresql-operator/postgresql-operator/.tox/integration/lib/python3.10/site-packages/pytest_asyncio/plugin.py\", line 532, in inner\n    _loop.run_until_complete(task)\n  File \"/usr/lib/python3.10/asyncio/base_events.py\", line 649, in run_until_complete\n    return future.result()\n  File \"/home/runner/work/postgresql-operator/postgresql-operator/tests/integration/ha_tests/test_self_healing.py\", line 518, in test_network_cut_without_ip_change\n    await are_writes_increasing(ops_test, primary_name, use_ip_from_inside=True)\n  File \"/home/runner/work/postgresql-operator/postgresql-operator/tests/integration/ha_tests/helpers.py\", line 94, in are_writes_increasing\n    for attempt in Retrying(stop=stop_after_delay(60 * 3), wait=wait_fixed(3)):\n  File \"/home/runner/work/postgresql-operator/postgresql-operator/.tox/integration/lib/python3.10/site-packages/tenacity/__init__.py\", line 347, in __iter__\n    do = self.iter(retry_state=retry_state)\n  File \"/home/runner/work/postgresql-operator/postgresql-operator/.tox/integration/lib/python3.10/site-packages/tenacity/__init__.py\", line 326, in iter\n    raise retry_exc from fut.exception()\ntenacity.RetryError: RetryError[<Future at 0x7f2e78ead630 state=finished raised AssertionError>]","steps":[],"attachments":[{"uid":"48fbbeb627c0dddd","name":"log","source":"48fbbeb627c0dddd.txt","type":"text/plain","size":63037}],"parameters":[],"stepsCount":0,"shouldDisplayMessage":true,"attachmentsCount":1,"hasContent":true,"attachmentStep":false},"afterStages":[{"name":"continuous_writes::finalizer","time":{"start":1711592356755,"stop":1711592659092,"duration":302337},"status":"failed","statusMessage":"AssertionError: Unable to clear up continuous_writes table\nassert 'False' == 'True'\n  \n  - True\n  + False\n","statusTrace":"  File \"/home/runner/work/postgresql-operator/postgresql-operator/.tox/integration/lib/python3.10/site-packages/allure_commons/_allure.py\", line 221, in __call__\n    return self._fixture_function(*args, **kwargs)\n  File \"/home/runner/work/postgresql-operator/postgresql-operator/.tox/integration/lib/python3.10/site-packages/pytest_asyncio/plugin.py\", line 302, in finalizer\n    event_loop.run_until_complete(async_finalizer())\n  File \"/usr/lib/python3.10/asyncio/base_events.py\", line 649, in run_until_complete\n    return future.result()\n  File \"/home/runner/work/postgresql-operator/postgresql-operator/.tox/integration/lib/python3.10/site-packages/pytest_asyncio/plugin.py\", line 294, in async_finalizer\n    await gen_obj.__anext__()\n  File \"/home/runner/work/postgresql-operator/postgresql-operator/tests/integration/ha_tests/conftest.py\", line 29, in continuous_writes\n    for attempt in Retrying(stop=stop_after_delay(60 * 5), wait=wait_fixed(3), reraise=True):\n  File \"/home/runner/work/postgresql-operator/postgresql-operator/.tox/integration/lib/python3.10/site-packages/tenacity/__init__.py\", line 347, in __iter__\n    do = self.iter(retry_state=retry_state)\n  File \"/home/runner/work/postgresql-operator/postgresql-operator/.tox/integration/lib/python3.10/site-packages/tenacity/__init__.py\", line 325, in iter\n    raise retry_exc.reraise()\n  File \"/home/runner/work/postgresql-operator/postgresql-operator/.tox/integration/lib/python3.10/site-packages/tenacity/__init__.py\", line 158, in reraise\n    raise self.last_attempt.result()\n  File \"/usr/lib/python3.10/concurrent/futures/_base.py\", line 451, in result\n    return self.__get_result()\n  File \"/usr/lib/python3.10/concurrent/futures/_base.py\", line 403, in __get_result\n    raise self._exception\n  File \"/home/runner/work/postgresql-operator/postgresql-operator/tests/integration/ha_tests/conftest.py\", line 37, in continuous_writes\n    assert action.results[\"result\"] == \"True\", \"Unable to clear up continuous_writes table\"\n","steps":[],"attachments":[],"parameters":[],"stepsCount":0,"shouldDisplayMessage":true,"attachmentsCount":0,"hasContent":true,"attachmentStep":false},{"name":"primary_start_timeout::finalizer","time":{"start":1711592659093,"stop":1711592681294,"duration":22201},"status":"passed","steps":[],"attachments":[],"parameters":[],"stepsCount":0,"shouldDisplayMessage":false,"attachmentsCount":0,"hasContent":false,"attachmentStep":false},{"name":"abort_on_fail::0","time":{"start":1711592659093,"stop":1711592659093,"duration":0},"status":"passed","steps":[],"attachments":[],"parameters":[],"stepsCount":0,"shouldDisplayMessage":false,"attachmentsCount":0,"hasContent":false,"attachmentStep":false},{"name":"ops_test::finalizer","time":{"start":1711592681294,"stop":1711592681602,"duration":308},"status":"passed","steps":[],"attachments":[],"parameters":[],"stepsCount":0,"shouldDisplayMessage":false,"attachmentsCount":0,"hasContent":false,"attachmentStep":false},{"name":"event_loop::2","time":{"start":1711592681603,"stop":1711592681604,"duration":1},"status":"passed","steps":[],"attachments":[],"parameters":[],"stepsCount":0,"shouldDisplayMessage":false,"attachmentsCount":0,"hasContent":false,"attachmentStep":false},{"name":"event_loop::_close_event_loop","time":{"start":1711592681604,"stop":1711592681604,"duration":0},"status":"passed","steps":[],"attachments":[],"parameters":[],"stepsCount":0,"shouldDisplayMessage":false,"attachmentsCount":0,"hasContent":false,"attachmentStep":false},{"name":"event_loop::_provide_clean_event_loop","time":{"start":1711592681604,"stop":1711592681604,"duration":0},"status":"passed","steps":[],"attachments":[],"parameters":[],"stepsCount":0,"shouldDisplayMessage":false,"attachmentsCount":0,"hasContent":false,"attachmentStep":false}],"labels":[{"name":"tag","value":"group(1)"},{"name":"tag","value":"asyncio"},{"name":"parentSuite","value":"tests.integration.ha_tests"},{"name":"suite","value":"test_self_healing"},{"name":"host","value":"fv-az1435-257"},{"name":"thread","value":"7622-MainThread"},{"name":"framework","value":"pytest"},{"name":"language","value":"cpython3"},{"name":"package","value":"tests.integration.ha_tests.test_self_healing"},{"name":"resultFormat","value":"allure2"}],"parameters":[],"links":[],"hidden":false,"retry":false,"extra":{"severity":"normal","retries":[],"categories":[{"name":"Test defects","matchedStatuses":[],"flaky":false}],"history":{"statistic":{"failed":2,"broken":18,"skipped":0,"passed":24,"unknown":0,"total":44},"items":[{"uid":"e6bcda41feb6d6d5","reportUrl":"../2313//#testresult/e6bcda41feb6d6d5","status":"passed","time":{"start":1711505514909,"stop":1711505718648,"duration":203739}},{"uid":"61382d6aabbef973","reportUrl":"../2309//#testresult/61382d6aabbef973","status":"broken","statusDetails":"tenacity.RetryError: RetryError[<Future at 0x7f760fe4a680 state=finished raised AssertionError>]","time":{"start":1711419160568,"stop":1711419478466,"duration":317898}},{"uid":"b75dd9104fd12280","reportUrl":"../2306//#testresult/b75dd9104fd12280","status":"broken","statusDetails":"tenacity.RetryError: RetryError[<Future at 0x7f8991c3c910 state=finished raised AssertionError>]","time":{"start":1711332441399,"stop":1711332740766,"duration":299367}},{"uid":"3a53552525e7e11c","reportUrl":"../2305//#testresult/3a53552525e7e11c","status":"passed","time":{"start":1711246097315,"stop":1711246290695,"duration":193380}},{"uid":"6ec954082405409f","reportUrl":"../2302//#testresult/6ec954082405409f","status":"broken","statusDetails":"tenacity.RetryError: RetryError[<Future at 0x7fe53d17df60 state=finished raised AssertionError>]","time":{"start":1711160084559,"stop":1711160383451,"duration":298892}},{"uid":"c0c3153453cbee89","reportUrl":"../2278//#testresult/c0c3153453cbee89","status":"passed","time":{"start":1711074895624,"stop":1711075091767,"duration":196143}},{"uid":"d161d125ba65abea","reportUrl":"../2273//#testresult/d161d125ba65abea","status":"passed","time":{"start":1710987113310,"stop":1710987333672,"duration":220362}},{"uid":"4fafd78c96082aad","reportUrl":"../2259//#testresult/4fafd78c96082aad","status":"passed","time":{"start":1710901699592,"stop":1710901897863,"duration":198271}},{"uid":"abb7d9e879b8800f","reportUrl":"../2257//#testresult/abb7d9e879b8800f","status":"broken","statusDetails":"tenacity.RetryError: RetryError[<Future at 0x7ff3d6cd48e0 state=finished raised AssertionError>]","time":{"start":1710814156006,"stop":1710814455068,"duration":299062}},{"uid":"f433c59bc6d0339c","reportUrl":"../2239//#testresult/f433c59bc6d0339c","status":"passed","time":{"start":1710641264014,"stop":1710641445894,"duration":181880}},{"uid":"a11cbf5c68caa468","reportUrl":"../2234//#testresult/a11cbf5c68caa468","status":"passed","time":{"start":1710556842151,"stop":1710557056378,"duration":214227}},{"uid":"7c785eb9fa9e5330","reportUrl":"../2229//#testresult/7c785eb9fa9e5330","status":"broken","statusDetails":"juju.errors.JujuUnitError: Unit in error: postgresql/0","time":{"start":1710468628166,"stop":1710468758455,"duration":130289}},{"uid":"b855c2de557fbedd","reportUrl":"../2210//#testresult/b855c2de557fbedd","status":"passed","time":{"start":1710296690454,"stop":1710296929159,"duration":238705}},{"uid":"26e0e52aebd1d477","reportUrl":"../2189//#testresult/26e0e52aebd1d477","status":"broken","statusDetails":"juju.errors.JujuUnitError: Unit in error: postgresql/2","time":{"start":1710123581231,"stop":1710123709580,"duration":128349}},{"uid":"7f5d519e983819ee","reportUrl":"../2185//#testresult/7f5d519e983819ee","status":"passed","time":{"start":1710036522381,"stop":1710036724037,"duration":201656}},{"uid":"8406c75d8174789","reportUrl":"../2181//#testresult/8406c75d8174789","status":"passed","time":{"start":1709949991056,"stop":1709950220295,"duration":229239}},{"uid":"a28a8ed85c4d291d","reportUrl":"../2169//#testresult/a28a8ed85c4d291d","status":"passed","time":{"start":1709863792782,"stop":1709863996709,"duration":203927}},{"uid":"6fa1396bf57d82f5","reportUrl":"../2084//#testresult/6fa1396bf57d82f5","status":"passed","time":{"start":1709086658077,"stop":1709086873563,"duration":215486}},{"uid":"18b8c451b5586103","reportUrl":"../2075//#testresult/18b8c451b5586103","status":"broken","statusDetails":"integration.ha_tests.helpers.ProcessError: ('Expected command %s to succeed instead it failed: %s %s', 'exec --unit postgresql/1 -- hostname -I', 1, 'ERROR timed out waiting for results from: unit postgresql/1\\n')","time":{"start":1709004688175,"stop":1709005892032,"duration":1203857}},{"uid":"cf11cb18f7f3d6e7","reportUrl":"../2061//#testresult/cf11cb18f7f3d6e7","status":"broken","statusDetails":"tenacity.RetryError: RetryError[<Future at 0x7f64e6087fd0 state=finished raised AssertionError>]","time":{"start":1708742127637,"stop":1708742468365,"duration":340728}}]},"tags":["asyncio","group(1)"]},"source":"cdf1667296698806.json","parameterValues":[]}