[32mINFO    [0m integration.test_backups:test_backups.py:77 deleting the previously created backups
[32mINFO    [0m pytest_operator.plugin:plugin.py:834 Model status:

Model  Controller           Cloud/Region         Version  SLA          Timestamp
test   localhost-localhost  localhost/localhost  3.1.7    unsupported  02:01:48Z

App                       Version  Status   Scale  Charm                     Channel        Rev  Exposed  Message
postgresql-gcp            14.11    waiting      2  postgresql                                 1  no       awaiting for cluster to start
s3-integrator                      active       1  s3-integrator             latest/stable   13  no       
self-signed-certificates           active       1  self-signed-certificates  latest/stable   72  no       

Unit                         Workload  Agent      Machine  Public address  Ports     Message
postgresql-gcp/0             waiting   idle       5        10.69.152.220   5432/tcp  awaiting for cluster to start
postgresql-gcp/1*            active    executing  6        10.69.152.179   5432/tcp  
s3-integrator/0*             active    idle       0        10.69.152.73              
self-signed-certificates/0*  active    idle       1        10.69.152.182             

Machine  State    Address        Inst id        Base          AZ  Message
0        started  10.69.152.73   juju-13d311-0  ubuntu@22.04      Running
1        started  10.69.152.182  juju-13d311-1  ubuntu@22.04      Running
5        started  10.69.152.220  juju-13d311-5  ubuntu@22.04      Running
6        started  10.69.152.179  juju-13d311-6  ubuntu@22.04      Running

[32mINFO    [0m pytest_operator.plugin:plugin.py:840 Juju error logs:

machine-1: 01:30:12 ERROR juju.worker.dependency "broker-tracker" manifold worker returned unexpected error: no container types determined
machine-1: 01:30:12 ERROR juju.worker.dependency "kvm-container-provisioner" manifold worker returned unexpected error: container types not yet available
machine-1: 01:30:12 ERROR juju.worker.dependency "lxd-container-provisioner" manifold worker returned unexpected error: container types not yet available
unit-self-signed-certificates-0: 01:30:12 ERROR juju.worker.meterstatus error running "meter-status-changed": charm missing from disk
machine-0: 01:30:18 ERROR juju.worker.dependency "kvm-container-provisioner" manifold worker returned unexpected error: container types not yet available
machine-0: 01:30:18 ERROR juju.worker.dependency "broker-tracker" manifold worker returned unexpected error: no container types determined
unit-s3-integrator-0: 01:30:19 ERROR juju.worker.meterstatus error running "meter-status-changed": charm missing from disk
machine-3: 01:30:36 ERROR juju.worker.dependency "broker-tracker" manifold worker returned unexpected error: no container types determined
machine-3: 01:30:36 ERROR juju.worker.dependency "lxd-container-provisioner" manifold worker returned unexpected error: container types not yet available
machine-3: 01:30:36 ERROR juju.worker.dependency "kvm-container-provisioner" manifold worker returned unexpected error: container types not yet available
unit-postgresql-aws-1: 01:30:36 ERROR juju.worker.meterstatus error running "meter-status-changed": charm missing from disk
machine-2: 01:30:36 ERROR juju.worker.dependency "broker-tracker" manifold worker returned unexpected error: no container types determined
machine-2: 01:30:37 ERROR juju.worker.dependency "kvm-container-provisioner" manifold worker returned unexpected error: container types not yet available
machine-2: 01:30:37 ERROR juju.worker.dependency "lxd-container-provisioner" manifold worker returned unexpected error: container types not yet available
unit-postgresql-aws-0: 01:30:37 ERROR juju.worker.meterstatus error running "meter-status-changed": charm missing from disk
unit-postgresql-aws-0: 01:44:21 ERROR unit.postgresql-aws/0.juju-log certificates:5: Non-existing secret cauth was attempted to be removed.
unit-postgresql-aws-0: 01:44:21 ERROR unit.postgresql-aws/0.juju-log certificates:5: Can't update secret for relation 3
unit-postgresql-aws-0: 01:44:21 ERROR unit.postgresql-aws/0.juju-log certificates:5: Non-existing field 'cauth' was attempted to be removed from the databag (relation ID: 3)
unit-postgresql-aws-0: 01:44:21 ERROR unit.postgresql-aws/0.juju-log certificates:5: Non-existing secret cert was attempted to be removed.
unit-postgresql-aws-0: 01:44:21 ERROR unit.postgresql-aws/0.juju-log certificates:5: Can't update secret for relation 3
unit-postgresql-aws-0: 01:44:21 ERROR unit.postgresql-aws/0.juju-log certificates:5: Non-existing field 'cert' was attempted to be removed from the databag (relation ID: 3)
unit-postgresql-aws-0: 01:44:21 ERROR unit.postgresql-aws/0.juju-log certificates:5: Non-existing secret chain was attempted to be removed.
unit-postgresql-aws-0: 01:44:21 ERROR unit.postgresql-aws/0.juju-log certificates:5: Can't update secret for relation 3
unit-postgresql-aws-0: 01:44:21 ERROR unit.postgresql-aws/0.juju-log certificates:5: Non-existing field 'chain' was attempted to be removed from the databag (relation ID: 3)
machine-4: 01:49:50 ERROR juju.worker.dependency "lxd-container-provisioner" manifold worker returned unexpected error: container types not yet available
machine-4: 01:49:50 ERROR juju.worker.dependency "kvm-container-provisioner" manifold worker returned unexpected error: container types not yet available
machine-4: 01:49:50 ERROR juju.worker.dependency "broker-tracker" manifold worker returned unexpected error: no container types determined
unit-postgresql-aws-2: 01:49:50 ERROR juju.worker.meterstatus error running "meter-status-changed": charm missing from disk
machine-6: 01:54:31 ERROR juju.worker.dependency "kvm-container-provisioner" manifold worker returned unexpected error: container types not yet available
machine-6: 01:54:31 ERROR juju.worker.dependency "lxd-container-provisioner" manifold worker returned unexpected error: container types not yet available
machine-6: 01:54:31 ERROR juju.worker.dependency "broker-tracker" manifold worker returned unexpected error: no container types determined
unit-postgresql-gcp-1: 01:54:31 ERROR juju.worker.meterstatus error running "meter-status-changed": charm missing from disk
machine-5: 01:54:33 ERROR juju.worker.dependency "broker-tracker" manifold worker returned unexpected error: no container types determined
machine-5: 01:54:33 ERROR juju.worker.dependency "kvm-container-provisioner" manifold worker returned unexpected error: container types not yet available
machine-5: 01:54:33 ERROR juju.worker.dependency "lxd-container-provisioner" manifold worker returned unexpected error: container types not yet available
unit-postgresql-gcp-0: 01:54:33 ERROR juju.worker.meterstatus error running "meter-status-changed": charm missing from disk
unit-postgresql-gcp-1: 02:00:16 ERROR unit.postgresql-gcp/1.juju-log certificates:10: Uncaught exception while in charm code:
Traceback (most recent call last):
  File "/var/lib/juju/agents/unit-postgresql-gcp-1/charm/venv/urllib3/connectionpool.py", line 791, in urlopen
    response = self._make_request(
  File "/var/lib/juju/agents/unit-postgresql-gcp-1/charm/venv/urllib3/connectionpool.py", line 537, in _make_request
    response = conn.getresponse()
  File "/var/lib/juju/agents/unit-postgresql-gcp-1/charm/venv/urllib3/connection.py", line 461, in getresponse
    httplib_response = super().getresponse()
  File "/usr/lib/python3.10/http/client.py", line 1375, in getresponse
    response.begin()
  File "/usr/lib/python3.10/http/client.py", line 318, in begin
    version, status, reason = self._read_status()
  File "/usr/lib/python3.10/http/client.py", line 279, in _read_status
    line = str(self.fp.readline(_MAXLINE + 1), "iso-8859-1")
  File "/usr/lib/python3.10/socket.py", line 705, in readinto
    return self._sock.recv_into(b)
ConnectionResetError: [Errno 104] Connection reset by peer

During handling of the above exception, another exception occurred:

Traceback (most recent call last):
  File "/var/lib/juju/agents/unit-postgresql-gcp-1/charm/venv/requests/adapters.py", line 486, in send
    resp = conn.urlopen(
  File "/var/lib/juju/agents/unit-postgresql-gcp-1/charm/venv/urllib3/connectionpool.py", line 845, in urlopen
    retries = retries.increment(
  File "/var/lib/juju/agents/unit-postgresql-gcp-1/charm/venv/urllib3/util/retry.py", line 470, in increment
    raise reraise(type(error), error, _stacktrace)
  File "/var/lib/juju/agents/unit-postgresql-gcp-1/charm/venv/urllib3/util/util.py", line 38, in reraise
    raise value.with_traceback(tb)
  File "/var/lib/juju/agents/unit-postgresql-gcp-1/charm/venv/urllib3/connectionpool.py", line 791, in urlopen
    response = self._make_request(
  File "/var/lib/juju/agents/unit-postgresql-gcp-1/charm/venv/urllib3/connectionpool.py", line 537, in _make_request
    response = conn.getresponse()
  File "/var/lib/juju/agents/unit-postgresql-gcp-1/charm/venv/urllib3/connection.py", line 461, in getresponse
    httplib_response = super().getresponse()
  File "/usr/lib/python3.10/http/client.py", line 1375, in getresponse
    response.begin()
  File "/usr/lib/python3.10/http/client.py", line 318, in begin
    version, status, reason = self._read_status()
  File "/usr/lib/python3.10/http/client.py", line 279, in _read_status
    line = str(self.fp.readline(_MAXLINE + 1), "iso-8859-1")
  File "/usr/lib/python3.10/socket.py", line 705, in readinto
    return self._sock.recv_into(b)
urllib3.exceptions.ProtocolError: ('Connection aborted.', ConnectionResetError(104, 'Connection reset by peer'))

During handling of the above exception, another exception occurred:

Traceback (most recent call last):
  File "/var/lib/juju/agents/unit-postgresql-gcp-1/charm/venv/tenacity/__init__.py", line 382, in __call__
    result = fn(*args, **kwargs)
  File "/var/lib/juju/agents/unit-postgresql-gcp-1/charm/src/cluster.py", line 597, in reload_patroni_configuration
    requests.post(f"{self._patroni_url}/reload", verify=self.verify)
  File "/var/lib/juju/agents/unit-postgresql-gcp-1/charm/venv/requests/api.py", line 115, in post
    return request("post", url, data=data, json=json, **kwargs)
  File "/var/lib/juju/agents/unit-postgresql-gcp-1/charm/venv/requests/api.py", line 59, in request
    return session.request(method=method, url=url, **kwargs)
  File "/var/lib/juju/agents/unit-postgresql-gcp-1/charm/venv/requests/sessions.py", line 589, in request
    resp = self.send(prep, **send_kwargs)
  File "/var/lib/juju/agents/unit-postgresql-gcp-1/charm/venv/requests/sessions.py", line 703, in send
    r = adapter.send(request, **kwargs)
  File "/var/lib/juju/agents/unit-postgresql-gcp-1/charm/venv/requests/adapters.py", line 501, in send
    raise ConnectionError(err, request=request)
requests.exceptions.ConnectionError: ('Connection aborted.', ConnectionResetError(104, 'Connection reset by peer'))

The above exception was the direct cause of the following exception:

Traceback (most recent call last):
  File "/var/lib/juju/agents/unit-postgresql-gcp-1/charm/./src/charm.py", line 1580, in <module>
    main(PostgresqlOperatorCharm)
  File "/var/lib/juju/agents/unit-postgresql-gcp-1/charm/venv/ops/main.py", line 456, in main
    _emit_charm_event(charm, dispatcher.event_name)
  File "/var/lib/juju/agents/unit-postgresql-gcp-1/charm/venv/ops/main.py", line 144, in _emit_charm_event
    event_to_emit.emit(*args, **kwargs)
  File "/var/lib/juju/agents/unit-postgresql-gcp-1/charm/venv/ops/framework.py", line 352, in emit
    framework._emit(event)
  File "/var/lib/juju/agents/unit-postgresql-gcp-1/charm/venv/ops/framework.py", line 865, in _emit
    self._reemit(event_path)
  File "/var/lib/juju/agents/unit-postgresql-gcp-1/charm/venv/ops/framework.py", line 955, in _reemit
    custom_handler(event)
  File "/var/lib/juju/agents/unit-postgresql-gcp-1/charm/lib/charms/tls_certificates_interface/v2/tls_certificates.py", line 1824, in _on_relation_changed
    self.on.certificate_available.emit(
  File "/var/lib/juju/agents/unit-postgresql-gcp-1/charm/venv/ops/framework.py", line 352, in emit
    framework._emit(event)
  File "/var/lib/juju/agents/unit-postgresql-gcp-1/charm/venv/ops/framework.py", line 865, in _emit
    self._reemit(event_path)
  File "/var/lib/juju/agents/unit-postgresql-gcp-1/charm/venv/ops/framework.py", line 955, in _reemit
    custom_handler(event)
  File "/var/lib/juju/agents/unit-postgresql-gcp-1/charm/lib/charms/postgresql_k8s/v0/postgresql_tls.py", line 141, in _on_certificate_available
    if not self.charm.push_tls_files_to_workload():
  File "/var/lib/juju/agents/unit-postgresql-gcp-1/charm/./src/charm.py", line 1375, in push_tls_files_to_workload
    return self.update_config()
  File "/var/lib/juju/agents/unit-postgresql-gcp-1/charm/./src/charm.py", line 1489, in update_config
    self._handle_postgresql_restart_need(enable_tls)
  File "/var/lib/juju/agents/unit-postgresql-gcp-1/charm/./src/charm.py", line 1532, in _handle_postgresql_restart_need
    self._patroni.reload_patroni_configuration()
  File "/var/lib/juju/agents/unit-postgresql-gcp-1/charm/venv/tenacity/__init__.py", line 289, in wrapped_f
    return self(f, *args, **kw)
  File "/var/lib/juju/agents/unit-postgresql-gcp-1/charm/venv/tenacity/__init__.py", line 379, in __call__
    do = self.iter(retry_state=retry_state)
  File "/var/lib/juju/agents/unit-postgresql-gcp-1/charm/venv/tenacity/__init__.py", line 326, in iter
    raise retry_exc from fut.exception()
tenacity.RetryError: RetryError[<Future at 0x7feb30e522c0 state=finished raised ConnectionError>]
unit-postgresql-gcp-1: 02:00:16 ERROR juju.worker.uniter.operation hook "certificates-relation-changed" (via hook dispatching script: dispatch) failed: exit status 1

[32mINFO    [0m pytest_operator.plugin:plugin.py:904 Forgetting main...