[32mINFO    [0m integration.ha_tests.test_async_replication:test_async_replication.py:78 Destroying second model
[32mINFO    [0m pytest_operator.plugin:plugin.py:862 Model status:

Model  Controller           Cloud/Region         Version  SLA          Timestamp
test   localhost-localhost  localhost/localhost  3.1.8    unsupported  02:20:59Z

App                  Version  Status  Scale  Charm                Channel        Rev  Exposed  Message
postgresql           14.11    error       3  postgresql                            0  no       hook failed: "async-primary-relation-departed"
postgresql-test-app           active      1  postgresql-test-app  latest/stable  119  no       received database credentials of the first database

Unit                    Workload     Agent      Machine  Public address  Ports     Message
postgresql-test-app/0*  active       executing  3        10.183.150.20             received database credentials of the first database
postgresql/0            active       executing  0        10.183.150.164  5432/tcp  
postgresql/1*           maintenance  executing  1        10.183.150.117  5432/tcp  reconfiguring cluster
postgresql/2            error        idle       2        10.183.150.232  5432/tcp  hook failed: "async-primary-relation-departed"

Machine  State    Address         Inst id        Base          AZ  Message
0        started  10.183.150.164  juju-604a35-0  ubuntu@22.04      Running
1        started  10.183.150.117  juju-604a35-1  ubuntu@22.04      Running
2        started  10.183.150.232  juju-604a35-2  ubuntu@22.04      Running
3        started  10.183.150.20   juju-604a35-3  ubuntu@22.04      Running

Offer          Application  Charm       Rev  Connected  Endpoint       Interface          Role
async-primary  postgresql   postgresql  0    1/1        async-primary  async_replication  provider
async-replica  postgresql   postgresql  0    0/0        async-replica  async_replication  requirer

[32mINFO    [0m pytest_operator.plugin:plugin.py:868 Juju error logs:

machine-1: 01:33:46 ERROR juju.worker.dependency "kvm-container-provisioner" manifold worker returned unexpected error: container types not yet available
machine-1: 01:33:46 ERROR juju.worker.dependency "broker-tracker" manifold worker returned unexpected error: no container types determined
machine-1: 01:33:46 ERROR juju.worker.dependency "lxd-container-provisioner" manifold worker returned unexpected error: container types not yet available
machine-2: 01:33:46 ERROR juju.worker.dependency "broker-tracker" manifold worker returned unexpected error: no container types determined
machine-2: 01:33:46 ERROR juju.worker.dependency "lxd-container-provisioner" manifold worker returned unexpected error: container types not yet available
machine-2: 01:33:46 ERROR juju.worker.dependency "kvm-container-provisioner" manifold worker returned unexpected error: container types not yet available
unit-postgresql-1: 01:33:47 ERROR juju.worker.meterstatus error running "meter-status-changed": charm missing from disk
unit-postgresql-2: 01:33:48 ERROR juju.worker.meterstatus error running "meter-status-changed": charm missing from disk
machine-0: 01:33:49 ERROR juju.worker.dependency "lxd-container-provisioner" manifold worker returned unexpected error: container types not yet available
machine-0: 01:33:49 ERROR juju.worker.dependency "kvm-container-provisioner" manifold worker returned unexpected error: container types not yet available
machine-0: 01:33:49 ERROR juju.worker.dependency "broker-tracker" manifold worker returned unexpected error: no container types determined
unit-postgresql-0: 01:33:52 ERROR juju.worker.meterstatus error running "meter-status-changed": charm missing from disk
machine-3: 01:34:16 ERROR juju.worker.dependency "broker-tracker" manifold worker returned unexpected error: no container types determined
machine-3: 01:34:16 ERROR juju.worker.dependency "kvm-container-provisioner" manifold worker returned unexpected error: container types not yet available
machine-3: 01:34:16 ERROR juju.worker.dependency "lxd-container-provisioner" manifold worker returned unexpected error: container types not yet available
unit-postgresql-test-app-0: 01:34:17 ERROR juju.worker.meterstatus error running "meter-status-changed": charm missing from disk
unit-postgresql-test-app-0: 02:08:43 ERROR juju.worker.dependency "uniter" manifold worker returned unexpected error: relation scope id "7b26243a-3aa5-44aa-8725-4fb015604a35:r#4#postgresql": settings 7b26243a-3aa5-44aa-8725-4fb015604a35:r#4#postgresql not found (not found)
unit-postgresql-2: 02:08:44 ERROR juju.worker.dependency "uniter" manifold worker returned unexpected error: relation scope id "7b26243a-3aa5-44aa-8725-4fb015604a35:r#4#postgresql-test-app": settings 7b26243a-3aa5-44aa-8725-4fb015604a35:r#4#postgresql-test-app not found (not found)
unit-postgresql-2: 02:20:52 ERROR unit.postgresql/2.juju-log async-primary:7: Uncaught exception while in charm code:
Traceback (most recent call last):
  File "/var/lib/juju/agents/unit-postgresql-2/charm/./src/charm.py", line 1639, in <module>
    main(PostgresqlOperatorCharm)
  File "/var/lib/juju/agents/unit-postgresql-2/charm/venv/ops/main.py", line 544, in main
    manager.run()
  File "/var/lib/juju/agents/unit-postgresql-2/charm/venv/ops/main.py", line 520, in run
    self._emit()
  File "/var/lib/juju/agents/unit-postgresql-2/charm/venv/ops/main.py", line 509, in _emit
    _emit_charm_event(self.charm, self.dispatcher.event_name)
  File "/var/lib/juju/agents/unit-postgresql-2/charm/venv/ops/main.py", line 143, in _emit_charm_event
    event_to_emit.emit(*args, **kwargs)
  File "/var/lib/juju/agents/unit-postgresql-2/charm/venv/ops/framework.py", line 352, in emit
    framework._emit(event)
  File "/var/lib/juju/agents/unit-postgresql-2/charm/venv/ops/framework.py", line 851, in _emit
    self._reemit(event_path)
  File "/var/lib/juju/agents/unit-postgresql-2/charm/venv/ops/framework.py", line 941, in _reemit
    custom_handler(event)
  File "/var/lib/juju/agents/unit-postgresql-2/charm/src/relations/async_replication.py", line 491, in _on_async_relation_departed
    self.charm._peers.data[self.charm.unit].update({"departing": "True"})
AttributeError: 'NoneType' object has no attribute 'data'
unit-postgresql-2: 02:20:53 ERROR juju.worker.uniter.operation hook "async-primary-relation-departed" (via hook dispatching script: dispatch) failed: exit status 1
unit-postgresql-2: 02:20:58 ERROR unit.postgresql/2.juju-log async-primary:7: Uncaught exception while in charm code:
Traceback (most recent call last):
  File "/var/lib/juju/agents/unit-postgresql-2/charm/./src/charm.py", line 1639, in <module>
    main(PostgresqlOperatorCharm)
  File "/var/lib/juju/agents/unit-postgresql-2/charm/venv/ops/main.py", line 544, in main
    manager.run()
  File "/var/lib/juju/agents/unit-postgresql-2/charm/venv/ops/main.py", line 520, in run
    self._emit()
  File "/var/lib/juju/agents/unit-postgresql-2/charm/venv/ops/main.py", line 509, in _emit
    _emit_charm_event(self.charm, self.dispatcher.event_name)
  File "/var/lib/juju/agents/unit-postgresql-2/charm/venv/ops/main.py", line 143, in _emit_charm_event
    event_to_emit.emit(*args, **kwargs)
  File "/var/lib/juju/agents/unit-postgresql-2/charm/venv/ops/framework.py", line 352, in emit
    framework._emit(event)
  File "/var/lib/juju/agents/unit-postgresql-2/charm/venv/ops/framework.py", line 851, in _emit
    self._reemit(event_path)
  File "/var/lib/juju/agents/unit-postgresql-2/charm/venv/ops/framework.py", line 941, in _reemit
    custom_handler(event)
  File "/var/lib/juju/agents/unit-postgresql-2/charm/src/relations/async_replication.py", line 491, in _on_async_relation_departed
    self.charm._peers.data[self.charm.unit].update({"departing": "True"})
AttributeError: 'NoneType' object has no attribute 'data'
unit-postgresql-2: 02:20:59 ERROR juju.worker.uniter.operation hook "async-primary-relation-departed" (via hook dispatching script: dispatch) failed: exit status 1

[32mINFO    [0m pytest_operator.plugin:plugin.py:947 Forgetting model main...