[32mINFO    [0m integration.ha_tests.test_async_replication:test_async_replication.py:78 Destroying second model
[32mINFO    [0m pytest_operator.plugin:plugin.py:862 Model status:

Model  Controller           Cloud/Region         Version  SLA          Timestamp
test   localhost-localhost  localhost/localhost  3.1.8    unsupported  02:19:46Z

App                  Version  Status  Scale  Charm                Channel        Rev  Exposed  Message
postgresql           14.11    error       3  postgresql                            0  no       hook failed: "async-primary-relation-departed"
postgresql-test-app           active      1  postgresql-test-app  latest/stable  119  no       received database credentials of the first database

Unit                    Workload  Agent      Machine  Public address  Ports     Message
postgresql-test-app/0*  active    idle       3        10.34.38.43               received database credentials of the first database
postgresql/0            error     idle       0        10.34.38.9      5432/tcp  hook failed: "async-primary-relation-departed"
postgresql/1            active    idle       1        10.34.38.65     5432/tcp  
postgresql/2*           active    executing  2        10.34.38.213    5432/tcp  Primary

Machine  State    Address       Inst id        Base          AZ  Message
0        started  10.34.38.9    juju-7cd7f1-0  ubuntu@22.04      Running
1        started  10.34.38.65   juju-7cd7f1-1  ubuntu@22.04      Running
2        started  10.34.38.213  juju-7cd7f1-2  ubuntu@22.04      Running
3        started  10.34.38.43   juju-7cd7f1-3  ubuntu@22.04      Running

Offer          Application  Charm       Rev  Connected  Endpoint       Interface          Role
async-primary  postgresql   postgresql  0    1/1        async-primary  async_replication  provider
async-replica  postgresql   postgresql  0    0/0        async-replica  async_replication  requirer

[32mINFO    [0m pytest_operator.plugin:plugin.py:868 Juju error logs:

machine-2: 01:31:23 ERROR juju.worker.dependency "broker-tracker" manifold worker returned unexpected error: no container types determined
machine-2: 01:31:23 ERROR juju.worker.dependency "kvm-container-provisioner" manifold worker returned unexpected error: container types not yet available
machine-2: 01:31:23 ERROR juju.worker.dependency "lxd-container-provisioner" manifold worker returned unexpected error: container types not yet available
unit-postgresql-2: 01:31:25 ERROR juju.worker.meterstatus error running "meter-status-changed": charm missing from disk
machine-0: 01:31:48 ERROR juju.worker.dependency "kvm-container-provisioner" manifold worker returned unexpected error: container types not yet available
machine-0: 01:31:48 ERROR juju.worker.dependency "broker-tracker" manifold worker returned unexpected error: no container types determined
machine-0: 01:31:48 ERROR juju.worker.dependency "lxd-container-provisioner" manifold worker returned unexpected error: container types not yet available
machine-1: 01:31:49 ERROR juju.worker.dependency "lxd-container-provisioner" manifold worker returned unexpected error: container types not yet available
machine-1: 01:31:49 ERROR juju.worker.dependency "kvm-container-provisioner" manifold worker returned unexpected error: container types not yet available
machine-1: 01:31:49 ERROR juju.worker.dependency "broker-tracker" manifold worker returned unexpected error: no container types determined
unit-postgresql-0: 01:31:50 ERROR juju.worker.meterstatus error running "meter-status-changed": charm missing from disk
unit-postgresql-1: 01:31:51 ERROR juju.worker.meterstatus error running "meter-status-changed": charm missing from disk
machine-3: 01:32:20 ERROR juju.worker.dependency "broker-tracker" manifold worker returned unexpected error: no container types determined
machine-3: 01:32:20 ERROR juju.worker.dependency "kvm-container-provisioner" manifold worker returned unexpected error: container types not yet available
machine-3: 01:32:20 ERROR juju.worker.dependency "lxd-container-provisioner" manifold worker returned unexpected error: container types not yet available
unit-postgresql-test-app-0: 01:32:23 ERROR juju.worker.meterstatus error running "meter-status-changed": charm missing from disk
unit-postgresql-2: 01:39:14 ERROR unit.postgresql/2.juju-log database-peers:0: Failed to list PostgreSQL database users: could not translate host name "None" to address: Temporary failure in name resolution

unit-postgresql-0: 02:07:20 ERROR juju.worker.dependency "uniter" manifold worker returned unexpected error: relation scope id "2eed9918-d887-4a66-8e94-6b99d87cd7f1:r#4#postgresql-test-app": settings 2eed9918-d887-4a66-8e94-6b99d87cd7f1:r#4#postgresql-test-app not found (not found)
unit-postgresql-0: 02:19:39 ERROR unit.postgresql/0.juju-log async-primary:7: Uncaught exception while in charm code:
Traceback (most recent call last):
  File "/var/lib/juju/agents/unit-postgresql-0/charm/./src/charm.py", line 1639, in <module>
    main(PostgresqlOperatorCharm)
  File "/var/lib/juju/agents/unit-postgresql-0/charm/venv/ops/main.py", line 544, in main
    manager.run()
  File "/var/lib/juju/agents/unit-postgresql-0/charm/venv/ops/main.py", line 520, in run
    self._emit()
  File "/var/lib/juju/agents/unit-postgresql-0/charm/venv/ops/main.py", line 509, in _emit
    _emit_charm_event(self.charm, self.dispatcher.event_name)
  File "/var/lib/juju/agents/unit-postgresql-0/charm/venv/ops/main.py", line 143, in _emit_charm_event
    event_to_emit.emit(*args, **kwargs)
  File "/var/lib/juju/agents/unit-postgresql-0/charm/venv/ops/framework.py", line 352, in emit
    framework._emit(event)
  File "/var/lib/juju/agents/unit-postgresql-0/charm/venv/ops/framework.py", line 851, in _emit
    self._reemit(event_path)
  File "/var/lib/juju/agents/unit-postgresql-0/charm/venv/ops/framework.py", line 941, in _reemit
    custom_handler(event)
  File "/var/lib/juju/agents/unit-postgresql-0/charm/src/relations/async_replication.py", line 491, in _on_async_relation_departed
    self.charm._peers.data[self.charm.unit].update({"departing": "True"})
AttributeError: 'NoneType' object has no attribute 'data'
unit-postgresql-0: 02:19:39 ERROR juju.worker.uniter.operation hook "async-primary-relation-departed" (via hook dispatching script: dispatch) failed: exit status 1
unit-postgresql-0: 02:19:45 ERROR unit.postgresql/0.juju-log async-primary:7: Uncaught exception while in charm code:
Traceback (most recent call last):
  File "/var/lib/juju/agents/unit-postgresql-0/charm/./src/charm.py", line 1639, in <module>
    main(PostgresqlOperatorCharm)
  File "/var/lib/juju/agents/unit-postgresql-0/charm/venv/ops/main.py", line 544, in main
    manager.run()
  File "/var/lib/juju/agents/unit-postgresql-0/charm/venv/ops/main.py", line 520, in run
    self._emit()
  File "/var/lib/juju/agents/unit-postgresql-0/charm/venv/ops/main.py", line 509, in _emit
    _emit_charm_event(self.charm, self.dispatcher.event_name)
  File "/var/lib/juju/agents/unit-postgresql-0/charm/venv/ops/main.py", line 143, in _emit_charm_event
    event_to_emit.emit(*args, **kwargs)
  File "/var/lib/juju/agents/unit-postgresql-0/charm/venv/ops/framework.py", line 352, in emit
    framework._emit(event)
  File "/var/lib/juju/agents/unit-postgresql-0/charm/venv/ops/framework.py", line 851, in _emit
    self._reemit(event_path)
  File "/var/lib/juju/agents/unit-postgresql-0/charm/venv/ops/framework.py", line 941, in _reemit
    custom_handler(event)
  File "/var/lib/juju/agents/unit-postgresql-0/charm/src/relations/async_replication.py", line 491, in _on_async_relation_departed
    self.charm._peers.data[self.charm.unit].update({"departing": "True"})
AttributeError: 'NoneType' object has no attribute 'data'
unit-postgresql-0: 02:19:45 ERROR juju.worker.uniter.operation hook "async-primary-relation-departed" (via hook dispatching script: dispatch) failed: exit status 1

[32mINFO    [0m pytest_operator.plugin:plugin.py:947 Forgetting model main...