[32mINFO    [0m pytest_operator.plugin:plugin.py:903 Model status:

Model  Controller           Cloud/Region         Version  SLA          Timestamp
test   localhost-localhost  localhost/localhost  3.4.5    unsupported  02:13:28Z

App                  Version  Status  Scale  Charm                Channel      Rev  Exposed  Message
postgresql           14.12    active      3  postgresql                          0  no       
postgresql-test-app           active      1  postgresql-test-app  latest/edge  237  no       received database credentials of the first database

Unit                    Workload  Agent  Machine  Public address  Ports     Message
postgresql-test-app/0*  active    idle   3        10.254.129.120            received database credentials of the first database
postgresql/1*           active    idle   1        10.254.129.245  5432/tcp  
postgresql/2            active    idle   2        10.254.129.243  5432/tcp  
postgresql/3            active    idle   4        10.254.129.208  5432/tcp  Primary

Machine  State    Address         Inst id        Base          AZ  Message
1        started  10.254.129.245  juju-76b8a3-1  ubuntu@22.04      Running
2        started  10.254.129.243  juju-76b8a3-2  ubuntu@22.04      Running
3        started  10.254.129.120  juju-76b8a3-3  ubuntu@22.04      Running
4        started  10.254.129.208  juju-76b8a3-4  ubuntu@22.04      Running

[32mINFO    [0m pytest_operator.plugin:plugin.py:909 Juju error logs:

machine-1: 01:36:54 ERROR juju.worker.dependency "lxd-container-provisioner" manifold worker returned unexpected error: container types not yet available
machine-1: 01:36:54 ERROR juju.worker.dependency "kvm-container-provisioner" manifold worker returned unexpected error: container types not yet available
unit-postgresql-1: 01:36:54 ERROR juju.worker.meterstatus error running "meter-status-changed": charm missing from disk
machine-0: 01:36:57 ERROR juju.worker.dependency "kvm-container-provisioner" manifold worker returned unexpected error: container types not yet available
machine-0: 01:36:57 ERROR juju.worker.dependency "lxd-container-provisioner" manifold worker returned unexpected error: container types not yet available
unit-postgresql-0: 01:36:57 ERROR juju.worker.meterstatus error running "meter-status-changed": charm missing from disk
machine-2: 01:37:00 ERROR juju.worker.dependency "lxd-container-provisioner" manifold worker returned unexpected error: container types not yet available
machine-2: 01:37:00 ERROR juju.worker.dependency "kvm-container-provisioner" manifold worker returned unexpected error: container types not yet available
unit-postgresql-2: 01:37:00 ERROR juju.worker.meterstatus error running "meter-status-changed": charm missing from disk
machine-3: 01:37:00 ERROR juju.worker.dependency "lxd-container-provisioner" manifold worker returned unexpected error: container types not yet available
machine-3: 01:37:00 ERROR juju.worker.dependency "kvm-container-provisioner" manifold worker returned unexpected error: container types not yet available
unit-postgresql-test-app-0: 01:37:01 ERROR juju.worker.meterstatus error running "meter-status-changed": charm missing from disk
machine-4: 01:47:20 ERROR juju.worker.dependency "lxd-container-provisioner" manifold worker returned unexpected error: container types not yet available
machine-4: 01:47:20 ERROR juju.worker.dependency "kvm-container-provisioner" manifold worker returned unexpected error: container types not yet available
unit-postgresql-3: 01:47:20 ERROR juju.worker.meterstatus error running "meter-status-changed": charm missing from disk
unit-postgresql-test-app-0: 02:02:13 ERROR unit.postgresql-test-app/0.juju-log database:4: Unable to read result
Traceback (most recent call last):
  File "/var/lib/juju/agents/unit-postgresql-test-app-0/charm/./src/charm.py", line 407, in _stop_continuous_writes
    with open(LAST_WRITTEN_FILE, "r") as fd:
FileNotFoundError: [Errno 2] No such file or directory: '/tmp/last_written_value'

The above exception was the direct cause of the following exception:

Traceback (most recent call last):
  File "/var/lib/juju/agents/unit-postgresql-test-app-0/charm/./src/charm.py", line 405, in _stop_continuous_writes
    for attempt in Retrying(stop=stop_after_delay(60), wait=wait_fixed(5)):
  File "/var/lib/juju/agents/unit-postgresql-test-app-0/charm/venv/tenacity/__init__.py", line 443, in __iter__
    do = self.iter(retry_state=retry_state)
  File "/var/lib/juju/agents/unit-postgresql-test-app-0/charm/venv/tenacity/__init__.py", line 376, in iter
    result = action(retry_state)
  File "/var/lib/juju/agents/unit-postgresql-test-app-0/charm/venv/tenacity/__init__.py", line 419, in exc_check
    raise retry_exc from fut.exception()
tenacity.RetryError: RetryError[<Future at 0x7f33a1afd210 state=finished raised FileNotFoundError>]

[32mINFO    [0m pytest_operator.plugin:plugin.py:991 Forgetting model main...